00:21:29.905 INFO  manager.ApplicationManager - All tests run in Chrome browser.
00:21:45.375 INFO  manager.ApplicationManager - Current Url-->>>https://ilcarro-1578153671498.web.app/search
00:21:45.401 INFO  tests.TestBase - Start test with name -->>>searchPeriodPast
00:21:45.403 INFO  manager.MyListener - WebDriver start find element -->>>By.id: city
00:21:45.422 INFO  manager.MyListener - WebDriver found element by locator -->>>By.id: city
00:21:46.001 INFO  manager.MyListener - WebDriver start find element -->>>By.cssSelector: .pac-item
00:21:46.019 INFO  manager.MyListener - WebDriver found element by locator -->>>By.cssSelector: .pac-item
00:21:46.043 INFO  manager.MyListener - WebDriver start find element -->>>By.xpath: //*[@id='dates']
00:21:46.059 INFO  manager.MyListener - WebDriver found element by locator -->>>By.xpath: //*[@id='dates']
00:21:46.633 INFO  manager.MyListener - WebDriver start find element -->>>By.xpath: //*[@class='cdk-overlay-backdrop mat-overlay-transparent-backdrop cdk-overlay-backdrop-showing']
00:21:46.649 INFO  manager.MyListener - WebDriver found element by locator -->>>By.xpath: //*[@class='cdk-overlay-backdrop mat-overlay-transparent-backdrop cdk-overlay-backdrop-showing']
00:21:46.675 INFO  manager.MyListener - WebDriver start find element -->>>By.xpath: //*[@id='dates']
00:21:46.689 INFO  manager.MyListener - WebDriver found element by locator -->>>By.xpath: //*[@id='dates']
00:21:46.921 INFO  manager.MyListener - WebDriver start find element -->>>By.cssSelector: .logo
00:21:46.938 INFO  manager.MyListener - WebDriver found element by locator -->>>By.cssSelector: .logo
00:21:48.021 INFO  manager.MyListener - The name of method with error -->>>click
00:21:48.023 INFO  manager.MyListener - We have a problem ----->>>>>org.openqa.selenium.ElementClickInterceptedException: element click intercepted: Element <a _ngcontent-xqi-c25="" href="/" class="logo">...</a> is not clickable at point (262, 34). Other element would receive the click: <div class="cdk-overlay-backdrop mat-overlay-transparent-backdrop cdk-overlay-backdrop-showing"></div>
  (Session info: chrome=103.0.5060.134)
Build info: version: '4.2.2', revision: '683ccb65d6'
System info: host: 'VIKTOR', ip: '192.168.99.192', os.name: 'Windows 11', os.arch: 'amd64', os.version: '10.0', java.version: '11.0.15.1'
Driver info: org.openqa.selenium.chrome.ChromeDriver
Command: [e0161ac6783a65b9756a06f5826ce8f9, clickElement {id=dbfdfe26-8cfc-4dc6-ae56-5279fb9e0aba}]
Capabilities {acceptInsecureCerts: false, browserName: chrome, browserVersion: 103.0.5060.134, chrome: {chromedriverVersion: 102.0.5005.61 (0e59bcc00cc4..., userDataDir: C:\Users\Viktor\AppData\Loc...}, goog:chromeOptions: {debuggerAddress: localhost:52357}, networkConnectionEnabled: false, pageLoadStrategy: normal, platformName: WINDOWS, proxy: Proxy(), se:cdp: ws://localhost:52357/devtoo..., se:cdpVersion: 103.0.5060.134, setWindowRect: true, strictFileInteractability: false, timeouts: {implicit: 0, pageLoad: 300000, script: 30000}, unhandledPromptBehavior: dismiss and notify, webauthn:extension:credBlob: true, webauthn:extension:largeBlob: true, webauthn:virtualAuthenticators: true}
Element: [[ChromeDriver: chrome on WINDOWS (e0161ac6783a65b9756a06f5826ce8f9)] -> css selector: .logo]
Session ID: e0161ac6783a65b9756a06f5826ce8f9
