23:53:33.445 INFO  manager.ApplicationManager - All tests run in Chrome browser.
23:53:48.155 INFO  manager.ApplicationManager - Current Url-->>>https://ilcarro-1578153671498.web.app/search
23:53:48.184 INFO  tests.TestBase - Start test with name -->>>searchPeriodPast
23:53:48.185 INFO  manager.MyListener - WebDriver start find element -->>>By.cssSelector: .logo
23:53:48.206 INFO  manager.MyListener - WebDriver found element by locator -->>>By.cssSelector: .logo
23:53:48.394 INFO  manager.MyListener - WebDriver start find element -->>>By.xpath: //*[@id='city']
23:53:48.412 INFO  manager.MyListener - WebDriver found element by locator -->>>By.xpath: //*[@id='city']
23:53:48.450 INFO  manager.MyListener - WebDriver start find element -->>>By.xpath: //*[@id='dates']
23:53:48.466 INFO  manager.MyListener - WebDriver found element by locator -->>>By.xpath: //*[@id='dates']
23:53:48.531 INFO  manager.MyListener - WebDriver start find element -->>>By.id: city
23:53:48.546 INFO  manager.MyListener - WebDriver found element by locator -->>>By.id: city
23:53:49.613 INFO  manager.MyListener - The name of method with error -->>>click
23:53:49.615 INFO  manager.MyListener - We have a problem ----->>>>>org.openqa.selenium.ElementClickInterceptedException: element click intercepted: Element <input _ngcontent-vsw-c72="" formcontrolname="city" id="city" placeholder="" type="text" class="ng-pristine ng-invalid pac-target-input ng-touched" autocomplete="off"> is not clickable at point (335, 266). Other element would receive the click: <div class="cdk-overlay-backdrop mat-overlay-transparent-backdrop cdk-overlay-backdrop-showing"></div>
  (Session info: chrome=103.0.5060.134)
Build info: version: '4.2.2', revision: '683ccb65d6'
System info: host: 'VIKTOR', ip: '192.168.99.192', os.name: 'Windows 11', os.arch: 'amd64', os.version: '10.0', java.version: '11.0.15.1'
Driver info: org.openqa.selenium.chrome.ChromeDriver
Command: [ee3b90b9170a23fe6ec43b2b77caa16d, clickElement {id=decd2da8-7426-4b21-a21d-51863a73f77c}]
Capabilities {acceptInsecureCerts: false, browserName: chrome, browserVersion: 103.0.5060.134, chrome: {chromedriverVersion: 102.0.5005.61 (0e59bcc00cc4..., userDataDir: C:\Users\Viktor\AppData\Loc...}, goog:chromeOptions: {debuggerAddress: localhost:50197}, networkConnectionEnabled: false, pageLoadStrategy: normal, platformName: WINDOWS, proxy: Proxy(), se:cdp: ws://localhost:50197/devtoo..., se:cdpVersion: 103.0.5060.134, setWindowRect: true, strictFileInteractability: false, timeouts: {implicit: 0, pageLoad: 300000, script: 30000}, unhandledPromptBehavior: dismiss and notify, webauthn:extension:credBlob: true, webauthn:extension:largeBlob: true, webauthn:virtualAuthenticators: true}
Element: [[ChromeDriver: chrome on WINDOWS (ee3b90b9170a23fe6ec43b2b77caa16d)] -> id: city]
Session ID: ee3b90b9170a23fe6ec43b2b77caa16d
23:53:49.618 INFO  manager.MyListener - WebDriver start find element -->>>By.cssSelector: .logo
23:53:49.632 INFO  manager.MyListener - WebDriver found element by locator -->>>By.cssSelector: .logo
23:53:50.672 INFO  manager.MyListener - The name of method with error -->>>click
23:53:50.673 INFO  manager.MyListener - We have a problem ----->>>>>org.openqa.selenium.ElementClickInterceptedException: element click intercepted: Element <a _ngcontent-vsw-c25="" href="/" class="logo">...</a> is not clickable at point (262, 34). Other element would receive the click: <div class="cdk-overlay-backdrop mat-overlay-transparent-backdrop cdk-overlay-backdrop-showing"></div>
  (Session info: chrome=103.0.5060.134)
Build info: version: '4.2.2', revision: '683ccb65d6'
System info: host: 'VIKTOR', ip: '192.168.99.192', os.name: 'Windows 11', os.arch: 'amd64', os.version: '10.0', java.version: '11.0.15.1'
Driver info: org.openqa.selenium.chrome.ChromeDriver
Command: [ee3b90b9170a23fe6ec43b2b77caa16d, clickElement {id=a36dd459-2697-44e4-b730-ad78c3a0f2da}]
Capabilities {acceptInsecureCerts: false, browserName: chrome, browserVersion: 103.0.5060.134, chrome: {chromedriverVersion: 102.0.5005.61 (0e59bcc00cc4..., userDataDir: C:\Users\Viktor\AppData\Loc...}, goog:chromeOptions: {debuggerAddress: localhost:50197}, networkConnectionEnabled: false, pageLoadStrategy: normal, platformName: WINDOWS, proxy: Proxy(), se:cdp: ws://localhost:50197/devtoo..., se:cdpVersion: 103.0.5060.134, setWindowRect: true, strictFileInteractability: false, timeouts: {implicit: 0, pageLoad: 300000, script: 30000}, unhandledPromptBehavior: dismiss and notify, webauthn:extension:credBlob: true, webauthn:extension:largeBlob: true, webauthn:virtualAuthenticators: true}
Element: [[ChromeDriver: chrome on WINDOWS (ee3b90b9170a23fe6ec43b2b77caa16d)] -> css selector: .logo]
Session ID: ee3b90b9170a23fe6ec43b2b77caa16d
