10:43:20.351 INFO  manager.ApplicationManager - All tests run in Chrome browser.
10:43:34.539 INFO  manager.ApplicationManager - Current Url-->>>https://ilcarro-1578153671498.web.app/search
10:43:34.568 INFO  tests.TestBase - Start test with name -->>>searchCurrentYear
10:43:34.570 INFO  manager.MyListener - WebDriver start find element -->>>By.id: city
10:43:34.590 INFO  manager.MyListener - WebDriver found element by locator -->>>By.id: city
10:43:35.164 INFO  manager.MyListener - WebDriver start find element -->>>By.cssSelector: .pac-item
10:43:35.181 INFO  manager.MyListener - WebDriver found element by locator -->>>By.cssSelector: .pac-item
10:43:35.205 INFO  manager.MyListener - WebDriver start find element -->>>By.id: dates
10:43:35.221 INFO  manager.MyListener - WebDriver found element by locator -->>>By.id: dates
10:43:35.281 INFO  manager.MyListener - WebDriver start find element -->>>By.xpath: //button[@aria-label='Next month']
10:43:35.298 INFO  manager.MyListener - WebDriver found element by locator -->>>By.xpath: //button[@aria-label='Next month']
10:43:35.336 INFO  manager.MyListener - WebDriver start find element -->>>By.xpath: //div[text()=' 10 ']
10:43:35.354 INFO  manager.MyListener - WebDriver found element by locator -->>>By.xpath: //div[text()=' 10 ']
10:43:35.390 INFO  manager.MyListener - WebDriver start find element -->>>By.xpath: //div[text()=' 20 ']
10:43:35.410 INFO  manager.MyListener - WebDriver found element by locator -->>>By.xpath: //div[text()=' 20 ']
10:43:35.456 INFO  manager.MyListener - WebDriver start find element -->>>By.xpath: //button[@type='submit']
10:43:35.473 INFO  manager.MyListener - WebDriver found element by locator -->>>By.xpath: //button[@type='submit']
10:43:35.502 INFO  manager.MyListener - WebDriver start find element -->>>By.xpath: //button[@type='submit']
10:43:35.516 INFO  manager.MyListener - WebDriver found element by locator -->>>By.xpath: //button[@type='submit']
10:43:36.580 INFO  manager.MyListener - WebDriver start find element -->>>By.cssSelector: .logo
10:43:36.593 INFO  manager.MyListener - WebDriver found element by locator -->>>By.cssSelector: .logo
