10:30:16.327 INFO  manager.ApplicationManager - All tests run in Chrome browser.
10:30:18.247 INFO  manager.ApplicationManager - Current Url-->>>https://ilcarro-1578153671498.web.app/search
10:30:18.273 INFO  tests.TestBase - Start test with name -->>>searchCurrentYear
10:30:18.275 INFO  manager.MyListener - WebDriver start find element -->>>By.id: city
10:30:18.292 INFO  manager.MyListener - WebDriver found element by locator -->>>By.id: city
10:30:18.863 INFO  manager.MyListener - WebDriver start find element -->>>By.cssSelector: .pac-item
10:30:18.878 INFO  manager.MyListener - WebDriver found element by locator -->>>By.cssSelector: .pac-item
10:30:18.902 INFO  manager.MyListener - WebDriver start find element -->>>By.id: dates
10:30:18.916 INFO  manager.MyListener - WebDriver found element by locator -->>>By.id: dates
10:30:18.973 INFO  manager.MyListener - WebDriver start find element -->>>By.xpath: //button[@aria-label='Next month']
10:30:18.987 INFO  manager.MyListener - WebDriver found element by locator -->>>By.xpath: //button[@aria-label='Next month']
10:30:19.021 INFO  manager.MyListener - WebDriver start find element -->>>By.xpath: //div[text()=' 10 ']
10:30:19.035 INFO  manager.MyListener - WebDriver found element by locator -->>>By.xpath: //div[text()=' 10 ']
10:30:19.070 INFO  manager.MyListener - WebDriver start find element -->>>By.xpath: //div[text()=' 20 ']
10:30:19.085 INFO  manager.MyListener - WebDriver found element by locator -->>>By.xpath: //div[text()=' 20 ']
10:30:19.124 INFO  manager.MyListener - WebDriver start find element -->>>By.xpath: //button[@type='submit']
10:30:19.139 INFO  manager.MyListener - WebDriver found element by locator -->>>By.xpath: //button[@type='submit']
10:30:19.675 INFO  manager.MyListener - WebDriver start find element -->>>By.xpath: //button[@type='submit']
10:30:19.684 INFO  manager.MyListener - WebDriver found element by locator -->>>By.xpath: //button[@type='submit']
10:30:20.205 INFO  manager.MyListener - WebDriver start find element -->>>By.xpath: //button[@type='submit']
10:30:20.216 INFO  manager.MyListener - WebDriver found element by locator -->>>By.xpath: //button[@type='submit']
10:30:20.732 INFO  manager.MyListener - WebDriver start find element -->>>By.xpath: //button[@type='submit']
10:30:20.744 INFO  manager.MyListener - WebDriver found element by locator -->>>By.xpath: //button[@type='submit']
10:30:21.267 INFO  manager.MyListener - WebDriver start find element -->>>By.xpath: //button[@type='submit']
10:30:21.277 INFO  manager.MyListener - WebDriver found element by locator -->>>By.xpath: //button[@type='submit']
10:30:21.790 INFO  manager.MyListener - WebDriver start find element -->>>By.xpath: //button[@type='submit']
10:30:21.802 INFO  manager.MyListener - WebDriver found element by locator -->>>By.xpath: //button[@type='submit']
10:30:22.322 INFO  manager.MyListener - WebDriver start find element -->>>By.xpath: //button[@type='submit']
10:30:22.334 INFO  manager.MyListener - WebDriver found element by locator -->>>By.xpath: //button[@type='submit']
10:30:22.858 INFO  manager.MyListener - WebDriver start find element -->>>By.xpath: //button[@type='submit']
10:30:22.869 INFO  manager.MyListener - WebDriver found element by locator -->>>By.xpath: //button[@type='submit']
10:30:23.389 INFO  manager.MyListener - WebDriver start find element -->>>By.xpath: //button[@type='submit']
10:30:23.400 INFO  manager.MyListener - WebDriver found element by locator -->>>By.xpath: //button[@type='submit']
10:30:23.916 INFO  manager.MyListener - WebDriver start find element -->>>By.xpath: //button[@type='submit']
10:30:23.929 INFO  manager.MyListener - WebDriver found element by locator -->>>By.xpath: //button[@type='submit']
10:30:24.444 INFO  manager.MyListener - WebDriver start find element -->>>By.xpath: //button[@type='submit']
10:30:24.455 INFO  manager.MyListener - WebDriver found element by locator -->>>By.xpath: //button[@type='submit']
10:30:24.471 INFO  manager.MyListener - WebDriver start find element -->>>By.cssSelector: .logo
10:30:24.486 INFO  manager.MyListener - WebDriver found element by locator -->>>By.cssSelector: .logo
