00:36:15.040 INFO  manager.ApplicationManager - All tests run in Chrome browser.
00:36:28.358 INFO  manager.ApplicationManager - Current Url-->>>https://ilcarro-1578153671498.web.app/search
00:36:28.386 INFO  tests.TestBase - Start test with name -->>>searchAnyPeriod
00:36:28.387 INFO  manager.MyListener - WebDriver start find element -->>>By.id: city
00:36:28.407 INFO  manager.MyListener - WebDriver found element by locator -->>>By.id: city
00:36:28.991 INFO  manager.MyListener - WebDriver start find element -->>>By.cssSelector: .pac-item
00:36:29.007 INFO  manager.MyListener - WebDriver found element by locator -->>>By.cssSelector: .pac-item
00:36:29.039 INFO  manager.MyListener - WebDriver start find element -->>>By.id: dates
00:36:29.056 INFO  manager.MyListener - WebDriver found element by locator -->>>By.id: dates
00:36:29.119 INFO  manager.MyListener - WebDriver start find element -->>>By.xpath: //button[@aria-label='Next month']
00:36:29.136 INFO  manager.MyListener - WebDriver found element by locator -->>>By.xpath: //button[@aria-label='Next month']
00:36:29.173 INFO  manager.MyListener - WebDriver start find element -->>>By.xpath: //button[@aria-label='Next month']
00:36:29.188 INFO  manager.MyListener - WebDriver found element by locator -->>>By.xpath: //button[@aria-label='Next month']
00:36:29.220 INFO  manager.MyListener - WebDriver start find element -->>>By.xpath: //button[@aria-label='Next month']
00:36:29.234 INFO  manager.MyListener - WebDriver found element by locator -->>>By.xpath: //button[@aria-label='Next month']
00:36:29.268 INFO  manager.MyListener - WebDriver start find element -->>>By.xpath: //button[@aria-label='Next month']
00:36:29.284 INFO  manager.MyListener - WebDriver found element by locator -->>>By.xpath: //button[@aria-label='Next month']
00:36:29.311 INFO  manager.MyListener - WebDriver start find element -->>>By.xpath: //button[@aria-label='Next month']
00:36:29.323 INFO  manager.MyListener - WebDriver found element by locator -->>>By.xpath: //button[@aria-label='Next month']
00:36:29.350 INFO  manager.MyListener - WebDriver start find element -->>>By.xpath: //button[@aria-label='Next month']
00:36:29.364 INFO  manager.MyListener - WebDriver found element by locator -->>>By.xpath: //button[@aria-label='Next month']
00:36:29.392 INFO  manager.MyListener - WebDriver start find element -->>>By.xpath: //button[@aria-label='Next month']
00:36:29.404 INFO  manager.MyListener - WebDriver found element by locator -->>>By.xpath: //button[@aria-label='Next month']
00:36:29.431 INFO  manager.MyListener - WebDriver start find element -->>>By.xpath: //button[@aria-label='Next month']
00:36:29.443 INFO  manager.MyListener - WebDriver found element by locator -->>>By.xpath: //button[@aria-label='Next month']
00:36:29.471 INFO  manager.MyListener - WebDriver start find element -->>>By.xpath: //button[@aria-label='Next month']
00:36:29.482 INFO  manager.MyListener - WebDriver found element by locator -->>>By.xpath: //button[@aria-label='Next month']
00:36:29.508 INFO  manager.MyListener - WebDriver start find element -->>>By.xpath: //button[@aria-label='Next month']
00:36:29.525 INFO  manager.MyListener - WebDriver found element by locator -->>>By.xpath: //button[@aria-label='Next month']
00:36:29.549 INFO  manager.MyListener - WebDriver start find element -->>>By.xpath: //button[@aria-label='Next month']
00:36:29.561 INFO  manager.MyListener - WebDriver found element by locator -->>>By.xpath: //button[@aria-label='Next month']
00:36:29.585 INFO  manager.MyListener - WebDriver start find element -->>>By.xpath: //div[text()=' 10 ']
00:36:29.599 INFO  manager.MyListener - WebDriver found element by locator -->>>By.xpath: //div[text()=' 10 ']
00:36:29.633 INFO  manager.MyListener - WebDriver start find element -->>>By.xpath: //button[@aria-label='Next month']
00:36:29.643 INFO  manager.MyListener - WebDriver found element by locator -->>>By.xpath: //button[@aria-label='Next month']
00:36:29.671 INFO  manager.MyListener - WebDriver start find element -->>>By.xpath: //div[text()=' 15 ']
00:36:29.687 INFO  manager.MyListener - WebDriver found element by locator -->>>By.xpath: //div[text()=' 15 ']
00:36:29.732 INFO  manager.MyListener - WebDriver start find element -->>>By.xpath: //button[@type='submit']
00:36:29.748 INFO  manager.MyListener - WebDriver found element by locator -->>>By.xpath: //button[@type='submit']
00:36:29.775 INFO  manager.MyListener - WebDriver start find element -->>>By.xpath: //button[@type='submit']
00:36:29.787 INFO  manager.MyListener - WebDriver found element by locator -->>>By.xpath: //button[@type='submit']
00:36:30.805 INFO  manager.MyListener - WebDriver start find element -->>>By.cssSelector: .logo
00:36:30.818 INFO  manager.MyListener - WebDriver found element by locator -->>>By.cssSelector: .logo
00:36:31.091 INFO  tests.TestBase - Start test with name -->>>searchCurrentMonth
00:36:31.091 INFO  manager.MyListener - WebDriver start find element -->>>By.id: city
00:36:31.103 INFO  manager.MyListener - WebDriver found element by locator -->>>By.id: city
00:36:31.704 INFO  manager.MyListener - WebDriver start find element -->>>By.cssSelector: .pac-item
00:36:31.772 INFO  manager.MyListener - WebDriver found element by locator -->>>By.cssSelector: .pac-item
00:36:31.795 INFO  manager.MyListener - WebDriver start find element -->>>By.id: dates
00:36:31.807 INFO  manager.MyListener - WebDriver found element by locator -->>>By.id: dates
00:36:31.859 INFO  manager.MyListener - WebDriver start find element -->>>By.xpath: //div[text()=' 28 ']
00:36:31.872 INFO  manager.MyListener - WebDriver found element by locator -->>>By.xpath: //div[text()=' 28 ']
00:36:31.905 INFO  manager.MyListener - WebDriver start find element -->>>By.xpath: //div[text()=' 27 ']
00:36:31.919 INFO  manager.MyListener - WebDriver found element by locator -->>>By.xpath: //div[text()=' 27 ']
00:36:31.953 INFO  manager.MyListener - WebDriver start find element -->>>By.xpath: //button[@type='submit']
00:36:31.964 INFO  manager.MyListener - WebDriver found element by locator -->>>By.xpath: //button[@type='submit']
00:36:31.982 INFO  manager.MyListener - WebDriver start find element -->>>By.xpath: //button[@type='submit']
00:36:31.993 INFO  manager.MyListener - WebDriver found element by locator -->>>By.xpath: //button[@type='submit']
00:36:32.890 INFO  manager.MyListener - WebDriver start find element -->>>By.cssSelector: .logo
00:36:32.900 INFO  manager.MyListener - WebDriver found element by locator -->>>By.cssSelector: .logo
00:36:33.026 INFO  tests.TestBase - Start test with name -->>>searchCurrentYear
00:36:33.026 INFO  manager.MyListener - WebDriver start find element -->>>By.id: city
00:36:33.037 INFO  manager.MyListener - WebDriver found element by locator -->>>By.id: city
00:36:33.629 INFO  manager.MyListener - WebDriver start find element -->>>By.cssSelector: .pac-item
00:36:33.640 INFO  manager.MyListener - WebDriver found element by locator -->>>By.cssSelector: .pac-item
00:36:33.662 INFO  manager.MyListener - WebDriver start find element -->>>By.id: dates
00:36:33.673 INFO  manager.MyListener - WebDriver found element by locator -->>>By.id: dates
00:36:33.717 INFO  manager.MyListener - WebDriver start find element -->>>By.xpath: //button[@aria-label='Next month']
00:36:33.728 INFO  manager.MyListener - WebDriver found element by locator -->>>By.xpath: //button[@aria-label='Next month']
00:36:33.761 INFO  manager.MyListener - WebDriver start find element -->>>By.xpath: //div[text()=' 10 ']
00:36:33.772 INFO  manager.MyListener - WebDriver found element by locator -->>>By.xpath: //div[text()=' 10 ']
00:36:33.809 INFO  manager.MyListener - WebDriver start find element -->>>By.xpath: //div[text()=' 20 ']
00:36:33.824 INFO  manager.MyListener - WebDriver found element by locator -->>>By.xpath: //div[text()=' 20 ']
00:36:33.858 INFO  manager.MyListener - WebDriver start find element -->>>By.xpath: //button[@type='submit']
00:36:33.870 INFO  manager.MyListener - WebDriver found element by locator -->>>By.xpath: //button[@type='submit']
00:36:33.887 INFO  manager.MyListener - WebDriver start find element -->>>By.xpath: //button[@type='submit']
00:36:33.896 INFO  manager.MyListener - WebDriver found element by locator -->>>By.xpath: //button[@type='submit']
00:36:34.966 INFO  manager.MyListener - WebDriver start find element -->>>By.cssSelector: .logo
00:36:34.977 INFO  manager.MyListener - WebDriver found element by locator -->>>By.cssSelector: .logo
00:36:35.090 INFO  tests.TestBase - Start test with name -->>>searchCurrentYear2
00:36:35.090 INFO  manager.MyListener - WebDriver start find element -->>>By.id: city
00:36:35.104 INFO  manager.MyListener - WebDriver found element by locator -->>>By.id: city
00:36:35.695 INFO  manager.MyListener - WebDriver start find element -->>>By.cssSelector: .pac-item
00:36:35.706 INFO  manager.MyListener - WebDriver found element by locator -->>>By.cssSelector: .pac-item
00:36:35.732 INFO  manager.MyListener - WebDriver start find element -->>>By.id: dates
00:36:35.741 INFO  manager.MyListener - WebDriver found element by locator -->>>By.id: dates
00:36:35.785 INFO  manager.MyListener - WebDriver start find element -->>>By.xpath: //button[@aria-label='Next month']
00:36:35.794 INFO  manager.MyListener - WebDriver found element by locator -->>>By.xpath: //button[@aria-label='Next month']
00:36:35.814 INFO  manager.MyListener - WebDriver start find element -->>>By.xpath: //div[text()=' 10 ']
00:36:35.824 INFO  manager.MyListener - WebDriver found element by locator -->>>By.xpath: //div[text()=' 10 ']
00:36:35.855 INFO  manager.MyListener - WebDriver start find element -->>>By.xpath: //button[@aria-label='Next month']
00:36:35.864 INFO  manager.MyListener - WebDriver found element by locator -->>>By.xpath: //button[@aria-label='Next month']
00:36:35.880 INFO  manager.MyListener - WebDriver start find element -->>>By.xpath: //button[@aria-label='Next month']
00:36:35.890 INFO  manager.MyListener - WebDriver found element by locator -->>>By.xpath: //button[@aria-label='Next month']
00:36:35.904 INFO  manager.MyListener - WebDriver start find element -->>>By.xpath: //div[text()=' 20 ']
00:36:35.914 INFO  manager.MyListener - WebDriver found element by locator -->>>By.xpath: //div[text()=' 20 ']
00:36:35.944 INFO  manager.MyListener - WebDriver start find element -->>>By.xpath: //button[@type='submit']
00:36:35.954 INFO  manager.MyListener - WebDriver found element by locator -->>>By.xpath: //button[@type='submit']
00:36:35.969 INFO  manager.MyListener - WebDriver start find element -->>>By.xpath: //button[@type='submit']
00:36:35.979 INFO  manager.MyListener - WebDriver found element by locator -->>>By.xpath: //button[@type='submit']
00:36:36.856 INFO  manager.MyListener - WebDriver start find element -->>>By.cssSelector: .logo
00:36:36.866 INFO  manager.MyListener - WebDriver found element by locator -->>>By.cssSelector: .logo
00:36:36.962 INFO  tests.TestBase - Start test with name -->>>searchCurrentYearLocalDate
00:36:36.963 INFO  manager.MyListener - WebDriver start find element -->>>By.id: city
00:36:36.977 INFO  manager.MyListener - WebDriver found element by locator -->>>By.id: city
00:36:37.563 INFO  manager.MyListener - WebDriver start find element -->>>By.cssSelector: .pac-item
00:36:37.572 INFO  manager.MyListener - WebDriver found element by locator -->>>By.cssSelector: .pac-item
00:36:37.594 INFO  manager.MyListener - WebDriver start find element -->>>By.id: dates
00:36:37.604 INFO  manager.MyListener - WebDriver found element by locator -->>>By.id: dates
00:36:37.648 INFO  manager.MyListener - WebDriver start find element -->>>By.xpath: //button[@aria-label='Next month']
00:36:37.659 INFO  manager.MyListener - WebDriver found element by locator -->>>By.xpath: //button[@aria-label='Next month']
00:36:37.678 INFO  manager.MyListener - WebDriver start find element -->>>By.xpath: //div[text()=' 10 ']
00:36:37.688 INFO  manager.MyListener - WebDriver found element by locator -->>>By.xpath: //div[text()=' 10 ']
00:36:37.717 INFO  manager.MyListener - WebDriver start find element -->>>By.xpath: //button[@aria-label='Next month']
00:36:37.726 INFO  manager.MyListener - WebDriver found element by locator -->>>By.xpath: //button[@aria-label='Next month']
00:36:37.742 INFO  manager.MyListener - WebDriver start find element -->>>By.xpath: //button[@aria-label='Next month']
00:36:37.753 INFO  manager.MyListener - WebDriver found element by locator -->>>By.xpath: //button[@aria-label='Next month']
00:36:37.767 INFO  manager.MyListener - WebDriver start find element -->>>By.xpath: //div[text()=' 20 ']
00:36:37.778 INFO  manager.MyListener - WebDriver found element by locator -->>>By.xpath: //div[text()=' 20 ']
00:36:37.807 INFO  manager.MyListener - WebDriver start find element -->>>By.xpath: //button[@type='submit']
00:36:37.817 INFO  manager.MyListener - WebDriver found element by locator -->>>By.xpath: //button[@type='submit']
00:36:37.832 INFO  manager.MyListener - WebDriver start find element -->>>By.xpath: //button[@type='submit']
00:36:37.841 INFO  manager.MyListener - WebDriver found element by locator -->>>By.xpath: //button[@type='submit']
00:36:38.913 INFO  manager.MyListener - WebDriver start find element -->>>By.cssSelector: .logo
00:36:38.922 INFO  manager.MyListener - WebDriver found element by locator -->>>By.cssSelector: .logo
00:36:39.041 INFO  tests.TestBase - Start test with name -->>>searchNextMonth
00:36:39.041 INFO  manager.MyListener - WebDriver start find element -->>>By.id: dates
00:36:39.055 INFO  manager.MyListener - WebDriver found element by locator -->>>By.id: dates
00:36:39.111 INFO  manager.MyListener - WebDriver start find element -->>>By.xpath: //button[@aria-label='Next month']
00:36:39.132 INFO  manager.MyListener - WebDriver found element by locator -->>>By.xpath: //button[@aria-label='Next month']
00:36:39.155 INFO  manager.MyListener - WebDriver start find element -->>>By.xpath: //div[text()=' 28 ']
00:36:39.169 INFO  manager.MyListener - WebDriver found element by locator -->>>By.xpath: //div[text()=' 28 ']
00:36:39.192 INFO  manager.MyListener - WebDriver start find element -->>>By.xpath: //div[text()=' 27 ']
00:36:39.207 INFO  manager.MyListener - WebDriver found element by locator -->>>By.xpath: //div[text()=' 27 ']
00:36:39.231 INFO  manager.MyListener - WebDriver start find element -->>>By.xpath: //button[@type='submit']
00:36:39.243 INFO  manager.MyListener - WebDriver found element by locator -->>>By.xpath: //button[@type='submit']
00:36:39.259 INFO  manager.MyListener - WebDriver start find element -->>>By.xpath: //button[@type='submit']
00:36:39.269 INFO  manager.MyListener - WebDriver found element by locator -->>>By.xpath: //button[@type='submit']
00:36:40.352 INFO  manager.MyListener - The name of method with error -->>>click
00:36:40.354 INFO  manager.MyListener - We have a problem ----->>>>>org.openqa.selenium.ElementClickInterceptedException: element click intercepted: Element <button _ngcontent-flk-c72="" type="submit">...</button> is not clickable at point (244, 397). Other element would receive the click: <button mat-button="" type="button" cdkarialive="polite" class="mat-focus-indicator mat-calendar-period-button mat-button mat-button-base" aria-label="Choose month and year">...</button>
  (Session info: chrome=103.0.5060.134)
Build info: version: '4.2.2', revision: '683ccb65d6'
System info: host: 'VIKTOR', ip: '192.168.99.192', os.name: 'Windows 11', os.arch: 'amd64', os.version: '10.0', java.version: '11.0.15.1'
Driver info: org.openqa.selenium.chrome.ChromeDriver
Command: [e6875883dff1423358cea4abda946809, clickElement {id=95500d8e-11c2-4e84-a6c0-23e97ccee2f8}]
Capabilities {acceptInsecureCerts: false, browserName: chrome, browserVersion: 103.0.5060.134, chrome: {chromedriverVersion: 102.0.5005.61 (0e59bcc00cc4..., userDataDir: C:\Users\Viktor\AppData\Loc...}, goog:chromeOptions: {debuggerAddress: localhost:53513}, networkConnectionEnabled: false, pageLoadStrategy: normal, platformName: WINDOWS, proxy: Proxy(), se:cdp: ws://localhost:53513/devtoo..., se:cdpVersion: 103.0.5060.134, setWindowRect: true, strictFileInteractability: false, timeouts: {implicit: 0, pageLoad: 300000, script: 30000}, unhandledPromptBehavior: dismiss and notify, webauthn:extension:credBlob: true, webauthn:extension:largeBlob: true, webauthn:virtualAuthenticators: true}
Element: [[ChromeDriver: chrome on WINDOWS (e6875883dff1423358cea4abda946809)] -> xpath: //button[@type='submit']]
Session ID: e6875883dff1423358cea4abda946809
00:36:40.355 INFO  manager.MyListener - WebDriver start find element -->>>By.cssSelector: .logo
00:36:40.365 INFO  manager.MyListener - WebDriver found element by locator -->>>By.cssSelector: .logo
00:36:41.437 INFO  manager.MyListener - The name of method with error -->>>click
00:36:41.438 INFO  manager.MyListener - We have a problem ----->>>>>org.openqa.selenium.ElementClickInterceptedException: element click intercepted: Element <a _ngcontent-flk-c25="" href="/" class="logo">...</a> is not clickable at point (262, 34). Other element would receive the click: <div class="cdk-overlay-backdrop mat-overlay-transparent-backdrop cdk-overlay-backdrop-showing"></div>
  (Session info: chrome=103.0.5060.134)
Build info: version: '4.2.2', revision: '683ccb65d6'
System info: host: 'VIKTOR', ip: '192.168.99.192', os.name: 'Windows 11', os.arch: 'amd64', os.version: '10.0', java.version: '11.0.15.1'
Driver info: org.openqa.selenium.chrome.ChromeDriver
Command: [e6875883dff1423358cea4abda946809, clickElement {id=ec5b41ac-08de-4c5e-9d9a-76f73c7db6a7}]
Capabilities {acceptInsecureCerts: false, browserName: chrome, browserVersion: 103.0.5060.134, chrome: {chromedriverVersion: 102.0.5005.61 (0e59bcc00cc4..., userDataDir: C:\Users\Viktor\AppData\Loc...}, goog:chromeOptions: {debuggerAddress: localhost:53513}, networkConnectionEnabled: false, pageLoadStrategy: normal, platformName: WINDOWS, proxy: Proxy(), se:cdp: ws://localhost:53513/devtoo..., se:cdpVersion: 103.0.5060.134, setWindowRect: true, strictFileInteractability: false, timeouts: {implicit: 0, pageLoad: 300000, script: 30000}, unhandledPromptBehavior: dismiss and notify, webauthn:extension:credBlob: true, webauthn:extension:largeBlob: true, webauthn:virtualAuthenticators: true}
Element: [[ChromeDriver: chrome on WINDOWS (e6875883dff1423358cea4abda946809)] -> css selector: .logo]
Session ID: e6875883dff1423358cea4abda946809
