23:25:29.180 INFO  manager.ApplicationManager - All tests run in Chrome browser.
23:25:32.561 INFO  manager.ApplicationManager - Current Url-->>>https://ilcarro-1578153671498.web.app/search
23:25:32.589 INFO  tests.TestBase - Start test with name -->>>addNewCarSuccess2
23:25:42.621 INFO  manager.MyListener - WebDriver start find element -->>>By.xpath: //*[@href='/login?url=%2Fsearch']
23:25:42.640 INFO  manager.MyListener - WebDriver found element by locator -->>>By.xpath: //*[@href='/login?url=%2Fsearch']
23:25:42.677 INFO  manager.MyListener - WebDriver start find element -->>>By.id: email
23:25:42.696 INFO  manager.MyListener - WebDriver found element by locator -->>>By.id: email
23:25:42.775 INFO  manager.MyListener - WebDriver start find element -->>>By.id: password
23:25:42.792 INFO  manager.MyListener - WebDriver found element by locator -->>>By.id: password
23:25:42.862 INFO  manager.MyListener - WebDriver start find element -->>>By.xpath: //button[@type='submit']
23:25:42.880 INFO  manager.MyListener - WebDriver found element by locator -->>>By.xpath: //button[@type='submit']
23:25:42.907 INFO  manager.MyListener - WebDriver start find element -->>>By.xpath: //button[@type='submit']
23:25:42.922 INFO  manager.MyListener - WebDriver found element by locator -->>>By.xpath: //button[@type='submit']
23:25:43.831 INFO  manager.MyListener - WebDriver start find element -->>>By.xpath: //button[text()='Ok']
23:25:43.847 INFO  manager.MyListener - WebDriver found element by locator -->>>By.xpath: //button[text()='Ok']
23:25:44.900 INFO  manager.MyListener - WebDriver start find element -->>>By.id: 1
23:25:44.915 INFO  manager.MyListener - WebDriver found element by locator -->>>By.id: 1
23:25:44.965 INFO  manager.MyListener - WebDriver start find element -->>>By.id: pickUpPlace
23:25:44.980 INFO  manager.MyListener - WebDriver found element by locator -->>>By.id: pickUpPlace
23:25:45.056 INFO  manager.MyListener - WebDriver start find element -->>>By.cssSelector: div.pac-item
23:25:45.501 INFO  manager.MyListener - WebDriver found element by locator -->>>By.cssSelector: div.pac-item
23:25:46.037 INFO  manager.MyListener - WebDriver start find element -->>>By.id: make
23:25:46.050 INFO  manager.MyListener - WebDriver found element by locator -->>>By.id: make
23:25:46.114 INFO  manager.MyListener - WebDriver start find element -->>>By.id: model
23:25:46.127 INFO  manager.MyListener - WebDriver found element by locator -->>>By.id: model
23:25:46.192 INFO  manager.MyListener - WebDriver start find element -->>>By.id: year
23:25:46.207 INFO  manager.MyListener - WebDriver found element by locator -->>>By.id: year
23:25:46.282 INFO  manager.MyListener - WebDriver start find element -->>>By.id: engine
23:25:46.295 INFO  manager.MyListener - WebDriver found element by locator -->>>By.id: engine
23:25:46.366 INFO  manager.MyListener - WebDriver start find element -->>>By.id: fuel
23:25:46.380 INFO  manager.MyListener - WebDriver found element by locator -->>>By.id: fuel
23:25:46.430 INFO  manager.MyListener - WebDriver start find element -->>>By.id: gear
23:25:46.443 INFO  manager.MyListener - WebDriver found element by locator -->>>By.id: gear
23:25:46.485 INFO  manager.MyListener - WebDriver start find element -->>>By.id: wheelsDrive
23:25:46.498 INFO  manager.MyListener - WebDriver found element by locator -->>>By.id: wheelsDrive
23:25:46.543 INFO  manager.MyListener - WebDriver start find element -->>>By.id: doors
23:25:46.561 INFO  manager.MyListener - WebDriver found element by locator -->>>By.id: doors
23:25:46.640 INFO  manager.MyListener - WebDriver start find element -->>>By.id: seats
23:25:46.655 INFO  manager.MyListener - WebDriver found element by locator -->>>By.id: seats
23:25:46.732 INFO  manager.MyListener - WebDriver start find element -->>>By.id: class
23:25:46.747 INFO  manager.MyListener - WebDriver found element by locator -->>>By.id: class
23:25:46.816 INFO  manager.MyListener - WebDriver start find element -->>>By.id: fuelConsumption
23:25:46.829 INFO  manager.MyListener - WebDriver found element by locator -->>>By.id: fuelConsumption
23:25:46.908 INFO  manager.MyListener - WebDriver start find element -->>>By.id: serialNumber
23:25:46.925 INFO  manager.MyListener - WebDriver found element by locator -->>>By.id: serialNumber
23:25:47.006 INFO  manager.MyListener - WebDriver start find element -->>>By.id: price
23:25:47.021 INFO  manager.MyListener - WebDriver found element by locator -->>>By.id: price
23:25:47.105 INFO  manager.MyListener - WebDriver start find element -->>>By.id: distance
23:25:47.120 INFO  manager.MyListener - WebDriver found element by locator -->>>By.id: distance
23:25:47.206 INFO  manager.MyListener - WebDriver start find element -->>>By.cssSelector: input[placeholder='Type feature']
23:25:47.222 INFO  manager.MyListener - WebDriver found element by locator -->>>By.cssSelector: input[placeholder='Type feature']
23:25:47.297 INFO  manager.MyListener - WebDriver start find element -->>>By.id: about
23:25:47.311 INFO  manager.MyListener - WebDriver found element by locator -->>>By.id: about
23:25:47.380 INFO  manager.MyListener - WebDriver start find element -->>>By.id: photos
23:25:47.394 INFO  manager.MyListener - WebDriver found element by locator -->>>By.id: photos
23:25:47.427 INFO  manager.MyListener - WebDriver start find element -->>>By.xpath: //button[@type='submit']
23:25:47.440 INFO  manager.MyListener - WebDriver found element by locator -->>>By.xpath: //button[@type='submit']
23:25:47.971 INFO  manager.MyListener - WebDriver start find element -->>>By.xpath: //button[@type='submit']
23:25:47.981 INFO  manager.MyListener - WebDriver found element by locator -->>>By.xpath: //button[@type='submit']
23:25:48.493 INFO  manager.MyListener - WebDriver start find element -->>>By.xpath: //button[@type='submit']
23:25:48.502 INFO  manager.MyListener - WebDriver found element by locator -->>>By.xpath: //button[@type='submit']
23:25:49.018 INFO  manager.MyListener - WebDriver start find element -->>>By.xpath: //button[@type='submit']
23:25:49.029 INFO  manager.MyListener - WebDriver found element by locator -->>>By.xpath: //button[@type='submit']
23:25:49.041 INFO  manager.MyListener - WebDriver start find element -->>>By.xpath: //button[@type='submit']
23:25:49.051 INFO  manager.MyListener - WebDriver found element by locator -->>>By.xpath: //button[@type='submit']
23:25:51.085 INFO  manager.MyListener - WebDriver start find element -->>>By.cssSelector: div.dialog-container
23:25:51.098 INFO  manager.MyListener - WebDriver found element by locator -->>>By.cssSelector: div.dialog-container
23:25:51.108 INFO  manager.MyListener - WebDriver start find element -->>>By.cssSelector: div.dialog-container h1
23:25:51.119 INFO  manager.MyListener - WebDriver found element by locator -->>>By.cssSelector: div.dialog-container h1
23:25:51.136 INFO  manager.MyListener - WebDriver start find element -->>>By.xpath: //button[text()='Search cars']
23:26:01.178 INFO  manager.MyListener - The name of method with error -->>>findElement
23:26:01.180 INFO  manager.MyListener - We have a problem ----->>>>>org.openqa.selenium.NoSuchElementException: no such element: Unable to locate element: {"method":"xpath","selector":"//button[text()='Search cars']"}
  (Session info: chrome=103.0.5060.134)
For documentation on this error, please visit: https://selenium.dev/exceptions/#no_such_element
Build info: version: '4.2.2', revision: '683ccb65d6'
System info: host: 'VIKTOR', ip: '192.168.52.192', os.name: 'Windows 11', os.arch: 'amd64', os.version: '10.0', java.version: '11.0.15.1'
Driver info: org.openqa.selenium.chrome.ChromeDriver
Command: [fd22e607bfa4ee625b41a9fd9b26061b, findElement {using=xpath, value=//button[text()='Search cars']}]
Capabilities {acceptInsecureCerts: false, browserName: chrome, browserVersion: 103.0.5060.134, chrome: {chromedriverVersion: 102.0.5005.61 (0e59bcc00cc4..., userDataDir: C:\Users\Viktor\AppData\Loc...}, goog:chromeOptions: {debuggerAddress: localhost:60559}, networkConnectionEnabled: false, pageLoadStrategy: normal, platformName: WINDOWS, proxy: Proxy(), se:cdp: ws://localhost:60559/devtoo..., se:cdpVersion: 103.0.5060.134, setWindowRect: true, strictFileInteractability: false, timeouts: {implicit: 0, pageLoad: 300000, script: 30000}, unhandledPromptBehavior: dismiss and notify, webauthn:extension:credBlob: true, webauthn:extension:largeBlob: true, webauthn:virtualAuthenticators: true}
Session ID: fd22e607bfa4ee625b41a9fd9b26061b
23:26:11.195 INFO  manager.MyListener - WebDriver start find element -->>>By.xpath: //*[@href='/login?url=%2Fsearch']
23:26:21.248 INFO  manager.MyListener - The name of method with error -->>>findElement
23:26:21.249 INFO  manager.MyListener - We have a problem ----->>>>>org.openqa.selenium.NoSuchElementException: no such element: Unable to locate element: {"method":"xpath","selector":"//*[@href='/login?url=%2Fsearch']"}
  (Session info: chrome=103.0.5060.134)
For documentation on this error, please visit: https://selenium.dev/exceptions/#no_such_element
Build info: version: '4.2.2', revision: '683ccb65d6'
System info: host: 'VIKTOR', ip: '192.168.52.192', os.name: 'Windows 11', os.arch: 'amd64', os.version: '10.0', java.version: '11.0.15.1'
Driver info: org.openqa.selenium.chrome.ChromeDriver
Command: [fd22e607bfa4ee625b41a9fd9b26061b, findElement {using=xpath, value=//*[@href='/login?url=%2Fsearch']}]
Capabilities {acceptInsecureCerts: false, browserName: chrome, browserVersion: 103.0.5060.134, chrome: {chromedriverVersion: 102.0.5005.61 (0e59bcc00cc4..., userDataDir: C:\Users\Viktor\AppData\Loc...}, goog:chromeOptions: {debuggerAddress: localhost:60559}, networkConnectionEnabled: false, pageLoadStrategy: normal, platformName: WINDOWS, proxy: Proxy(), se:cdp: ws://localhost:60559/devtoo..., se:cdpVersion: 103.0.5060.134, setWindowRect: true, strictFileInteractability: false, timeouts: {implicit: 0, pageLoad: 300000, script: 30000}, unhandledPromptBehavior: dismiss and notify, webauthn:extension:credBlob: true, webauthn:extension:largeBlob: true, webauthn:virtualAuthenticators: true}
Session ID: fd22e607bfa4ee625b41a9fd9b26061b
23:26:21.251 INFO  manager.MyListener - WebDriver start find element -->>>By.xpath: //button[text()='Search cars']
23:26:31.303 INFO  manager.MyListener - The name of method with error -->>>findElement
23:26:31.303 INFO  manager.MyListener - We have a problem ----->>>>>org.openqa.selenium.NoSuchElementException: no such element: Unable to locate element: {"method":"xpath","selector":"//button[text()='Search cars']"}
  (Session info: chrome=103.0.5060.134)
For documentation on this error, please visit: https://selenium.dev/exceptions/#no_such_element
Build info: version: '4.2.2', revision: '683ccb65d6'
System info: host: 'VIKTOR', ip: '192.168.52.192', os.name: 'Windows 11', os.arch: 'amd64', os.version: '10.0', java.version: '11.0.15.1'
Driver info: org.openqa.selenium.chrome.ChromeDriver
Command: [fd22e607bfa4ee625b41a9fd9b26061b, findElement {using=xpath, value=//button[text()='Search cars']}]
Capabilities {acceptInsecureCerts: false, browserName: chrome, browserVersion: 103.0.5060.134, chrome: {chromedriverVersion: 102.0.5005.61 (0e59bcc00cc4..., userDataDir: C:\Users\Viktor\AppData\Loc...}, goog:chromeOptions: {debuggerAddress: localhost:60559}, networkConnectionEnabled: false, pageLoadStrategy: normal, platformName: WINDOWS, proxy: Proxy(), se:cdp: ws://localhost:60559/devtoo..., se:cdpVersion: 103.0.5060.134, setWindowRect: true, strictFileInteractability: false, timeouts: {implicit: 0, pageLoad: 300000, script: 30000}, unhandledPromptBehavior: dismiss and notify, webauthn:extension:credBlob: true, webauthn:extension:largeBlob: true, webauthn:virtualAuthenticators: true}
Session ID: fd22e607bfa4ee625b41a9fd9b26061b
