22:59:03.602 INFO  manager.ApplicationManager - All tests run in Chrome browser.
22:59:18.299 INFO  manager.ApplicationManager - Current Url-->>>https://ilcarro-1578153671498.web.app/search
22:59:18.324 INFO  tests.TestBase - Start test with name -->>>addNewCarSuccess
22:59:28.355 INFO  manager.MyListener - WebDriver start find element -->>>By.xpath: //*[@href='/login?url=%2Fsearch']
22:59:28.373 INFO  manager.MyListener - WebDriver found element by locator -->>>By.xpath: //*[@href='/login?url=%2Fsearch']
22:59:28.410 INFO  manager.MyListener - WebDriver start find element -->>>By.id: email
22:59:28.428 INFO  manager.MyListener - WebDriver found element by locator -->>>By.id: email
22:59:28.508 INFO  manager.MyListener - WebDriver start find element -->>>By.id: password
22:59:28.525 INFO  manager.MyListener - WebDriver found element by locator -->>>By.id: password
22:59:28.600 INFO  manager.MyListener - WebDriver start find element -->>>By.xpath: //button[@type='submit']
22:59:28.622 INFO  manager.MyListener - WebDriver found element by locator -->>>By.xpath: //button[@type='submit']
22:59:28.652 INFO  manager.MyListener - WebDriver start find element -->>>By.xpath: //button[@type='submit']
22:59:28.666 INFO  manager.MyListener - WebDriver found element by locator -->>>By.xpath: //button[@type='submit']
22:59:29.477 INFO  manager.MyListener - WebDriver start find element -->>>By.xpath: //button[text()='Ok']
22:59:29.492 INFO  manager.MyListener - WebDriver found element by locator -->>>By.xpath: //button[text()='Ok']
22:59:29.515 INFO  manager.MyListener - WebDriver start find element -->>>By.xpath: //button[text()='Search cars']
22:59:39.578 INFO  manager.MyListener - The name of method with error -->>>findElement
22:59:39.580 INFO  manager.MyListener - We have a problem ----->>>>>org.openqa.selenium.NoSuchElementException: no such element: Unable to locate element: {"method":"xpath","selector":"//button[text()='Search cars']"}
  (Session info: chrome=103.0.5060.134)
For documentation on this error, please visit: https://selenium.dev/exceptions/#no_such_element
Build info: version: '4.2.2', revision: '683ccb65d6'
System info: host: 'VIKTOR', ip: '192.168.52.192', os.name: 'Windows 11', os.arch: 'amd64', os.version: '10.0', java.version: '11.0.15.1'
Driver info: org.openqa.selenium.chrome.ChromeDriver
Command: [2e85b3b9586e58e0fc235dfd818eec35, findElement {using=xpath, value=//button[text()='Search cars']}]
Capabilities {acceptInsecureCerts: false, browserName: chrome, browserVersion: 103.0.5060.134, chrome: {chromedriverVersion: 102.0.5005.61 (0e59bcc00cc4..., userDataDir: C:\Users\Viktor\AppData\Loc...}, goog:chromeOptions: {debuggerAddress: localhost:59580}, networkConnectionEnabled: false, pageLoadStrategy: normal, platformName: WINDOWS, proxy: Proxy(), se:cdp: ws://localhost:59580/devtoo..., se:cdpVersion: 103.0.5060.134, setWindowRect: true, strictFileInteractability: false, timeouts: {implicit: 0, pageLoad: 300000, script: 30000}, unhandledPromptBehavior: dismiss and notify, webauthn:extension:credBlob: true, webauthn:extension:largeBlob: true, webauthn:virtualAuthenticators: true}
Session ID: 2e85b3b9586e58e0fc235dfd818eec35
