00:01:47.919 INFO  manager.ApplicationManager - All tests run in Chrome browser.
00:02:01.133 INFO  manager.ApplicationManager - Current Url-->>>https://ilcarro-1578153671498.web.app/search
00:02:01.163 INFO  tests.TestBase - Start test with name -->>>searchPeriodPast
00:02:01.164 INFO  manager.MyListener - WebDriver start find element -->>>By.id: city
00:02:01.184 INFO  manager.MyListener - WebDriver found element by locator -->>>By.id: city
00:02:01.775 INFO  manager.MyListener - WebDriver start find element -->>>By.cssSelector: .pac-item
00:02:01.792 INFO  manager.MyListener - WebDriver found element by locator -->>>By.cssSelector: .pac-item
00:02:01.815 INFO  manager.MyListener - WebDriver start find element -->>>By.xpath: //*[@id='dates']
00:02:01.831 INFO  manager.MyListener - WebDriver found element by locator -->>>By.xpath: //*[@id='dates']
00:02:02.393 INFO  manager.MyListener - WebDriver start find element -->>>By.xpath: //*[@class='cdk-overlay-backdrop mat-overlay-transparent-backdrop cdk-overlay-backdrop-showing']
00:02:02.409 INFO  manager.MyListener - WebDriver found element by locator -->>>By.xpath: //*[@class='cdk-overlay-backdrop mat-overlay-transparent-backdrop cdk-overlay-backdrop-showing']
00:02:02.437 INFO  manager.MyListener - WebDriver start find element -->>>By.xpath: //*[@id='dates']
00:02:02.452 INFO  manager.MyListener - WebDriver found element by locator -->>>By.xpath: //*[@id='dates']
00:02:02.489 INFO  manager.MyListener - WebDriver start find element -->>>By.xpath: //*[@id='dates']
00:02:02.504 INFO  manager.MyListener - WebDriver found element by locator -->>>By.xpath: //*[@id='dates']
00:02:03.579 INFO  manager.MyListener - The name of method with error -->>>click
00:02:03.581 INFO  manager.MyListener - We have a problem ----->>>>>org.openqa.selenium.ElementClickInterceptedException: element click intercepted: Element <input _ngcontent-kck-c72="" formcontrolname="dates" id="dates" class="ng-pristine ng-invalid ng-touched" aria-haspopup="dialog" min="2022-07-23" max="2023-07-23" aria-owns="sat-datepicker-0"> is not clickable at point (335, 343). Other element would receive the click: <div class="cdk-overlay-backdrop mat-overlay-transparent-backdrop cdk-overlay-backdrop-showing"></div>
  (Session info: chrome=103.0.5060.134)
Build info: version: '4.2.2', revision: '683ccb65d6'
System info: host: 'VIKTOR', ip: '192.168.99.192', os.name: 'Windows 11', os.arch: 'amd64', os.version: '10.0', java.version: '11.0.15.1'
Driver info: org.openqa.selenium.chrome.ChromeDriver
Command: [138ce26d011b69e5c9bde87452045bde, clickElement {id=95ea3191-4e0f-4098-ac08-edfbbd24ade6}]
Capabilities {acceptInsecureCerts: false, browserName: chrome, browserVersion: 103.0.5060.134, chrome: {chromedriverVersion: 102.0.5005.61 (0e59bcc00cc4..., userDataDir: C:\Users\Viktor\AppData\Loc...}, goog:chromeOptions: {debuggerAddress: localhost:50925}, networkConnectionEnabled: false, pageLoadStrategy: normal, platformName: WINDOWS, proxy: Proxy(), se:cdp: ws://localhost:50925/devtoo..., se:cdpVersion: 103.0.5060.134, setWindowRect: true, strictFileInteractability: false, timeouts: {implicit: 0, pageLoad: 300000, script: 30000}, unhandledPromptBehavior: dismiss and notify, webauthn:extension:credBlob: true, webauthn:extension:largeBlob: true, webauthn:virtualAuthenticators: true}
Element: [[ChromeDriver: chrome on WINDOWS (138ce26d011b69e5c9bde87452045bde)] -> xpath: //*[@id='dates']]
Session ID: 138ce26d011b69e5c9bde87452045bde
00:02:03.583 INFO  manager.MyListener - WebDriver start find element -->>>By.cssSelector: .logo
00:02:03.600 INFO  manager.MyListener - WebDriver found element by locator -->>>By.cssSelector: .logo
00:02:04.625 INFO  manager.MyListener - The name of method with error -->>>click
00:02:04.626 INFO  manager.MyListener - We have a problem ----->>>>>org.openqa.selenium.ElementClickInterceptedException: element click intercepted: Element <a _ngcontent-kck-c25="" href="/" class="logo">...</a> is not clickable at point (262, 34). Other element would receive the click: <div class="cdk-overlay-backdrop mat-overlay-transparent-backdrop cdk-overlay-backdrop-showing"></div>
  (Session info: chrome=103.0.5060.134)
Build info: version: '4.2.2', revision: '683ccb65d6'
System info: host: 'VIKTOR', ip: '192.168.99.192', os.name: 'Windows 11', os.arch: 'amd64', os.version: '10.0', java.version: '11.0.15.1'
Driver info: org.openqa.selenium.chrome.ChromeDriver
Command: [138ce26d011b69e5c9bde87452045bde, clickElement {id=c8426892-1288-40b4-83df-ac2a95a7ead4}]
Capabilities {acceptInsecureCerts: false, browserName: chrome, browserVersion: 103.0.5060.134, chrome: {chromedriverVersion: 102.0.5005.61 (0e59bcc00cc4..., userDataDir: C:\Users\Viktor\AppData\Loc...}, goog:chromeOptions: {debuggerAddress: localhost:50925}, networkConnectionEnabled: false, pageLoadStrategy: normal, platformName: WINDOWS, proxy: Proxy(), se:cdp: ws://localhost:50925/devtoo..., se:cdpVersion: 103.0.5060.134, setWindowRect: true, strictFileInteractability: false, timeouts: {implicit: 0, pageLoad: 300000, script: 30000}, unhandledPromptBehavior: dismiss and notify, webauthn:extension:credBlob: true, webauthn:extension:largeBlob: true, webauthn:virtualAuthenticators: true}
Element: [[ChromeDriver: chrome on WINDOWS (138ce26d011b69e5c9bde87452045bde)] -> css selector: .logo]
Session ID: 138ce26d011b69e5c9bde87452045bde
