22:00:28.715 INFO  manager.ApplicationManager - All tests run in Chrome browser.
22:00:32.419 INFO  manager.ApplicationManager - Current Url-->>>https://ilcarro-1578153671498.web.app/search
22:00:32.444 INFO  tests.TestBase - Start test with name -->>>addNewCarSuccess
22:00:42.508 INFO  manager.MyListener - WebDriver start find element -->>>By.xpath: //*[@href='/login?url=%2Fsearch']
22:00:42.527 INFO  manager.MyListener - WebDriver found element by locator -->>>By.xpath: //*[@href='/login?url=%2Fsearch']
22:00:42.562 INFO  manager.MyListener - WebDriver start find element -->>>By.id: email
22:00:42.580 INFO  manager.MyListener - WebDriver found element by locator -->>>By.id: email
22:00:42.654 INFO  manager.MyListener - WebDriver start find element -->>>By.id: password
22:00:42.672 INFO  manager.MyListener - WebDriver found element by locator -->>>By.id: password
22:00:42.746 INFO  manager.MyListener - WebDriver start find element -->>>By.xpath: //button[@type='submit']
22:00:42.764 INFO  manager.MyListener - WebDriver found element by locator -->>>By.xpath: //button[@type='submit']
22:00:42.792 INFO  manager.MyListener - WebDriver start find element -->>>By.xpath: //button[@type='submit']
22:00:42.806 INFO  manager.MyListener - WebDriver found element by locator -->>>By.xpath: //button[@type='submit']
22:00:43.532 INFO  manager.MyListener - WebDriver start find element -->>>By.xpath: //button[text()='Ok']
22:00:43.547 INFO  manager.MyListener - WebDriver found element by locator -->>>By.xpath: //button[text()='Ok']
22:00:44.586 INFO  manager.MyListener - WebDriver start find element -->>>By.id: 1
22:00:44.603 INFO  manager.MyListener - WebDriver found element by locator -->>>By.id: 1
22:00:44.648 INFO  manager.MyListener - WebDriver start find element -->>>By.id: pickUpPlace
22:00:44.664 INFO  manager.MyListener - WebDriver found element by locator -->>>By.id: pickUpPlace
22:00:44.747 INFO  manager.MyListener - WebDriver start find element -->>>By.cssSelector: div.pac-item
22:00:45.322 INFO  manager.MyListener - WebDriver found element by locator -->>>By.cssSelector: div.pac-item
22:00:45.854 INFO  manager.MyListener - WebDriver start find element -->>>By.id: make
22:00:45.867 INFO  manager.MyListener - WebDriver found element by locator -->>>By.id: make
22:00:45.928 INFO  manager.MyListener - WebDriver start find element -->>>By.id: model
22:00:45.942 INFO  manager.MyListener - WebDriver found element by locator -->>>By.id: model
22:00:46.004 INFO  manager.MyListener - WebDriver start find element -->>>By.id: year
22:00:46.019 INFO  manager.MyListener - WebDriver found element by locator -->>>By.id: year
22:00:46.090 INFO  manager.MyListener - WebDriver start find element -->>>By.id: engine
22:00:46.104 INFO  manager.MyListener - WebDriver found element by locator -->>>By.id: engine
22:00:46.170 INFO  manager.MyListener - WebDriver start find element -->>>By.id: fuel
22:00:46.185 INFO  manager.MyListener - WebDriver found element by locator -->>>By.id: fuel
22:00:46.231 INFO  manager.MyListener - WebDriver start find element -->>>By.id: gear
22:00:46.244 INFO  manager.MyListener - WebDriver found element by locator -->>>By.id: gear
22:00:46.285 INFO  manager.MyListener - WebDriver start find element -->>>By.id: wheelsDrive
22:00:46.297 INFO  manager.MyListener - WebDriver found element by locator -->>>By.id: wheelsDrive
22:00:46.345 INFO  manager.MyListener - WebDriver start find element -->>>By.id: doors
22:00:46.360 INFO  manager.MyListener - WebDriver found element by locator -->>>By.id: doors
22:00:46.432 INFO  manager.MyListener - WebDriver start find element -->>>By.id: seats
22:00:46.446 INFO  manager.MyListener - WebDriver found element by locator -->>>By.id: seats
22:00:46.524 INFO  manager.MyListener - WebDriver start find element -->>>By.id: class
22:00:46.538 INFO  manager.MyListener - WebDriver found element by locator -->>>By.id: class
22:00:46.604 INFO  manager.MyListener - WebDriver start find element -->>>By.id: fuelConsumption
22:00:46.616 INFO  manager.MyListener - WebDriver found element by locator -->>>By.id: fuelConsumption
22:00:46.698 INFO  manager.MyListener - WebDriver start find element -->>>By.id: serialNumber
22:00:46.714 INFO  manager.MyListener - WebDriver found element by locator -->>>By.id: serialNumber
22:00:46.792 INFO  manager.MyListener - WebDriver start find element -->>>By.id: price
22:00:46.806 INFO  manager.MyListener - WebDriver found element by locator -->>>By.id: price
22:00:46.882 INFO  manager.MyListener - WebDriver start find element -->>>By.id: distance
22:00:46.897 INFO  manager.MyListener - WebDriver found element by locator -->>>By.id: distance
22:00:46.977 INFO  manager.MyListener - WebDriver start find element -->>>By.cssSelector: input[placeholder='Type feature']
22:00:46.991 INFO  manager.MyListener - WebDriver found element by locator -->>>By.cssSelector: input[placeholder='Type feature']
22:00:47.063 INFO  manager.MyListener - WebDriver start find element -->>>By.id: about
22:00:47.077 INFO  manager.MyListener - WebDriver found element by locator -->>>By.id: about
22:00:47.141 INFO  manager.MyListener - WebDriver start find element -->>>By.id: photos
22:00:47.155 INFO  manager.MyListener - WebDriver found element by locator -->>>By.id: photos
22:00:47.187 INFO  manager.MyListener - WebDriver start find element -->>>By.xpath: //button[@type='submit']
22:00:47.203 INFO  manager.MyListener - WebDriver found element by locator -->>>By.xpath: //button[@type='submit']
22:00:47.728 INFO  manager.MyListener - WebDriver start find element -->>>By.xpath: //button[@type='submit']
22:00:47.741 INFO  manager.MyListener - WebDriver found element by locator -->>>By.xpath: //button[@type='submit']
22:00:48.267 INFO  manager.MyListener - WebDriver start find element -->>>By.xpath: //button[@type='submit']
22:00:48.277 INFO  manager.MyListener - WebDriver found element by locator -->>>By.xpath: //button[@type='submit']
22:00:48.804 INFO  manager.MyListener - WebDriver start find element -->>>By.xpath: //button[@type='submit']
22:00:48.814 INFO  manager.MyListener - WebDriver found element by locator -->>>By.xpath: //button[@type='submit']
22:00:49.341 INFO  manager.MyListener - WebDriver start find element -->>>By.xpath: //button[@type='submit']
22:00:49.351 INFO  manager.MyListener - WebDriver found element by locator -->>>By.xpath: //button[@type='submit']
22:00:49.364 INFO  manager.MyListener - WebDriver start find element -->>>By.xpath: //button[@type='submit']
22:00:49.373 INFO  manager.MyListener - WebDriver found element by locator -->>>By.xpath: //button[@type='submit']
22:00:51.410 INFO  manager.MyListener - WebDriver start find element -->>>By.cssSelector: div.dialog-container
22:00:51.422 INFO  manager.MyListener - WebDriver found element by locator -->>>By.cssSelector: div.dialog-container
22:00:51.441 INFO  manager.MyListener - WebDriver start find element -->>>By.cssSelector: div.dialog-container h1
22:00:51.452 INFO  manager.MyListener - WebDriver found element by locator -->>>By.cssSelector: div.dialog-container h1
22:00:51.465 INFO  manager.MyListener - WebDriver start find element -->>>By.xpath: //button[text()='Search cars']
22:00:51.477 INFO  manager.MyListener - WebDriver found element by locator -->>>By.xpath: //button[text()='Search cars']
22:00:51.503 INFO  tests.TestBase - Start test with name -->>>loginNegativeTestsWrongEmail
22:01:01.521 INFO  manager.MyListener - WebDriver start find element -->>>By.xpath: //*[@href='/login?url=%2Fsearch']
22:01:11.559 INFO  manager.MyListener - The name of method with error -->>>findElement
22:01:11.561 INFO  manager.MyListener - We have a problem ----->>>>>org.openqa.selenium.NoSuchElementException: no such element: Unable to locate element: {"method":"xpath","selector":"//*[@href='/login?url=%2Fsearch']"}
  (Session info: chrome=103.0.5060.134)
For documentation on this error, please visit: https://selenium.dev/exceptions/#no_such_element
Build info: version: '4.2.2', revision: '683ccb65d6'
System info: host: 'VIKTOR', ip: '192.168.52.192', os.name: 'Windows 11', os.arch: 'amd64', os.version: '10.0', java.version: '11.0.15.1'
Driver info: org.openqa.selenium.chrome.ChromeDriver
Command: [4ab9106bbefcae4a0790cc0507cfaf67, findElement {using=xpath, value=//*[@href='/login?url=%2Fsearch']}]
Capabilities {acceptInsecureCerts: false, browserName: chrome, browserVersion: 103.0.5060.134, chrome: {chromedriverVersion: 102.0.5005.61 (0e59bcc00cc4..., userDataDir: C:\Users\Viktor\AppData\Loc...}, goog:chromeOptions: {debuggerAddress: localhost:59500}, networkConnectionEnabled: false, pageLoadStrategy: normal, platformName: WINDOWS, proxy: Proxy(), se:cdp: ws://localhost:59500/devtoo..., se:cdpVersion: 103.0.5060.134, setWindowRect: true, strictFileInteractability: false, timeouts: {implicit: 0, pageLoad: 300000, script: 30000}, unhandledPromptBehavior: dismiss and notify, webauthn:extension:credBlob: true, webauthn:extension:largeBlob: true, webauthn:virtualAuthenticators: true}
Session ID: 4ab9106bbefcae4a0790cc0507cfaf67
22:01:21.591 INFO  tests.TestBase - Start test with name -->>>successLoginDP
22:01:31.625 INFO  tests.TestBase - Test start with email: viktor@gmail.com& password: Vviktor12345$
22:01:31.625 INFO  manager.MyListener - WebDriver start find element -->>>By.xpath: //*[@href='/login?url=%2Fsearch']
22:01:41.635 INFO  manager.MyListener - The name of method with error -->>>findElement
22:01:41.635 INFO  manager.MyListener - We have a problem ----->>>>>org.openqa.selenium.NoSuchElementException: no such element: Unable to locate element: {"method":"xpath","selector":"//*[@href='/login?url=%2Fsearch']"}
  (Session info: chrome=103.0.5060.134)
For documentation on this error, please visit: https://selenium.dev/exceptions/#no_such_element
Build info: version: '4.2.2', revision: '683ccb65d6'
System info: host: 'VIKTOR', ip: '192.168.52.192', os.name: 'Windows 11', os.arch: 'amd64', os.version: '10.0', java.version: '11.0.15.1'
Driver info: org.openqa.selenium.chrome.ChromeDriver
Command: [4ab9106bbefcae4a0790cc0507cfaf67, findElement {using=xpath, value=//*[@href='/login?url=%2Fsearch']}]
Capabilities {acceptInsecureCerts: false, browserName: chrome, browserVersion: 103.0.5060.134, chrome: {chromedriverVersion: 102.0.5005.61 (0e59bcc00cc4..., userDataDir: C:\Users\Viktor\AppData\Loc...}, goog:chromeOptions: {debuggerAddress: localhost:59500}, networkConnectionEnabled: false, pageLoadStrategy: normal, platformName: WINDOWS, proxy: Proxy(), se:cdp: ws://localhost:59500/devtoo..., se:cdpVersion: 103.0.5060.134, setWindowRect: true, strictFileInteractability: false, timeouts: {implicit: 0, pageLoad: 300000, script: 30000}, unhandledPromptBehavior: dismiss and notify, webauthn:extension:credBlob: true, webauthn:extension:largeBlob: true, webauthn:virtualAuthenticators: true}
Session ID: 4ab9106bbefcae4a0790cc0507cfaf67
22:01:51.702 INFO  tests.TestBase - Start test with name -->>>successLoginDP
22:02:01.706 INFO  tests.TestBase - Test start with email: viktor@gmail.com& password: Vviktor12345$
22:02:01.706 INFO  manager.MyListener - WebDriver start find element -->>>By.xpath: //*[@href='/login?url=%2Fsearch']
22:02:11.730 INFO  manager.MyListener - The name of method with error -->>>findElement
22:02:11.730 INFO  manager.MyListener - We have a problem ----->>>>>org.openqa.selenium.NoSuchElementException: no such element: Unable to locate element: {"method":"xpath","selector":"//*[@href='/login?url=%2Fsearch']"}
  (Session info: chrome=103.0.5060.134)
For documentation on this error, please visit: https://selenium.dev/exceptions/#no_such_element
Build info: version: '4.2.2', revision: '683ccb65d6'
System info: host: 'VIKTOR', ip: '192.168.52.192', os.name: 'Windows 11', os.arch: 'amd64', os.version: '10.0', java.version: '11.0.15.1'
Driver info: org.openqa.selenium.chrome.ChromeDriver
Command: [4ab9106bbefcae4a0790cc0507cfaf67, findElement {using=xpath, value=//*[@href='/login?url=%2Fsearch']}]
Capabilities {acceptInsecureCerts: false, browserName: chrome, browserVersion: 103.0.5060.134, chrome: {chromedriverVersion: 102.0.5005.61 (0e59bcc00cc4..., userDataDir: C:\Users\Viktor\AppData\Loc...}, goog:chromeOptions: {debuggerAddress: localhost:59500}, networkConnectionEnabled: false, pageLoadStrategy: normal, platformName: WINDOWS, proxy: Proxy(), se:cdp: ws://localhost:59500/devtoo..., se:cdpVersion: 103.0.5060.134, setWindowRect: true, strictFileInteractability: false, timeouts: {implicit: 0, pageLoad: 300000, script: 30000}, unhandledPromptBehavior: dismiss and notify, webauthn:extension:credBlob: true, webauthn:extension:largeBlob: true, webauthn:virtualAuthenticators: true}
Session ID: 4ab9106bbefcae4a0790cc0507cfaf67
22:02:21.764 INFO  tests.TestBase - Start test with name -->>>successLoginDP
22:02:31.093 INFO  tests.TestBase - Test start with email: viktor@gmail.com& password: Vviktor12345$
22:02:31.093 INFO  manager.MyListener - WebDriver start find element -->>>By.xpath: //*[@href='/login?url=%2Fsearch']
