23:30:20.405 INFO  manager.ApplicationManager - All tests run in Chrome browser.
23:30:37.962 INFO  manager.ApplicationManager - Current Url-->>>https://ilcarro-1578153671498.web.app/search
23:30:37.987 INFO  tests.TestBase - Start test with name -->>>addNewCarSuccess
23:30:48.050 INFO  manager.MyListener - WebDriver start find element -->>>By.xpath: //*[@href='/login?url=%2Fsearch']
23:30:48.069 INFO  manager.MyListener - WebDriver found element by locator -->>>By.xpath: //*[@href='/login?url=%2Fsearch']
23:30:48.107 INFO  manager.MyListener - WebDriver start find element -->>>By.id: email
23:30:48.125 INFO  manager.MyListener - WebDriver found element by locator -->>>By.id: email
23:30:48.200 INFO  manager.MyListener - WebDriver start find element -->>>By.id: password
23:30:48.217 INFO  manager.MyListener - WebDriver found element by locator -->>>By.id: password
23:30:48.288 INFO  manager.MyListener - WebDriver start find element -->>>By.xpath: //button[@type='submit']
23:30:48.308 INFO  manager.MyListener - WebDriver found element by locator -->>>By.xpath: //button[@type='submit']
23:30:48.337 INFO  manager.MyListener - WebDriver start find element -->>>By.xpath: //button[@type='submit']
23:30:48.351 INFO  manager.MyListener - WebDriver found element by locator -->>>By.xpath: //button[@type='submit']
23:30:49.141 INFO  manager.MyListener - WebDriver start find element -->>>By.xpath: //button[text()='Ok']
23:30:49.157 INFO  manager.MyListener - WebDriver found element by locator -->>>By.xpath: //button[text()='Ok']
23:30:50.188 INFO  manager.MyListener - WebDriver start find element -->>>By.id: 1
23:30:50.204 INFO  manager.MyListener - WebDriver found element by locator -->>>By.id: 1
23:30:50.249 INFO  manager.MyListener - WebDriver start find element -->>>By.id: pickUpPlace
23:30:50.263 INFO  manager.MyListener - WebDriver found element by locator -->>>By.id: pickUpPlace
23:30:50.336 INFO  manager.MyListener - WebDriver start find element -->>>By.cssSelector: div.pac-item
23:30:50.795 INFO  manager.MyListener - WebDriver found element by locator -->>>By.cssSelector: div.pac-item
23:30:51.327 INFO  manager.MyListener - WebDriver start find element -->>>By.id: make
23:30:51.342 INFO  manager.MyListener - WebDriver found element by locator -->>>By.id: make
23:30:51.403 INFO  manager.MyListener - WebDriver start find element -->>>By.id: model
23:30:51.417 INFO  manager.MyListener - WebDriver found element by locator -->>>By.id: model
23:30:51.478 INFO  manager.MyListener - WebDriver start find element -->>>By.id: year
23:30:51.492 INFO  manager.MyListener - WebDriver found element by locator -->>>By.id: year
23:30:51.565 INFO  manager.MyListener - WebDriver start find element -->>>By.id: engine
23:30:51.579 INFO  manager.MyListener - WebDriver found element by locator -->>>By.id: engine
23:30:51.648 INFO  manager.MyListener - WebDriver start find element -->>>By.id: fuel
23:30:51.663 INFO  manager.MyListener - WebDriver found element by locator -->>>By.id: fuel
23:30:51.711 INFO  manager.MyListener - WebDriver start find element -->>>By.id: gear
23:30:51.724 INFO  manager.MyListener - WebDriver found element by locator -->>>By.id: gear
23:30:51.766 INFO  manager.MyListener - WebDriver start find element -->>>By.id: wheelsDrive
23:30:51.779 INFO  manager.MyListener - WebDriver found element by locator -->>>By.id: wheelsDrive
23:30:51.832 INFO  manager.MyListener - WebDriver start find element -->>>By.id: doors
23:30:51.847 INFO  manager.MyListener - WebDriver found element by locator -->>>By.id: doors
23:30:51.924 INFO  manager.MyListener - WebDriver start find element -->>>By.id: seats
23:30:51.941 INFO  manager.MyListener - WebDriver found element by locator -->>>By.id: seats
23:30:52.026 INFO  manager.MyListener - WebDriver start find element -->>>By.id: class
23:30:52.041 INFO  manager.MyListener - WebDriver found element by locator -->>>By.id: class
23:30:52.112 INFO  manager.MyListener - WebDriver start find element -->>>By.id: fuelConsumption
23:30:52.127 INFO  manager.MyListener - WebDriver found element by locator -->>>By.id: fuelConsumption
23:30:52.204 INFO  manager.MyListener - WebDriver start find element -->>>By.id: serialNumber
23:30:52.218 INFO  manager.MyListener - WebDriver found element by locator -->>>By.id: serialNumber
23:30:52.298 INFO  manager.MyListener - WebDriver start find element -->>>By.id: price
23:30:52.313 INFO  manager.MyListener - WebDriver found element by locator -->>>By.id: price
23:30:52.388 INFO  manager.MyListener - WebDriver start find element -->>>By.id: distance
23:30:52.403 INFO  manager.MyListener - WebDriver found element by locator -->>>By.id: distance
23:30:52.480 INFO  manager.MyListener - WebDriver start find element -->>>By.cssSelector: input[placeholder='Type feature']
23:30:52.494 INFO  manager.MyListener - WebDriver found element by locator -->>>By.cssSelector: input[placeholder='Type feature']
23:30:52.566 INFO  manager.MyListener - WebDriver start find element -->>>By.id: about
23:30:52.584 INFO  manager.MyListener - WebDriver found element by locator -->>>By.id: about
23:30:52.652 INFO  manager.MyListener - WebDriver start find element -->>>By.id: photos
23:30:52.665 INFO  manager.MyListener - WebDriver found element by locator -->>>By.id: photos
23:30:52.695 INFO  manager.MyListener - WebDriver start find element -->>>By.xpath: //button[@type='submit']
23:30:52.708 INFO  manager.MyListener - WebDriver found element by locator -->>>By.xpath: //button[@type='submit']
23:30:53.238 INFO  manager.MyListener - WebDriver start find element -->>>By.xpath: //button[@type='submit']
23:30:53.248 INFO  manager.MyListener - WebDriver found element by locator -->>>By.xpath: //button[@type='submit']
23:30:53.765 INFO  manager.MyListener - WebDriver start find element -->>>By.xpath: //button[@type='submit']
23:30:53.776 INFO  manager.MyListener - WebDriver found element by locator -->>>By.xpath: //button[@type='submit']
23:30:54.291 INFO  manager.MyListener - WebDriver start find element -->>>By.xpath: //button[@type='submit']
23:30:54.301 INFO  manager.MyListener - WebDriver found element by locator -->>>By.xpath: //button[@type='submit']
23:30:54.821 INFO  manager.MyListener - WebDriver start find element -->>>By.xpath: //button[@type='submit']
23:30:54.832 INFO  manager.MyListener - WebDriver found element by locator -->>>By.xpath: //button[@type='submit']
23:30:54.846 INFO  manager.MyListener - WebDriver start find element -->>>By.xpath: //button[@type='submit']
23:30:54.855 INFO  manager.MyListener - WebDriver found element by locator -->>>By.xpath: //button[@type='submit']
23:30:56.885 INFO  manager.MyListener - WebDriver start find element -->>>By.cssSelector: div.dialog-container
23:30:56.897 INFO  manager.MyListener - WebDriver found element by locator -->>>By.cssSelector: div.dialog-container
23:30:56.905 INFO  manager.MyListener - WebDriver start find element -->>>By.cssSelector: div.dialog-container h1
23:30:56.917 INFO  manager.MyListener - WebDriver found element by locator -->>>By.cssSelector: div.dialog-container h1
23:30:56.930 INFO  manager.MyListener - WebDriver start find element -->>>By.xpath: //button[text()='Search cars']
23:30:56.941 INFO  manager.MyListener - WebDriver found element by locator -->>>By.xpath: //button[text()='Search cars']
