23:03:51.328 INFO  manager.ApplicationManager - All tests run in Chrome browser.
23:04:04.985 INFO  manager.ApplicationManager - Current Url-->>>https://ilcarro-1578153671498.web.app/search
23:04:05.016 INFO  tests.TestBase - Start test with name -->>>addNewCarSuccess
23:04:15.028 INFO  manager.MyListener - WebDriver start find element -->>>By.xpath: //*[@href='/login?url=%2Fsearch']
23:04:15.049 INFO  manager.MyListener - WebDriver found element by locator -->>>By.xpath: //*[@href='/login?url=%2Fsearch']
23:04:15.087 INFO  manager.MyListener - WebDriver start find element -->>>By.id: email
23:04:15.106 INFO  manager.MyListener - WebDriver found element by locator -->>>By.id: email
23:04:15.185 INFO  manager.MyListener - WebDriver start find element -->>>By.id: password
23:04:15.203 INFO  manager.MyListener - WebDriver found element by locator -->>>By.id: password
23:04:15.282 INFO  manager.MyListener - WebDriver start find element -->>>By.xpath: //button[@type='submit']
23:04:15.300 INFO  manager.MyListener - WebDriver found element by locator -->>>By.xpath: //button[@type='submit']
23:04:15.328 INFO  manager.MyListener - WebDriver start find element -->>>By.xpath: //button[@type='submit']
23:04:15.342 INFO  manager.MyListener - WebDriver found element by locator -->>>By.xpath: //button[@type='submit']
23:04:15.875 INFO  manager.MyListener - WebDriver start find element -->>>By.xpath: //button[text()='Ok']
23:04:15.890 INFO  manager.MyListener - WebDriver found element by locator -->>>By.xpath: //button[text()='Ok']
23:04:16.928 INFO  manager.MyListener - WebDriver start find element -->>>By.id: 1
23:04:16.944 INFO  manager.MyListener - WebDriver found element by locator -->>>By.id: 1
23:04:16.986 INFO  manager.MyListener - WebDriver start find element -->>>By.id: pickUpPlace
23:04:17.002 INFO  manager.MyListener - WebDriver found element by locator -->>>By.id: pickUpPlace
23:04:17.075 INFO  manager.MyListener - WebDriver start find element -->>>By.cssSelector: div.pac-item
23:04:17.525 INFO  manager.MyListener - WebDriver found element by locator -->>>By.cssSelector: div.pac-item
23:04:18.066 INFO  manager.MyListener - WebDriver start find element -->>>By.id: make
23:04:18.082 INFO  manager.MyListener - WebDriver found element by locator -->>>By.id: make
23:04:18.142 INFO  manager.MyListener - WebDriver start find element -->>>By.id: model
23:04:18.156 INFO  manager.MyListener - WebDriver found element by locator -->>>By.id: model
23:04:18.221 INFO  manager.MyListener - WebDriver start find element -->>>By.id: year
23:04:18.235 INFO  manager.MyListener - WebDriver found element by locator -->>>By.id: year
23:04:18.315 INFO  manager.MyListener - WebDriver start find element -->>>By.id: engine
23:04:18.331 INFO  manager.MyListener - WebDriver found element by locator -->>>By.id: engine
23:04:18.405 INFO  manager.MyListener - WebDriver start find element -->>>By.id: fuel
23:04:18.418 INFO  manager.MyListener - WebDriver found element by locator -->>>By.id: fuel
23:04:18.472 INFO  manager.MyListener - WebDriver start find element -->>>By.id: gear
23:04:18.489 INFO  manager.MyListener - WebDriver found element by locator -->>>By.id: gear
23:04:18.531 INFO  manager.MyListener - WebDriver start find element -->>>By.id: wheelsDrive
23:04:18.543 INFO  manager.MyListener - WebDriver found element by locator -->>>By.id: wheelsDrive
23:04:18.589 INFO  manager.MyListener - WebDriver start find element -->>>By.id: doors
23:04:18.605 INFO  manager.MyListener - WebDriver found element by locator -->>>By.id: doors
23:04:18.684 INFO  manager.MyListener - WebDriver start find element -->>>By.id: seats
23:04:18.698 INFO  manager.MyListener - WebDriver found element by locator -->>>By.id: seats
23:04:18.781 INFO  manager.MyListener - WebDriver start find element -->>>By.id: class
23:04:18.795 INFO  manager.MyListener - WebDriver found element by locator -->>>By.id: class
23:04:18.866 INFO  manager.MyListener - WebDriver start find element -->>>By.id: fuelConsumption
23:04:18.881 INFO  manager.MyListener - WebDriver found element by locator -->>>By.id: fuelConsumption
23:04:18.962 INFO  manager.MyListener - WebDriver start find element -->>>By.id: serialNumber
23:04:18.978 INFO  manager.MyListener - WebDriver found element by locator -->>>By.id: serialNumber
23:04:19.061 INFO  manager.MyListener - WebDriver start find element -->>>By.id: price
23:04:19.077 INFO  manager.MyListener - WebDriver found element by locator -->>>By.id: price
23:04:19.156 INFO  manager.MyListener - WebDriver start find element -->>>By.id: distance
23:04:19.171 INFO  manager.MyListener - WebDriver found element by locator -->>>By.id: distance
23:04:19.251 INFO  manager.MyListener - WebDriver start find element -->>>By.cssSelector: input[placeholder='Type feature']
23:04:19.267 INFO  manager.MyListener - WebDriver found element by locator -->>>By.cssSelector: input[placeholder='Type feature']
23:04:19.346 INFO  manager.MyListener - WebDriver start find element -->>>By.id: about
23:04:19.358 INFO  manager.MyListener - WebDriver found element by locator -->>>By.id: about
23:04:19.433 INFO  manager.MyListener - WebDriver start find element -->>>By.id: photos
23:04:19.447 INFO  manager.MyListener - WebDriver found element by locator -->>>By.id: photos
23:04:19.480 INFO  manager.MyListener - WebDriver start find element -->>>By.xpath: //button[@type='submit']
23:04:19.495 INFO  manager.MyListener - WebDriver found element by locator -->>>By.xpath: //button[@type='submit']
23:04:20.022 INFO  manager.MyListener - WebDriver start find element -->>>By.xpath: //button[@type='submit']
23:04:20.036 INFO  manager.MyListener - WebDriver found element by locator -->>>By.xpath: //button[@type='submit']
23:04:20.553 INFO  manager.MyListener - WebDriver start find element -->>>By.xpath: //button[@type='submit']
23:04:20.564 INFO  manager.MyListener - WebDriver found element by locator -->>>By.xpath: //button[@type='submit']
23:04:21.080 INFO  manager.MyListener - WebDriver start find element -->>>By.xpath: //button[@type='submit']
23:04:21.090 INFO  manager.MyListener - WebDriver found element by locator -->>>By.xpath: //button[@type='submit']
23:04:21.606 INFO  manager.MyListener - WebDriver start find element -->>>By.xpath: //button[@type='submit']
23:04:21.615 INFO  manager.MyListener - WebDriver found element by locator -->>>By.xpath: //button[@type='submit']
23:04:22.129 INFO  manager.MyListener - WebDriver start find element -->>>By.xpath: //button[@type='submit']
23:04:22.139 INFO  manager.MyListener - WebDriver found element by locator -->>>By.xpath: //button[@type='submit']
23:04:22.655 INFO  manager.MyListener - WebDriver start find element -->>>By.xpath: //button[@type='submit']
23:04:22.665 INFO  manager.MyListener - WebDriver found element by locator -->>>By.xpath: //button[@type='submit']
23:04:23.177 INFO  manager.MyListener - WebDriver start find element -->>>By.xpath: //button[@type='submit']
23:04:23.189 INFO  manager.MyListener - WebDriver found element by locator -->>>By.xpath: //button[@type='submit']
23:04:23.714 INFO  manager.MyListener - WebDriver start find element -->>>By.xpath: //button[@type='submit']
23:04:23.724 INFO  manager.MyListener - WebDriver found element by locator -->>>By.xpath: //button[@type='submit']
23:04:24.241 INFO  manager.MyListener - WebDriver start find element -->>>By.xpath: //button[@type='submit']
23:04:24.249 INFO  manager.MyListener - WebDriver found element by locator -->>>By.xpath: //button[@type='submit']
23:04:24.768 INFO  manager.MyListener - WebDriver start find element -->>>By.xpath: //button[@type='submit']
23:04:24.777 INFO  manager.MyListener - WebDriver found element by locator -->>>By.xpath: //button[@type='submit']
23:04:24.793 INFO  manager.MyListener - WebDriver start find element -->>>By.xpath: //button[text()='Search cars']
23:04:34.824 INFO  manager.MyListener - The name of method with error -->>>findElement
23:04:34.825 INFO  manager.MyListener - We have a problem ----->>>>>org.openqa.selenium.NoSuchElementException: no such element: Unable to locate element: {"method":"xpath","selector":"//button[text()='Search cars']"}
  (Session info: chrome=103.0.5060.134)
For documentation on this error, please visit: https://selenium.dev/exceptions/#no_such_element
Build info: version: '4.2.2', revision: '683ccb65d6'
System info: host: 'VIKTOR', ip: '192.168.52.192', os.name: 'Windows 11', os.arch: 'amd64', os.version: '10.0', java.version: '11.0.15.1'
Driver info: org.openqa.selenium.chrome.ChromeDriver
Command: [70ec695fcd7d5803f75d2d2e1ec4aeb7, findElement {using=xpath, value=//button[text()='Search cars']}]
Capabilities {acceptInsecureCerts: false, browserName: chrome, browserVersion: 103.0.5060.134, chrome: {chromedriverVersion: 102.0.5005.61 (0e59bcc00cc4..., userDataDir: C:\Users\Viktor\AppData\Loc...}, goog:chromeOptions: {debuggerAddress: localhost:59714}, networkConnectionEnabled: false, pageLoadStrategy: normal, platformName: WINDOWS, proxy: Proxy(), se:cdp: ws://localhost:59714/devtoo..., se:cdpVersion: 103.0.5060.134, setWindowRect: true, strictFileInteractability: false, timeouts: {implicit: 0, pageLoad: 300000, script: 30000}, unhandledPromptBehavior: dismiss and notify, webauthn:extension:credBlob: true, webauthn:extension:largeBlob: true, webauthn:virtualAuthenticators: true}
Session ID: 70ec695fcd7d5803f75d2d2e1ec4aeb7
