00:02:52.013 INFO  manager.ApplicationManager - All tests run in Chrome browser.
00:02:54.975 INFO  manager.ApplicationManager - Current Url-->>>https://ilcarro-1578153671498.web.app/search
00:02:55.001 INFO  tests.TestBase - Start test with name -->>>searchPeriodPast
00:02:55.003 INFO  manager.MyListener - WebDriver start find element -->>>By.id: city
00:02:55.020 INFO  manager.MyListener - WebDriver found element by locator -->>>By.id: city
00:02:55.604 INFO  manager.MyListener - WebDriver start find element -->>>By.cssSelector: .pac-item
00:02:55.618 INFO  manager.MyListener - WebDriver found element by locator -->>>By.cssSelector: .pac-item
00:02:55.643 INFO  manager.MyListener - WebDriver start find element -->>>By.xpath: //*[@id='dates']
00:02:55.657 INFO  manager.MyListener - WebDriver found element by locator -->>>By.xpath: //*[@id='dates']
00:02:56.231 INFO  manager.MyListener - WebDriver start find element -->>>By.xpath: //*[@class='cdk-overlay-backdrop mat-overlay-transparent-backdrop cdk-overlay-backdrop-showing']
00:02:56.246 INFO  manager.MyListener - WebDriver found element by locator -->>>By.xpath: //*[@class='cdk-overlay-backdrop mat-overlay-transparent-backdrop cdk-overlay-backdrop-showing']
00:02:56.272 INFO  manager.MyListener - WebDriver start find element -->>>By.xpath: //*[@id='dates']
00:02:56.284 INFO  manager.MyListener - WebDriver found element by locator -->>>By.xpath: //*[@id='dates']
00:02:56.395 INFO  manager.MyListener - WebDriver start find element -->>>By.cssSelector: .logo
00:02:56.413 INFO  manager.MyListener - WebDriver found element by locator -->>>By.cssSelector: .logo
00:02:57.498 INFO  manager.MyListener - The name of method with error -->>>click
00:02:57.500 INFO  manager.MyListener - We have a problem ----->>>>>org.openqa.selenium.ElementClickInterceptedException: element click intercepted: Element <a _ngcontent-lgk-c25="" href="/" class="logo">...</a> is not clickable at point (262, 34). Other element would receive the click: <div class="cdk-overlay-backdrop mat-overlay-transparent-backdrop cdk-overlay-backdrop-showing"></div>
  (Session info: chrome=103.0.5060.134)
Build info: version: '4.2.2', revision: '683ccb65d6'
System info: host: 'VIKTOR', ip: '192.168.99.192', os.name: 'Windows 11', os.arch: 'amd64', os.version: '10.0', java.version: '11.0.15.1'
Driver info: org.openqa.selenium.chrome.ChromeDriver
Command: [a4978afd507deb629d2c56c31ff4c045, clickElement {id=8176e268-23e0-49f2-be74-b246b059b35b}]
Capabilities {acceptInsecureCerts: false, browserName: chrome, browserVersion: 103.0.5060.134, chrome: {chromedriverVersion: 102.0.5005.61 (0e59bcc00cc4..., userDataDir: C:\Users\Viktor\AppData\Loc...}, goog:chromeOptions: {debuggerAddress: localhost:51067}, networkConnectionEnabled: false, pageLoadStrategy: normal, platformName: WINDOWS, proxy: Proxy(), se:cdp: ws://localhost:51067/devtoo..., se:cdpVersion: 103.0.5060.134, setWindowRect: true, strictFileInteractability: false, timeouts: {implicit: 0, pageLoad: 300000, script: 30000}, unhandledPromptBehavior: dismiss and notify, webauthn:extension:credBlob: true, webauthn:extension:largeBlob: true, webauthn:virtualAuthenticators: true}
Element: [[ChromeDriver: chrome on WINDOWS (a4978afd507deb629d2c56c31ff4c045)] -> css selector: .logo]
Session ID: a4978afd507deb629d2c56c31ff4c045
