20:40:23.084 INFO  manager.ApplicationManager - All tests run in Chrome browser.
20:40:30.066 INFO  manager.ApplicationManager - Current Url-->>>https://ilcarro-1578153671498.web.app/search
20:40:30.097 INFO  tests.TestBase - Start test with name -->>>registrationSuccess2
20:40:40.146 INFO  manager.MyListener - WebDriver start find element -->>>By.xpath: //a[text()=' Sign up ']
20:40:40.167 INFO  manager.MyListener - WebDriver found element by locator -->>>By.xpath: //a[text()=' Sign up ']
20:40:40.208 INFO  manager.MyListener - WebDriver start find element -->>>By.id: name
20:40:40.227 INFO  manager.MyListener - WebDriver found element by locator -->>>By.id: name
20:40:40.300 INFO  manager.MyListener - WebDriver start find element -->>>By.id: lastName
20:40:40.318 INFO  manager.MyListener - WebDriver found element by locator -->>>By.id: lastName
20:40:40.377 INFO  manager.MyListener - WebDriver start find element -->>>By.id: email
20:40:40.394 INFO  manager.MyListener - WebDriver found element by locator -->>>By.id: email
20:40:40.480 INFO  manager.MyListener - WebDriver start find element -->>>By.id: password
20:40:40.496 INFO  manager.MyListener - WebDriver found element by locator -->>>By.id: password
20:40:40.563 INFO  manager.MyListener - WebDriver start find element -->>>By.cssSelector: label[for='terms-of-use']
20:40:40.583 INFO  manager.MyListener - WebDriver found element by locator -->>>By.cssSelector: label[for='terms-of-use']
20:40:40.946 INFO  manager.MyListener - WebDriver start find element -->>>By.xpath: //button[@type='submit']
20:40:40.963 INFO  manager.MyListener - WebDriver found element by locator -->>>By.xpath: //button[@type='submit']
20:40:40.987 INFO  manager.MyListener - WebDriver start find element -->>>By.xpath: //button[@type='submit']
20:40:40.999 INFO  manager.MyListener - WebDriver found element by locator -->>>By.xpath: //button[@type='submit']
20:40:43.037 INFO  manager.MyListener - WebDriver start find element -->>>By.cssSelector: div.dialog-container
20:40:43.052 INFO  manager.MyListener - WebDriver found element by locator -->>>By.cssSelector: div.dialog-container
20:40:43.063 INFO  manager.MyListener - WebDriver start find element -->>>By.cssSelector: div.dialog-container h1
20:40:43.076 INFO  manager.MyListener - WebDriver found element by locator -->>>By.cssSelector: div.dialog-container h1
20:40:43.107 INFO  manager.MyListener - WebDriver start find element -->>>By.xpath: //button[text()='Ok']
20:40:43.121 INFO  manager.MyListener - WebDriver found element by locator -->>>By.xpath: //button[text()='Ok']
20:40:43.142 INFO  tests.TestBase - Start test with name -->>>registrationSuccess2
20:40:43.155 INFO  manager.MyListener - WebDriver start find element -->>>By.xpath: //button[text()='Ok']
20:40:43.166 INFO  manager.MyListener - WebDriver found element by locator -->>>By.xpath: //button[text()='Ok']
20:40:43.181 INFO  manager.MyListener - WebDriver start find element -->>>By.xpath: //*[text()=' Logout ']
20:40:53.233 INFO  manager.MyListener - The name of method with error -->>>findElement
20:40:53.235 INFO  manager.MyListener - We have a problem ----->>>>>org.openqa.selenium.NoSuchElementException: no such element: Unable to locate element: {"method":"xpath","selector":"//*[text()=' Logout ']"}
  (Session info: chrome=103.0.5060.134)
For documentation on this error, please visit: https://selenium.dev/exceptions/#no_such_element
Build info: version: '4.2.2', revision: '683ccb65d6'
System info: host: 'VIKTOR', ip: '192.168.165.192', os.name: 'Windows 11', os.arch: 'amd64', os.version: '10.0', java.version: '11.0.15.1'
Driver info: org.openqa.selenium.chrome.ChromeDriver
Command: [575dc0dae761ad2922e1507ae6cf5c1b, findElement {using=xpath, value=//*[text()=' Logout ']}]
Capabilities {acceptInsecureCerts: false, browserName: chrome, browserVersion: 103.0.5060.134, chrome: {chromedriverVersion: 102.0.5005.61 (0e59bcc00cc4..., userDataDir: C:\Users\Viktor\AppData\Loc...}, goog:chromeOptions: {debuggerAddress: localhost:58745}, networkConnectionEnabled: false, pageLoadStrategy: normal, platformName: WINDOWS, proxy: Proxy(), se:cdp: ws://localhost:58745/devtoo..., se:cdpVersion: 103.0.5060.134, setWindowRect: true, strictFileInteractability: false, timeouts: {implicit: 0, pageLoad: 300000, script: 30000}, unhandledPromptBehavior: dismiss and notify, webauthn:extension:credBlob: true, webauthn:extension:largeBlob: true, webauthn:virtualAuthenticators: true}
Session ID: 575dc0dae761ad2922e1507ae6cf5c1b
