21:02:53.756 INFO  manager.ApplicationManager - All tests run in Chrome browser.
21:02:59.997 INFO  manager.ApplicationManager - Current Url-->>>https://ilcarro-1578153671498.web.app/search
21:03:00.026 INFO  tests.TestBase - Start test with name -->>>addNewCarSuccess
21:03:00.028 INFO  manager.MyListener - WebDriver start find element -->>>By.xpath: //button[text()='Search cars']
21:03:10.080 INFO  manager.MyListener - The name of method with error -->>>findElement
21:03:10.082 INFO  manager.MyListener - We have a problem ----->>>>>org.openqa.selenium.NoSuchElementException: no such element: Unable to locate element: {"method":"xpath","selector":"//button[text()='Search cars']"}
  (Session info: chrome=103.0.5060.134)
For documentation on this error, please visit: https://selenium.dev/exceptions/#no_such_element
Build info: version: '4.2.2', revision: '683ccb65d6'
System info: host: 'VIKTOR', ip: '192.168.165.192', os.name: 'Windows 11', os.arch: 'amd64', os.version: '10.0', java.version: '11.0.15.1'
Driver info: org.openqa.selenium.chrome.ChromeDriver
Command: [fd697e20641edde7814156ee40d181fc, findElement {using=xpath, value=//button[text()='Search cars']}]
Capabilities {acceptInsecureCerts: false, browserName: chrome, browserVersion: 103.0.5060.134, chrome: {chromedriverVersion: 102.0.5005.61 (0e59bcc00cc4..., userDataDir: C:\Users\Viktor\AppData\Loc...}, goog:chromeOptions: {debuggerAddress: localhost:60213}, networkConnectionEnabled: false, pageLoadStrategy: normal, platformName: WINDOWS, proxy: Proxy(), se:cdp: ws://localhost:60213/devtoo..., se:cdpVersion: 103.0.5060.134, setWindowRect: true, strictFileInteractability: false, timeouts: {implicit: 0, pageLoad: 300000, script: 30000}, unhandledPromptBehavior: dismiss and notify, webauthn:extension:credBlob: true, webauthn:extension:largeBlob: true, webauthn:virtualAuthenticators: true}
Session ID: fd697e20641edde7814156ee40d181fc
21:03:20.135 INFO  manager.MyListener - WebDriver start find element -->>>By.xpath: //*[@href='/login?url=%2Fsearch']
21:03:20.151 INFO  manager.MyListener - WebDriver found element by locator -->>>By.xpath: //*[@href='/login?url=%2Fsearch']
21:03:20.196 INFO  manager.MyListener - WebDriver start find element -->>>By.id: email
21:03:20.214 INFO  manager.MyListener - WebDriver found element by locator -->>>By.id: email
21:03:20.291 INFO  manager.MyListener - WebDriver start find element -->>>By.id: password
21:03:20.306 INFO  manager.MyListener - WebDriver found element by locator -->>>By.id: password
21:03:20.376 INFO  manager.MyListener - WebDriver start find element -->>>By.xpath: //button[@type='submit']
21:03:20.395 INFO  manager.MyListener - WebDriver found element by locator -->>>By.xpath: //button[@type='submit']
21:03:20.422 INFO  manager.MyListener - WebDriver start find element -->>>By.xpath: //button[@type='submit']
21:03:20.436 INFO  manager.MyListener - WebDriver found element by locator -->>>By.xpath: //button[@type='submit']
21:03:22.216 INFO  manager.MyListener - WebDriver start find element -->>>By.xpath: //button[text()='Ok']
21:03:22.233 INFO  manager.MyListener - WebDriver found element by locator -->>>By.xpath: //button[text()='Ok']
