22:29:52.461 INFO  manager.ApplicationManager - All tests run in Chrome browser.
22:30:06.505 INFO  manager.ApplicationManager - Current Url-->>>https://ilcarro-1578153671498.web.app/search
22:30:06.537 INFO  tests.TestBase - Start test with name -->>>loginNegativeTestsWrongEmail
22:30:16.589 INFO  manager.MyListener - WebDriver start find element -->>>By.xpath: //*[@href='/login?url=%2Fsearch']
22:30:16.610 INFO  manager.MyListener - WebDriver found element by locator -->>>By.xpath: //*[@href='/login?url=%2Fsearch']
22:30:16.645 INFO  manager.MyListener - WebDriver start find element -->>>By.xpath: //input[@id='email']
22:30:16.664 INFO  manager.MyListener - WebDriver found element by locator -->>>By.xpath: //input[@id='email']
22:30:16.936 INFO  manager.MyListener - WebDriver start find element -->>>By.xpath: //input[@id='password']
22:30:16.955 INFO  manager.MyListener - WebDriver found element by locator -->>>By.xpath: //input[@id='password']
22:30:17.032 INFO  manager.MyListener - WebDriver start find element -->>>By.xpath: //button[@type='submit']
22:30:17.052 INFO  manager.MyListener - WebDriver found element by locator -->>>By.xpath: //button[@type='submit']
22:30:17.581 INFO  manager.MyListener - WebDriver start find element -->>>By.xpath: //button[@type='submit']
22:30:17.594 INFO  manager.MyListener - WebDriver found element by locator -->>>By.xpath: //button[@type='submit']
22:30:18.122 INFO  manager.MyListener - WebDriver start find element -->>>By.xpath: //button[@type='submit']
22:30:18.138 INFO  manager.MyListener - WebDriver found element by locator -->>>By.xpath: //button[@type='submit']
22:30:18.666 INFO  manager.MyListener - WebDriver start find element -->>>By.xpath: //button[@type='submit']
22:30:18.678 INFO  manager.MyListener - WebDriver found element by locator -->>>By.xpath: //button[@type='submit']
22:30:19.194 INFO  manager.MyListener - WebDriver start find element -->>>By.xpath: //button[@type='submit']
22:30:19.207 INFO  manager.MyListener - WebDriver found element by locator -->>>By.xpath: //button[@type='submit']
22:30:19.735 INFO  manager.MyListener - WebDriver start find element -->>>By.xpath: //button[@type='submit']
22:30:19.749 INFO  manager.MyListener - WebDriver found element by locator -->>>By.xpath: //button[@type='submit']
22:30:20.277 INFO  manager.MyListener - WebDriver start find element -->>>By.xpath: //button[@type='submit']
22:30:20.287 INFO  manager.MyListener - WebDriver found element by locator -->>>By.xpath: //button[@type='submit']
22:30:20.804 INFO  manager.MyListener - WebDriver start find element -->>>By.xpath: //button[@type='submit']
22:30:20.816 INFO  manager.MyListener - WebDriver found element by locator -->>>By.xpath: //button[@type='submit']
22:30:21.329 INFO  manager.MyListener - WebDriver start find element -->>>By.xpath: //button[@type='submit']
22:30:21.339 INFO  manager.MyListener - WebDriver found element by locator -->>>By.xpath: //button[@type='submit']
22:30:21.858 INFO  manager.MyListener - WebDriver start find element -->>>By.xpath: //button[@type='submit']
22:30:21.869 INFO  manager.MyListener - WebDriver found element by locator -->>>By.xpath: //button[@type='submit']
22:30:22.385 INFO  manager.MyListener - WebDriver start find element -->>>By.xpath: //button[@type='submit']
22:30:22.394 INFO  manager.MyListener - WebDriver found element by locator -->>>By.xpath: //button[@type='submit']
