00:30:17.808 INFO  manager.ApplicationManager - All tests run in Chrome browser.
00:30:20.886 INFO  manager.ApplicationManager - Current Url-->>>https://ilcarro-1578153671498.web.app/search
00:30:20.911 INFO  tests.TestBase - Start test with name -->>>searchAnyPeriod
00:30:20.912 INFO  manager.MyListener - WebDriver start find element -->>>By.cssSelector: .logo
00:30:20.928 INFO  manager.MyListener - WebDriver found element by locator -->>>By.cssSelector: .logo
00:30:21.143 INFO  manager.MyListener - WebDriver start find element -->>>By.xpath: //*[@id='city']
00:30:21.161 INFO  manager.MyListener - WebDriver found element by locator -->>>By.xpath: //*[@id='city']
00:30:21.197 INFO  manager.MyListener - WebDriver start find element -->>>By.xpath: //*[@id='dates']
00:30:21.214 INFO  manager.MyListener - WebDriver found element by locator -->>>By.xpath: //*[@id='dates']
00:30:21.279 INFO  manager.MyListener - WebDriver start find element -->>>By.id: city
00:30:21.291 INFO  manager.MyListener - WebDriver found element by locator -->>>By.id: city
00:30:22.365 INFO  manager.MyListener - The name of method with error -->>>click
00:30:22.367 INFO  manager.MyListener - We have a problem ----->>>>>org.openqa.selenium.ElementClickInterceptedException: element click intercepted: Element <input _ngcontent-sji-c72="" formcontrolname="city" id="city" placeholder="" type="text" class="ng-pristine ng-invalid pac-target-input ng-touched" autocomplete="off"> is not clickable at point (335, 266). Other element would receive the click: <div class="cdk-overlay-backdrop mat-overlay-transparent-backdrop cdk-overlay-backdrop-showing"></div>
  (Session info: chrome=103.0.5060.134)
Build info: version: '4.2.2', revision: '683ccb65d6'
System info: host: 'VIKTOR', ip: '192.168.99.192', os.name: 'Windows 11', os.arch: 'amd64', os.version: '10.0', java.version: '11.0.15.1'
Driver info: org.openqa.selenium.chrome.ChromeDriver
Command: [ed1575d81640eab0dfeed11438aa8512, clickElement {id=dd141cea-0919-4c94-bf14-b7405755c704}]
Capabilities {acceptInsecureCerts: false, browserName: chrome, browserVersion: 103.0.5060.134, chrome: {chromedriverVersion: 102.0.5005.61 (0e59bcc00cc4..., userDataDir: C:\Users\Viktor\AppData\Loc...}, goog:chromeOptions: {debuggerAddress: localhost:53004}, networkConnectionEnabled: false, pageLoadStrategy: normal, platformName: WINDOWS, proxy: Proxy(), se:cdp: ws://localhost:53004/devtoo..., se:cdpVersion: 103.0.5060.134, setWindowRect: true, strictFileInteractability: false, timeouts: {implicit: 0, pageLoad: 300000, script: 30000}, unhandledPromptBehavior: dismiss and notify, webauthn:extension:credBlob: true, webauthn:extension:largeBlob: true, webauthn:virtualAuthenticators: true}
Element: [[ChromeDriver: chrome on WINDOWS (ed1575d81640eab0dfeed11438aa8512)] -> id: city]
Session ID: ed1575d81640eab0dfeed11438aa8512
00:30:22.370 INFO  manager.MyListener - WebDriver start find element -->>>By.cssSelector: .logo
00:30:22.384 INFO  manager.MyListener - WebDriver found element by locator -->>>By.cssSelector: .logo
00:30:23.410 INFO  manager.MyListener - The name of method with error -->>>click
00:30:23.410 INFO  manager.MyListener - We have a problem ----->>>>>org.openqa.selenium.ElementClickInterceptedException: element click intercepted: Element <a _ngcontent-sji-c25="" href="/" class="logo">...</a> is not clickable at point (262, 34). Other element would receive the click: <div class="cdk-overlay-backdrop mat-overlay-transparent-backdrop cdk-overlay-backdrop-showing"></div>
  (Session info: chrome=103.0.5060.134)
Build info: version: '4.2.2', revision: '683ccb65d6'
System info: host: 'VIKTOR', ip: '192.168.99.192', os.name: 'Windows 11', os.arch: 'amd64', os.version: '10.0', java.version: '11.0.15.1'
Driver info: org.openqa.selenium.chrome.ChromeDriver
Command: [ed1575d81640eab0dfeed11438aa8512, clickElement {id=8eaad85d-f0fc-4949-87d5-dd49b01b24f4}]
Capabilities {acceptInsecureCerts: false, browserName: chrome, browserVersion: 103.0.5060.134, chrome: {chromedriverVersion: 102.0.5005.61 (0e59bcc00cc4..., userDataDir: C:\Users\Viktor\AppData\Loc...}, goog:chromeOptions: {debuggerAddress: localhost:53004}, networkConnectionEnabled: false, pageLoadStrategy: normal, platformName: WINDOWS, proxy: Proxy(), se:cdp: ws://localhost:53004/devtoo..., se:cdpVersion: 103.0.5060.134, setWindowRect: true, strictFileInteractability: false, timeouts: {implicit: 0, pageLoad: 300000, script: 30000}, unhandledPromptBehavior: dismiss and notify, webauthn:extension:credBlob: true, webauthn:extension:largeBlob: true, webauthn:virtualAuthenticators: true}
Element: [[ChromeDriver: chrome on WINDOWS (ed1575d81640eab0dfeed11438aa8512)] -> css selector: .logo]
Session ID: ed1575d81640eab0dfeed11438aa8512
