00:06:04.742 INFO  manager.ApplicationManager - All tests run in Chrome browser.
00:06:06.831 INFO  manager.ApplicationManager - Current Url-->>>https://ilcarro-1578153671498.web.app/search
00:06:06.856 INFO  tests.TestBase - Start test with name -->>>searchPeriodPast
00:06:06.857 INFO  manager.MyListener - WebDriver start find element -->>>By.id: city
00:06:06.874 INFO  manager.MyListener - WebDriver found element by locator -->>>By.id: city
00:06:07.460 INFO  manager.MyListener - WebDriver start find element -->>>By.cssSelector: .pac-item
00:06:07.478 INFO  manager.MyListener - WebDriver found element by locator -->>>By.cssSelector: .pac-item
00:06:07.502 INFO  manager.MyListener - WebDriver start find element -->>>By.xpath: //*[@id='dates']
00:06:07.516 INFO  manager.MyListener - WebDriver found element by locator -->>>By.xpath: //*[@id='dates']
00:06:08.081 INFO  manager.MyListener - WebDriver start find element -->>>By.xpath: //*[@class='cdk-overlay-backdrop mat-overlay-transparent-backdrop cdk-overlay-backdrop-showing']
00:06:08.096 INFO  manager.MyListener - WebDriver found element by locator -->>>By.xpath: //*[@class='cdk-overlay-backdrop mat-overlay-transparent-backdrop cdk-overlay-backdrop-showing']
00:06:08.122 INFO  manager.MyListener - WebDriver start find element -->>>By.xpath: //*[@id='dates']
00:06:08.135 INFO  manager.MyListener - WebDriver found element by locator -->>>By.xpath: //*[@id='dates']
00:06:08.241 INFO  manager.MyListener - WebDriver start find element -->>>By.cssSelector: .logo
00:06:08.257 INFO  manager.MyListener - WebDriver found element by locator -->>>By.cssSelector: .logo
00:06:09.307 INFO  manager.MyListener - The name of method with error -->>>click
00:06:09.309 INFO  manager.MyListener - We have a problem ----->>>>>org.openqa.selenium.ElementClickInterceptedException: element click intercepted: Element <a _ngcontent-xla-c25="" href="/" class="logo">...</a> is not clickable at point (262, 34). Other element would receive the click: <div class="cdk-overlay-backdrop mat-overlay-transparent-backdrop cdk-overlay-backdrop-showing"></div>
  (Session info: chrome=103.0.5060.134)
Build info: version: '4.2.2', revision: '683ccb65d6'
System info: host: 'VIKTOR', ip: '192.168.99.192', os.name: 'Windows 11', os.arch: 'amd64', os.version: '10.0', java.version: '11.0.15.1'
Driver info: org.openqa.selenium.chrome.ChromeDriver
Command: [31a9318e425c1e40c6076adbffdae089, clickElement {id=b427d95e-27c4-4fc5-ab56-edd616488b4d}]
Capabilities {acceptInsecureCerts: false, browserName: chrome, browserVersion: 103.0.5060.134, chrome: {chromedriverVersion: 102.0.5005.61 (0e59bcc00cc4..., userDataDir: C:\Users\Viktor\AppData\Loc...}, goog:chromeOptions: {debuggerAddress: localhost:51478}, networkConnectionEnabled: false, pageLoadStrategy: normal, platformName: WINDOWS, proxy: Proxy(), se:cdp: ws://localhost:51478/devtoo..., se:cdpVersion: 103.0.5060.134, setWindowRect: true, strictFileInteractability: false, timeouts: {implicit: 0, pageLoad: 300000, script: 30000}, unhandledPromptBehavior: dismiss and notify, webauthn:extension:credBlob: true, webauthn:extension:largeBlob: true, webauthn:virtualAuthenticators: true}
Element: [[ChromeDriver: chrome on WINDOWS (31a9318e425c1e40c6076adbffdae089)] -> css selector: .logo]
Session ID: 31a9318e425c1e40c6076adbffdae089
