23:45:02.470 INFO  manager.ApplicationManager - All tests run in Chrome browser.
23:45:14.466 INFO  manager.ApplicationManager - Current Url-->>>https://ilcarro-1578153671498.web.app/search
23:45:14.491 INFO  tests.TestBase - Start test with name -->>>addNewCarSuccess
23:45:24.517 INFO  manager.MyListener - WebDriver start find element -->>>By.xpath: //*[@href='/login?url=%2Fsearch']
23:45:24.535 INFO  manager.MyListener - WebDriver found element by locator -->>>By.xpath: //*[@href='/login?url=%2Fsearch']
23:45:24.570 INFO  manager.MyListener - WebDriver start find element -->>>By.id: email
23:45:24.588 INFO  manager.MyListener - WebDriver found element by locator -->>>By.id: email
23:45:24.664 INFO  manager.MyListener - WebDriver start find element -->>>By.id: password
23:45:24.680 INFO  manager.MyListener - WebDriver found element by locator -->>>By.id: password
23:45:24.747 INFO  manager.MyListener - WebDriver start find element -->>>By.xpath: //button[@type='submit']
23:45:24.765 INFO  manager.MyListener - WebDriver found element by locator -->>>By.xpath: //button[@type='submit']
23:45:24.793 INFO  manager.MyListener - WebDriver start find element -->>>By.xpath: //button[@type='submit']
23:45:24.807 INFO  manager.MyListener - WebDriver found element by locator -->>>By.xpath: //button[@type='submit']
23:45:25.472 INFO  manager.MyListener - WebDriver start find element -->>>By.xpath: //button[text()='Ok']
23:45:25.488 INFO  manager.MyListener - WebDriver found element by locator -->>>By.xpath: //button[text()='Ok']
23:45:26.517 INFO  manager.MyListener - WebDriver start find element -->>>By.id: 1
23:45:26.533 INFO  manager.MyListener - WebDriver found element by locator -->>>By.id: 1
23:45:26.578 INFO  manager.MyListener - WebDriver start find element -->>>By.id: pickUpPlace
23:45:26.592 INFO  manager.MyListener - WebDriver found element by locator -->>>By.id: pickUpPlace
23:45:26.665 INFO  manager.MyListener - WebDriver start find element -->>>By.cssSelector: div.pac-item
23:45:27.115 INFO  manager.MyListener - WebDriver found element by locator -->>>By.cssSelector: div.pac-item
23:45:27.638 INFO  manager.MyListener - WebDriver start find element -->>>By.id: make
23:45:27.652 INFO  manager.MyListener - WebDriver found element by locator -->>>By.id: make
23:45:27.712 INFO  manager.MyListener - WebDriver start find element -->>>By.id: model
23:45:27.726 INFO  manager.MyListener - WebDriver found element by locator -->>>By.id: model
23:45:27.787 INFO  manager.MyListener - WebDriver start find element -->>>By.id: year
23:45:27.801 INFO  manager.MyListener - WebDriver found element by locator -->>>By.id: year
23:45:27.873 INFO  manager.MyListener - WebDriver start find element -->>>By.id: engine
23:45:27.888 INFO  manager.MyListener - WebDriver found element by locator -->>>By.id: engine
23:45:27.954 INFO  manager.MyListener - WebDriver start find element -->>>By.id: fuel
23:45:27.968 INFO  manager.MyListener - WebDriver found element by locator -->>>By.id: fuel
23:45:28.015 INFO  manager.MyListener - WebDriver start find element -->>>By.id: gear
23:45:28.030 INFO  manager.MyListener - WebDriver found element by locator -->>>By.id: gear
23:45:28.068 INFO  manager.MyListener - WebDriver start find element -->>>By.id: wheelsDrive
23:45:28.081 INFO  manager.MyListener - WebDriver found element by locator -->>>By.id: wheelsDrive
23:45:28.124 INFO  manager.MyListener - WebDriver start find element -->>>By.id: doors
23:45:28.141 INFO  manager.MyListener - WebDriver found element by locator -->>>By.id: doors
23:45:28.215 INFO  manager.MyListener - WebDriver start find element -->>>By.id: seats
23:45:28.228 INFO  manager.MyListener - WebDriver found element by locator -->>>By.id: seats
23:45:28.300 INFO  manager.MyListener - WebDriver start find element -->>>By.id: class
23:45:28.313 INFO  manager.MyListener - WebDriver found element by locator -->>>By.id: class
23:45:28.375 INFO  manager.MyListener - WebDriver start find element -->>>By.id: fuelConsumption
23:45:28.389 INFO  manager.MyListener - WebDriver found element by locator -->>>By.id: fuelConsumption
23:45:28.464 INFO  manager.MyListener - WebDriver start find element -->>>By.id: serialNumber
23:45:28.478 INFO  manager.MyListener - WebDriver found element by locator -->>>By.id: serialNumber
23:45:28.557 INFO  manager.MyListener - WebDriver start find element -->>>By.id: price
23:45:28.572 INFO  manager.MyListener - WebDriver found element by locator -->>>By.id: price
23:45:28.654 INFO  manager.MyListener - WebDriver start find element -->>>By.id: distance
23:45:28.668 INFO  manager.MyListener - WebDriver found element by locator -->>>By.id: distance
23:45:28.750 INFO  manager.MyListener - WebDriver start find element -->>>By.cssSelector: input[placeholder='Type feature']
23:45:28.764 INFO  manager.MyListener - WebDriver found element by locator -->>>By.cssSelector: input[placeholder='Type feature']
23:45:28.843 INFO  manager.MyListener - WebDriver start find element -->>>By.id: about
23:45:28.858 INFO  manager.MyListener - WebDriver found element by locator -->>>By.id: about
23:45:28.932 INFO  manager.MyListener - WebDriver start find element -->>>By.id: photos
23:45:28.946 INFO  manager.MyListener - WebDriver found element by locator -->>>By.id: photos
23:45:28.977 INFO  manager.MyListener - WebDriver start find element -->>>By.xpath: //button[@type='submit']
23:45:28.994 INFO  manager.MyListener - WebDriver found element by locator -->>>By.xpath: //button[@type='submit']
23:45:29.523 INFO  manager.MyListener - WebDriver start find element -->>>By.xpath: //button[@type='submit']
23:45:29.533 INFO  manager.MyListener - WebDriver found element by locator -->>>By.xpath: //button[@type='submit']
23:45:30.052 INFO  manager.MyListener - WebDriver start find element -->>>By.xpath: //button[@type='submit']
23:45:30.063 INFO  manager.MyListener - WebDriver found element by locator -->>>By.xpath: //button[@type='submit']
23:45:30.581 INFO  manager.MyListener - WebDriver start find element -->>>By.xpath: //button[@type='submit']
23:45:30.591 INFO  manager.MyListener - WebDriver found element by locator -->>>By.xpath: //button[@type='submit']
23:45:31.116 INFO  manager.MyListener - WebDriver start find element -->>>By.xpath: //button[@type='submit']
23:45:31.126 INFO  manager.MyListener - WebDriver found element by locator -->>>By.xpath: //button[@type='submit']
23:45:31.649 INFO  manager.MyListener - WebDriver start find element -->>>By.xpath: //button[@type='submit']
23:45:31.659 INFO  manager.MyListener - WebDriver found element by locator -->>>By.xpath: //button[@type='submit']
23:45:32.177 INFO  manager.MyListener - WebDriver start find element -->>>By.xpath: //button[@type='submit']
23:45:32.186 INFO  manager.MyListener - WebDriver found element by locator -->>>By.xpath: //button[@type='submit']
23:45:32.707 INFO  manager.MyListener - WebDriver start find element -->>>By.xpath: //button[@type='submit']
23:45:32.718 INFO  manager.MyListener - WebDriver found element by locator -->>>By.xpath: //button[@type='submit']
23:45:33.233 INFO  manager.MyListener - WebDriver start find element -->>>By.xpath: //button[@type='submit']
23:45:33.243 INFO  manager.MyListener - WebDriver found element by locator -->>>By.xpath: //button[@type='submit']
23:45:33.763 INFO  manager.MyListener - WebDriver start find element -->>>By.xpath: //button[@type='submit']
23:45:33.780 INFO  manager.MyListener - WebDriver found element by locator -->>>By.xpath: //button[@type='submit']
23:45:34.296 INFO  manager.MyListener - WebDriver start find element -->>>By.xpath: //button[@type='submit']
23:45:34.306 INFO  manager.MyListener - WebDriver found element by locator -->>>By.xpath: //button[@type='submit']
23:45:34.321 INFO  manager.MyListener - WebDriver start find element -->>>By.xpath: //button[text()='Search cars']
23:45:44.378 INFO  manager.MyListener - The name of method with error -->>>findElement
23:45:44.378 INFO  manager.MyListener - We have a problem ----->>>>>org.openqa.selenium.NoSuchElementException: no such element: Unable to locate element: {"method":"xpath","selector":"//button[text()='Search cars']"}
  (Session info: chrome=103.0.5060.134)
For documentation on this error, please visit: https://selenium.dev/exceptions/#no_such_element
Build info: version: '4.2.2', revision: '683ccb65d6'
System info: host: 'VIKTOR', ip: '192.168.52.192', os.name: 'Windows 11', os.arch: 'amd64', os.version: '10.0', java.version: '11.0.15.1'
Driver info: org.openqa.selenium.chrome.ChromeDriver
Command: [6cda1cd5c20201604b16950b317d5794, findElement {using=xpath, value=//button[text()='Search cars']}]
Capabilities {acceptInsecureCerts: false, browserName: chrome, browserVersion: 103.0.5060.134, chrome: {chromedriverVersion: 102.0.5005.61 (0e59bcc00cc4..., userDataDir: C:\Users\Viktor\AppData\Loc...}, goog:chromeOptions: {debuggerAddress: localhost:63198}, networkConnectionEnabled: false, pageLoadStrategy: normal, platformName: WINDOWS, proxy: Proxy(), se:cdp: ws://localhost:63198/devtoo..., se:cdpVersion: 103.0.5060.134, setWindowRect: true, strictFileInteractability: false, timeouts: {implicit: 0, pageLoad: 300000, script: 30000}, unhandledPromptBehavior: dismiss and notify, webauthn:extension:credBlob: true, webauthn:extension:largeBlob: true, webauthn:virtualAuthenticators: true}
Session ID: 6cda1cd5c20201604b16950b317d5794
