23:23:09.847 INFO  manager.ApplicationManager - All tests run in Chrome browser.
23:23:26.116 INFO  manager.ApplicationManager - Current Url-->>>https://ilcarro-1578153671498.web.app/search
23:23:26.150 INFO  tests.TestBase - Start test with name -->>>addNewCarSuccess2
23:23:36.169 INFO  manager.MyListener - WebDriver start find element -->>>By.xpath: //*[@href='/login?url=%2Fsearch']
23:23:36.187 INFO  manager.MyListener - WebDriver found element by locator -->>>By.xpath: //*[@href='/login?url=%2Fsearch']
23:23:36.224 INFO  manager.MyListener - WebDriver start find element -->>>By.id: email
23:23:36.244 INFO  manager.MyListener - WebDriver found element by locator -->>>By.id: email
23:23:36.325 INFO  manager.MyListener - WebDriver start find element -->>>By.id: password
23:23:36.342 INFO  manager.MyListener - WebDriver found element by locator -->>>By.id: password
23:23:36.424 INFO  manager.MyListener - WebDriver start find element -->>>By.xpath: //button[@type='submit']
23:23:36.443 INFO  manager.MyListener - WebDriver found element by locator -->>>By.xpath: //button[@type='submit']
23:23:36.472 INFO  manager.MyListener - WebDriver start find element -->>>By.xpath: //button[@type='submit']
23:23:36.486 INFO  manager.MyListener - WebDriver found element by locator -->>>By.xpath: //button[@type='submit']
23:23:37.213 INFO  manager.MyListener - WebDriver start find element -->>>By.xpath: //button[text()='Ok']
23:23:37.229 INFO  manager.MyListener - WebDriver found element by locator -->>>By.xpath: //button[text()='Ok']
23:23:38.270 INFO  manager.MyListener - WebDriver start find element -->>>By.id: 1
23:23:38.286 INFO  manager.MyListener - WebDriver found element by locator -->>>By.id: 1
23:23:38.331 INFO  manager.MyListener - WebDriver start find element -->>>By.id: pickUpPlace
23:23:38.346 INFO  manager.MyListener - WebDriver found element by locator -->>>By.id: pickUpPlace
23:23:38.416 INFO  manager.MyListener - WebDriver start find element -->>>By.cssSelector: div.pac-item
23:23:38.920 INFO  manager.MyListener - WebDriver found element by locator -->>>By.cssSelector: div.pac-item
23:23:39.449 INFO  manager.MyListener - WebDriver start find element -->>>By.id: make
23:23:39.463 INFO  manager.MyListener - WebDriver found element by locator -->>>By.id: make
23:23:39.528 INFO  manager.MyListener - WebDriver start find element -->>>By.id: model
23:23:39.541 INFO  manager.MyListener - WebDriver found element by locator -->>>By.id: model
23:23:39.606 INFO  manager.MyListener - WebDriver start find element -->>>By.id: year
23:23:39.620 INFO  manager.MyListener - WebDriver found element by locator -->>>By.id: year
23:23:39.695 INFO  manager.MyListener - WebDriver start find element -->>>By.id: engine
23:23:39.709 INFO  manager.MyListener - WebDriver found element by locator -->>>By.id: engine
23:23:39.780 INFO  manager.MyListener - WebDriver start find element -->>>By.id: fuel
23:23:39.795 INFO  manager.MyListener - WebDriver found element by locator -->>>By.id: fuel
23:23:39.844 INFO  manager.MyListener - WebDriver start find element -->>>By.id: gear
23:23:39.858 INFO  manager.MyListener - WebDriver found element by locator -->>>By.id: gear
23:23:39.899 INFO  manager.MyListener - WebDriver start find element -->>>By.id: wheelsDrive
23:23:39.914 INFO  manager.MyListener - WebDriver found element by locator -->>>By.id: wheelsDrive
23:23:39.960 INFO  manager.MyListener - WebDriver start find element -->>>By.id: doors
23:23:39.978 INFO  manager.MyListener - WebDriver found element by locator -->>>By.id: doors
23:23:40.059 INFO  manager.MyListener - WebDriver start find element -->>>By.id: seats
23:23:40.074 INFO  manager.MyListener - WebDriver found element by locator -->>>By.id: seats
23:23:40.156 INFO  manager.MyListener - WebDriver start find element -->>>By.id: class
23:23:40.171 INFO  manager.MyListener - WebDriver found element by locator -->>>By.id: class
23:23:40.243 INFO  manager.MyListener - WebDriver start find element -->>>By.id: fuelConsumption
23:23:40.256 INFO  manager.MyListener - WebDriver found element by locator -->>>By.id: fuelConsumption
23:23:40.340 INFO  manager.MyListener - WebDriver start find element -->>>By.id: serialNumber
23:23:40.353 INFO  manager.MyListener - WebDriver found element by locator -->>>By.id: serialNumber
23:23:40.436 INFO  manager.MyListener - WebDriver start find element -->>>By.id: price
23:23:40.450 INFO  manager.MyListener - WebDriver found element by locator -->>>By.id: price
23:23:40.539 INFO  manager.MyListener - WebDriver start find element -->>>By.id: distance
23:23:40.553 INFO  manager.MyListener - WebDriver found element by locator -->>>By.id: distance
23:23:40.631 INFO  manager.MyListener - WebDriver start find element -->>>By.cssSelector: input[placeholder='Type feature']
23:23:40.648 INFO  manager.MyListener - WebDriver found element by locator -->>>By.cssSelector: input[placeholder='Type feature']
23:23:40.729 INFO  manager.MyListener - WebDriver start find element -->>>By.id: about
23:23:40.745 INFO  manager.MyListener - WebDriver found element by locator -->>>By.id: about
23:23:40.824 INFO  manager.MyListener - WebDriver start find element -->>>By.id: photos
23:23:40.844 INFO  manager.MyListener - WebDriver found element by locator -->>>By.id: photos
23:23:40.882 INFO  manager.MyListener - WebDriver start find element -->>>By.xpath: //button[@type='submit']
23:23:40.901 INFO  manager.MyListener - WebDriver found element by locator -->>>By.xpath: //button[@type='submit']
23:23:41.435 INFO  manager.MyListener - WebDriver start find element -->>>By.xpath: //button[@type='submit']
23:23:41.444 INFO  manager.MyListener - WebDriver found element by locator -->>>By.xpath: //button[@type='submit']
23:23:41.960 INFO  manager.MyListener - WebDriver start find element -->>>By.xpath: //button[@type='submit']
23:23:41.969 INFO  manager.MyListener - WebDriver found element by locator -->>>By.xpath: //button[@type='submit']
23:23:42.488 INFO  manager.MyListener - WebDriver start find element -->>>By.xpath: //button[@type='submit']
23:23:42.500 INFO  manager.MyListener - WebDriver found element by locator -->>>By.xpath: //button[@type='submit']
23:23:42.514 INFO  manager.MyListener - WebDriver start find element -->>>By.xpath: //button[@type='submit']
23:23:42.524 INFO  manager.MyListener - WebDriver found element by locator -->>>By.xpath: //button[@type='submit']
23:23:44.562 INFO  manager.MyListener - WebDriver start find element -->>>By.cssSelector: div.dialog-container
23:23:44.574 INFO  manager.MyListener - WebDriver found element by locator -->>>By.cssSelector: div.dialog-container
23:23:44.585 INFO  manager.MyListener - WebDriver start find element -->>>By.cssSelector: div.dialog-container h1
23:23:44.596 INFO  manager.MyListener - WebDriver found element by locator -->>>By.cssSelector: div.dialog-container h1
23:23:44.608 INFO  manager.MyListener - WebDriver start find element -->>>By.xpath: //button[text()='Search cars']
23:23:44.619 INFO  manager.MyListener - WebDriver found element by locator -->>>By.xpath: //button[text()='Search cars']
23:23:44.643 INFO  tests.TestBase - Start test with name -->>>addNewCarSuccess2
23:23:54.654 INFO  manager.MyListener - WebDriver start find element -->>>By.xpath: //*[@href='/login?url=%2Fsearch']
23:24:04.713 INFO  manager.MyListener - The name of method with error -->>>findElement
23:24:04.715 INFO  manager.MyListener - We have a problem ----->>>>>org.openqa.selenium.NoSuchElementException: no such element: Unable to locate element: {"method":"xpath","selector":"//*[@href='/login?url=%2Fsearch']"}
  (Session info: chrome=103.0.5060.134)
For documentation on this error, please visit: https://selenium.dev/exceptions/#no_such_element
Build info: version: '4.2.2', revision: '683ccb65d6'
System info: host: 'VIKTOR', ip: '192.168.52.192', os.name: 'Windows 11', os.arch: 'amd64', os.version: '10.0', java.version: '11.0.15.1'
Driver info: org.openqa.selenium.chrome.ChromeDriver
Command: [e6306b5369e275a18d673bae99b1d102, findElement {using=xpath, value=//*[@href='/login?url=%2Fsearch']}]
Capabilities {acceptInsecureCerts: false, browserName: chrome, browserVersion: 103.0.5060.134, chrome: {chromedriverVersion: 102.0.5005.61 (0e59bcc00cc4..., userDataDir: C:\Users\Viktor\AppData\Loc...}, goog:chromeOptions: {debuggerAddress: localhost:60432}, networkConnectionEnabled: false, pageLoadStrategy: normal, platformName: WINDOWS, proxy: Proxy(), se:cdp: ws://localhost:60432/devtoo..., se:cdpVersion: 103.0.5060.134, setWindowRect: true, strictFileInteractability: false, timeouts: {implicit: 0, pageLoad: 300000, script: 30000}, unhandledPromptBehavior: dismiss and notify, webauthn:extension:credBlob: true, webauthn:extension:largeBlob: true, webauthn:virtualAuthenticators: true}
Session ID: e6306b5369e275a18d673bae99b1d102
23:24:04.717 INFO  manager.MyListener - WebDriver start find element -->>>By.xpath: //button[text()='Search cars']
23:24:14.771 INFO  manager.MyListener - The name of method with error -->>>findElement
23:24:14.772 INFO  manager.MyListener - We have a problem ----->>>>>org.openqa.selenium.NoSuchElementException: no such element: Unable to locate element: {"method":"xpath","selector":"//button[text()='Search cars']"}
  (Session info: chrome=103.0.5060.134)
For documentation on this error, please visit: https://selenium.dev/exceptions/#no_such_element
Build info: version: '4.2.2', revision: '683ccb65d6'
System info: host: 'VIKTOR', ip: '192.168.52.192', os.name: 'Windows 11', os.arch: 'amd64', os.version: '10.0', java.version: '11.0.15.1'
Driver info: org.openqa.selenium.chrome.ChromeDriver
Command: [e6306b5369e275a18d673bae99b1d102, findElement {using=xpath, value=//button[text()='Search cars']}]
Capabilities {acceptInsecureCerts: false, browserName: chrome, browserVersion: 103.0.5060.134, chrome: {chromedriverVersion: 102.0.5005.61 (0e59bcc00cc4..., userDataDir: C:\Users\Viktor\AppData\Loc...}, goog:chromeOptions: {debuggerAddress: localhost:60432}, networkConnectionEnabled: false, pageLoadStrategy: normal, platformName: WINDOWS, proxy: Proxy(), se:cdp: ws://localhost:60432/devtoo..., se:cdpVersion: 103.0.5060.134, setWindowRect: true, strictFileInteractability: false, timeouts: {implicit: 0, pageLoad: 300000, script: 30000}, unhandledPromptBehavior: dismiss and notify, webauthn:extension:credBlob: true, webauthn:extension:largeBlob: true, webauthn:virtualAuthenticators: true}
Session ID: e6306b5369e275a18d673bae99b1d102
