20:53:49.436 INFO  manager.ApplicationManager - All tests run in Chrome browser.
20:53:55.636 INFO  manager.ApplicationManager - Current Url-->>>https://ilcarro-1578153671498.web.app/search
20:53:55.664 INFO  tests.TestBase - Start test with name -->>>searchAnyPeriod
20:53:55.666 INFO  manager.MyListener - WebDriver start find element -->>>By.id: city
20:53:55.684 INFO  manager.MyListener - WebDriver found element by locator -->>>By.id: city
20:53:56.265 INFO  manager.MyListener - WebDriver start find element -->>>By.cssSelector: .pac-item
20:53:56.283 INFO  manager.MyListener - WebDriver found element by locator -->>>By.cssSelector: .pac-item
20:53:56.306 INFO  manager.MyListener - WebDriver start find element -->>>By.id: dates
20:53:56.323 INFO  manager.MyListener - WebDriver found element by locator -->>>By.id: dates
20:53:56.371 INFO  manager.MyListener - WebDriver start find element -->>>By.id: dates
20:53:56.385 INFO  manager.MyListener - WebDriver found element by locator -->>>By.id: dates
20:53:56.443 INFO  manager.MyListener - WebDriver start find element -->>>By.xpath: //button[@aria-label='Next month']
20:53:56.457 INFO  manager.MyListener - WebDriver found element by locator -->>>By.xpath: //button[@aria-label='Next month']
20:53:56.494 INFO  manager.MyListener - WebDriver start find element -->>>By.xpath: //button[@aria-label='Next month']
20:53:56.510 INFO  manager.MyListener - WebDriver found element by locator -->>>By.xpath: //button[@aria-label='Next month']
20:53:56.545 INFO  manager.MyListener - WebDriver start find element -->>>By.xpath: //button[@aria-label='Next month']
20:53:56.558 INFO  manager.MyListener - WebDriver found element by locator -->>>By.xpath: //button[@aria-label='Next month']
20:53:56.591 INFO  manager.MyListener - WebDriver start find element -->>>By.xpath: //button[@aria-label='Next month']
20:53:56.604 INFO  manager.MyListener - WebDriver found element by locator -->>>By.xpath: //button[@aria-label='Next month']
20:53:56.633 INFO  manager.MyListener - WebDriver start find element -->>>By.xpath: //button[@aria-label='Next month']
20:53:56.648 INFO  manager.MyListener - WebDriver found element by locator -->>>By.xpath: //button[@aria-label='Next month']
20:53:56.693 INFO  manager.MyListener - WebDriver start find element -->>>By.xpath: //button[@aria-label='Next month']
20:53:56.704 INFO  manager.MyListener - WebDriver found element by locator -->>>By.xpath: //button[@aria-label='Next month']
20:53:56.734 INFO  manager.MyListener - WebDriver start find element -->>>By.xpath: //button[@aria-label='Next month']
20:53:56.747 INFO  manager.MyListener - WebDriver found element by locator -->>>By.xpath: //button[@aria-label='Next month']
20:53:56.773 INFO  manager.MyListener - WebDriver start find element -->>>By.xpath: //button[@aria-label='Next month']
20:53:56.785 INFO  manager.MyListener - WebDriver found element by locator -->>>By.xpath: //button[@aria-label='Next month']
20:53:56.814 INFO  manager.MyListener - WebDriver start find element -->>>By.xpath: //button[@aria-label='Next month']
20:53:56.826 INFO  manager.MyListener - WebDriver found element by locator -->>>By.xpath: //button[@aria-label='Next month']
20:53:56.857 INFO  manager.MyListener - WebDriver start find element -->>>By.xpath: //button[@aria-label='Next month']
20:53:56.869 INFO  manager.MyListener - WebDriver found element by locator -->>>By.xpath: //button[@aria-label='Next month']
20:53:56.894 INFO  manager.MyListener - WebDriver start find element -->>>By.xpath: //div[text()=' 10 ']
20:53:56.908 INFO  manager.MyListener - WebDriver found element by locator -->>>By.xpath: //div[text()=' 10 ']
20:53:56.942 INFO  manager.MyListener - WebDriver start find element -->>>By.xpath: //button[@aria-label='Next month']
20:53:56.954 INFO  manager.MyListener - WebDriver found element by locator -->>>By.xpath: //button[@aria-label='Next month']
20:53:56.982 INFO  manager.MyListener - WebDriver start find element -->>>By.xpath: //div[text()=' 15 ']
20:53:56.997 INFO  manager.MyListener - WebDriver found element by locator -->>>By.xpath: //div[text()=' 15 ']
20:53:57.037 INFO  manager.MyListener - WebDriver start find element -->>>By.xpath: //button[@type='submit']
20:53:57.053 INFO  manager.MyListener - WebDriver found element by locator -->>>By.xpath: //button[@type='submit']
20:53:57.082 INFO  manager.MyListener - WebDriver start find element -->>>By.xpath: //button[@type='submit']
20:53:57.095 INFO  manager.MyListener - WebDriver found element by locator -->>>By.xpath: //button[@type='submit']
20:53:58.354 INFO  manager.MyListener - WebDriver start find element -->>>By.cssSelector: .logo
20:53:58.368 INFO  manager.MyListener - WebDriver found element by locator -->>>By.cssSelector: .logo
20:53:58.609 INFO  tests.TestBase - Start test with name -->>>searchCurrentMonth
20:53:58.610 INFO  manager.MyListener - WebDriver start find element -->>>By.id: city
20:53:58.622 INFO  manager.MyListener - WebDriver found element by locator -->>>By.id: city
20:53:59.224 INFO  manager.MyListener - WebDriver start find element -->>>By.cssSelector: .pac-item
20:53:59.234 INFO  manager.MyListener - WebDriver found element by locator -->>>By.cssSelector: .pac-item
20:53:59.255 INFO  manager.MyListener - WebDriver start find element -->>>By.id: dates
20:53:59.266 INFO  manager.MyListener - WebDriver found element by locator -->>>By.id: dates
20:53:59.308 INFO  manager.MyListener - WebDriver start find element -->>>By.id: dates
20:53:59.319 INFO  manager.MyListener - WebDriver found element by locator -->>>By.id: dates
20:53:59.344 INFO  manager.MyListener - WebDriver start find element -->>>By.id: dates
20:53:59.353 INFO  manager.MyListener - WebDriver found element by locator -->>>By.id: dates
20:53:59.390 INFO  manager.MyListener - WebDriver start find element -->>>By.xpath: //div[text()=' 6 ']
20:53:59.406 INFO  manager.MyListener - WebDriver found element by locator -->>>By.xpath: //div[text()=' 6 ']
20:53:59.442 INFO  manager.MyListener - WebDriver start find element -->>>By.xpath: //div[text()=' 9 ']
20:53:59.455 INFO  manager.MyListener - WebDriver found element by locator -->>>By.xpath: //div[text()=' 9 ']
20:53:59.487 INFO  manager.MyListener - WebDriver start find element -->>>By.xpath: //button[@type='submit']
20:53:59.508 INFO  manager.MyListener - WebDriver found element by locator -->>>By.xpath: //button[@type='submit']
20:53:59.529 INFO  manager.MyListener - WebDriver start find element -->>>By.xpath: //button[@type='submit']
20:53:59.539 INFO  manager.MyListener - WebDriver found element by locator -->>>By.xpath: //button[@type='submit']
20:54:01.102 INFO  manager.MyListener - WebDriver start find element -->>>By.cssSelector: .logo
20:54:01.113 INFO  manager.MyListener - WebDriver found element by locator -->>>By.cssSelector: .logo
20:54:01.234 INFO  tests.TestBase - Start test with name -->>>searchCurrentYear
20:54:01.235 INFO  manager.MyListener - WebDriver start find element -->>>By.id: city
20:54:01.246 INFO  manager.MyListener - WebDriver found element by locator -->>>By.id: city
20:54:01.827 INFO  manager.MyListener - WebDriver start find element -->>>By.cssSelector: .pac-item
20:54:01.838 INFO  manager.MyListener - WebDriver found element by locator -->>>By.cssSelector: .pac-item
20:54:01.859 INFO  manager.MyListener - WebDriver start find element -->>>By.id: dates
20:54:01.869 INFO  manager.MyListener - WebDriver found element by locator -->>>By.id: dates
20:54:01.906 INFO  manager.MyListener - WebDriver start find element -->>>By.id: dates
20:54:01.917 INFO  manager.MyListener - WebDriver found element by locator -->>>By.id: dates
20:54:01.938 INFO  manager.MyListener - WebDriver start find element -->>>By.id: dates
20:54:01.946 INFO  manager.MyListener - WebDriver found element by locator -->>>By.id: dates
20:54:01.981 INFO  manager.MyListener - WebDriver start find element -->>>By.xpath: //button[@aria-label='Next month']
20:54:01.994 INFO  manager.MyListener - WebDriver found element by locator -->>>By.xpath: //button[@aria-label='Next month']
20:54:02.030 INFO  manager.MyListener - WebDriver start find element -->>>By.xpath: //div[text()=' 10 ']
20:54:02.041 INFO  manager.MyListener - WebDriver found element by locator -->>>By.xpath: //div[text()=' 10 ']
20:54:02.080 INFO  manager.MyListener - WebDriver start find element -->>>By.xpath: //div[text()=' 20 ']
20:54:02.094 INFO  manager.MyListener - WebDriver found element by locator -->>>By.xpath: //div[text()=' 20 ']
20:54:02.130 INFO  manager.MyListener - WebDriver start find element -->>>By.xpath: //button[@type='submit']
20:54:02.143 INFO  manager.MyListener - WebDriver found element by locator -->>>By.xpath: //button[@type='submit']
20:54:02.163 INFO  manager.MyListener - WebDriver start find element -->>>By.xpath: //button[@type='submit']
20:54:02.173 INFO  manager.MyListener - WebDriver found element by locator -->>>By.xpath: //button[@type='submit']
20:54:03.121 INFO  manager.MyListener - WebDriver start find element -->>>By.cssSelector: .logo
20:54:03.129 INFO  manager.MyListener - WebDriver found element by locator -->>>By.cssSelector: .logo
20:54:03.244 INFO  tests.TestBase - Start test with name -->>>searchCurrentYear2
20:54:03.244 INFO  manager.MyListener - WebDriver start find element -->>>By.id: city
20:54:03.255 INFO  manager.MyListener - WebDriver found element by locator -->>>By.id: city
20:54:03.843 INFO  manager.MyListener - WebDriver start find element -->>>By.cssSelector: .pac-item
20:54:03.852 INFO  manager.MyListener - WebDriver found element by locator -->>>By.cssSelector: .pac-item
20:54:03.872 INFO  manager.MyListener - WebDriver start find element -->>>By.id: dates
20:54:03.883 INFO  manager.MyListener - WebDriver found element by locator -->>>By.id: dates
20:54:03.920 INFO  manager.MyListener - WebDriver start find element -->>>By.id: dates
20:54:03.930 INFO  manager.MyListener - WebDriver found element by locator -->>>By.id: dates
20:54:03.949 INFO  manager.MyListener - WebDriver start find element -->>>By.id: dates
20:54:03.958 INFO  manager.MyListener - WebDriver found element by locator -->>>By.id: dates
20:54:03.993 INFO  manager.MyListener - WebDriver start find element -->>>By.xpath: //button[@aria-label='Next month']
20:54:04.004 INFO  manager.MyListener - WebDriver found element by locator -->>>By.xpath: //button[@aria-label='Next month']
20:54:04.038 INFO  manager.MyListener - WebDriver start find element -->>>By.xpath: //div[text()=' 10 ']
20:54:04.049 INFO  manager.MyListener - WebDriver found element by locator -->>>By.xpath: //div[text()=' 10 ']
20:54:04.081 INFO  manager.MyListener - WebDriver start find element -->>>By.xpath: //button[@aria-label='Next month']
20:54:04.091 INFO  manager.MyListener - WebDriver found element by locator -->>>By.xpath: //button[@aria-label='Next month']
20:54:04.124 INFO  manager.MyListener - WebDriver start find element -->>>By.xpath: //button[@aria-label='Next month']
20:54:04.137 INFO  manager.MyListener - WebDriver found element by locator -->>>By.xpath: //button[@aria-label='Next month']
20:54:04.164 INFO  manager.MyListener - WebDriver start find element -->>>By.xpath: //div[text()=' 20 ']
20:54:04.174 INFO  manager.MyListener - WebDriver found element by locator -->>>By.xpath: //div[text()=' 20 ']
20:54:04.208 INFO  manager.MyListener - WebDriver start find element -->>>By.xpath: //button[@type='submit']
20:54:04.218 INFO  manager.MyListener - WebDriver found element by locator -->>>By.xpath: //button[@type='submit']
20:54:04.236 INFO  manager.MyListener - WebDriver start find element -->>>By.xpath: //button[@type='submit']
20:54:04.246 INFO  manager.MyListener - WebDriver found element by locator -->>>By.xpath: //button[@type='submit']
20:54:05.425 INFO  manager.MyListener - WebDriver start find element -->>>By.cssSelector: .logo
20:54:05.435 INFO  manager.MyListener - WebDriver found element by locator -->>>By.cssSelector: .logo
20:54:05.548 INFO  tests.TestBase - Start test with name -->>>searchCurrentYearLocalDate
20:54:05.549 INFO  manager.MyListener - WebDriver start find element -->>>By.id: city
20:54:05.561 INFO  manager.MyListener - WebDriver found element by locator -->>>By.id: city
20:54:06.146 INFO  manager.MyListener - WebDriver start find element -->>>By.cssSelector: .pac-item
20:54:06.156 INFO  manager.MyListener - WebDriver found element by locator -->>>By.cssSelector: .pac-item
20:54:06.178 INFO  manager.MyListener - WebDriver start find element -->>>By.id: dates
20:54:06.188 INFO  manager.MyListener - WebDriver found element by locator -->>>By.id: dates
20:54:06.232 INFO  manager.MyListener - WebDriver start find element -->>>By.id: dates
20:54:06.241 INFO  manager.MyListener - WebDriver found element by locator -->>>By.id: dates
20:54:06.276 INFO  manager.MyListener - WebDriver start find element -->>>By.xpath: //div[text()=' 10 ']
20:54:06.289 INFO  manager.MyListener - WebDriver found element by locator -->>>By.xpath: //div[text()=' 10 ']
20:54:06.321 INFO  manager.MyListener - WebDriver start find element -->>>By.xpath: //button[@aria-label='Next month']
20:54:06.330 INFO  manager.MyListener - WebDriver found element by locator -->>>By.xpath: //button[@aria-label='Next month']
20:54:06.363 INFO  manager.MyListener - WebDriver start find element -->>>By.xpath: //button[@aria-label='Next month']
20:54:06.374 INFO  manager.MyListener - WebDriver found element by locator -->>>By.xpath: //button[@aria-label='Next month']
20:54:06.405 INFO  manager.MyListener - WebDriver start find element -->>>By.xpath: //div[text()=' 20 ']
20:54:06.417 INFO  manager.MyListener - WebDriver found element by locator -->>>By.xpath: //div[text()=' 20 ']
20:54:06.454 INFO  manager.MyListener - WebDriver start find element -->>>By.xpath: //button[@type='submit']
20:54:06.465 INFO  manager.MyListener - WebDriver found element by locator -->>>By.xpath: //button[@type='submit']
20:54:06.481 INFO  manager.MyListener - WebDriver start find element -->>>By.xpath: //button[@type='submit']
20:54:06.492 INFO  manager.MyListener - WebDriver found element by locator -->>>By.xpath: //button[@type='submit']
20:54:07.419 INFO  manager.MyListener - WebDriver start find element -->>>By.cssSelector: .logo
20:54:07.428 INFO  manager.MyListener - WebDriver found element by locator -->>>By.cssSelector: .logo
20:54:07.599 INFO  tests.TestBase - Start test with name -->>>searchNextMonth
20:54:07.600 INFO  manager.MyListener - WebDriver start find element -->>>By.id: city
20:54:07.609 INFO  manager.MyListener - WebDriver found element by locator -->>>By.id: city
20:54:08.194 INFO  manager.MyListener - WebDriver start find element -->>>By.cssSelector: .pac-item
20:54:08.203 INFO  manager.MyListener - WebDriver found element by locator -->>>By.cssSelector: .pac-item
20:54:08.225 INFO  manager.MyListener - WebDriver start find element -->>>By.id: dates
20:54:08.233 INFO  manager.MyListener - WebDriver found element by locator -->>>By.id: dates
20:54:08.277 INFO  manager.MyListener - WebDriver start find element -->>>By.id: dates
20:54:08.288 INFO  manager.MyListener - WebDriver found element by locator -->>>By.id: dates
20:54:08.327 INFO  manager.MyListener - WebDriver start find element -->>>By.xpath: //button[@aria-label='Next month']
20:54:08.339 INFO  manager.MyListener - WebDriver found element by locator -->>>By.xpath: //button[@aria-label='Next month']
20:54:08.379 INFO  manager.MyListener - WebDriver start find element -->>>By.xpath: //div[text()=' 28 ']
20:54:08.392 INFO  manager.MyListener - WebDriver found element by locator -->>>By.xpath: //div[text()=' 28 ']
20:54:08.429 INFO  manager.MyListener - WebDriver start find element -->>>By.xpath: //div[text()=' 27 ']
20:54:08.442 INFO  manager.MyListener - WebDriver found element by locator -->>>By.xpath: //div[text()=' 27 ']
20:54:08.480 INFO  manager.MyListener - WebDriver start find element -->>>By.xpath: //button[@type='submit']
20:54:08.492 INFO  manager.MyListener - WebDriver found element by locator -->>>By.xpath: //button[@type='submit']
20:54:08.509 INFO  manager.MyListener - WebDriver start find element -->>>By.xpath: //button[@type='submit']
20:54:08.522 INFO  manager.MyListener - WebDriver found element by locator -->>>By.xpath: //button[@type='submit']
20:54:10.106 INFO  manager.MyListener - WebDriver start find element -->>>By.cssSelector: .logo
20:54:10.115 INFO  manager.MyListener - WebDriver found element by locator -->>>By.cssSelector: .logo
20:54:10.240 INFO  tests.TestBase - Start test with name -->>>searchPeriodPast
20:54:10.241 INFO  manager.MyListener - WebDriver start find element -->>>By.id: city
20:54:10.253 INFO  manager.MyListener - WebDriver found element by locator -->>>By.id: city
20:54:10.866 INFO  manager.MyListener - WebDriver start find element -->>>By.cssSelector: .pac-item
20:54:11.304 INFO  manager.MyListener - WebDriver found element by locator -->>>By.cssSelector: .pac-item
20:54:11.327 INFO  manager.MyListener - WebDriver start find element -->>>By.id: dates
20:54:11.337 INFO  manager.MyListener - WebDriver found element by locator -->>>By.id: dates
20:54:11.377 INFO  manager.MyListener - WebDriver start find element -->>>By.xpath: //*[@id='dates']
20:54:11.389 INFO  manager.MyListener - WebDriver found element by locator -->>>By.xpath: //*[@id='dates']
20:54:11.930 INFO  manager.MyListener - WebDriver start find element -->>>By.xpath: //*[@class='cdk-overlay-backdrop mat-overlay-transparent-backdrop cdk-overlay-backdrop-showing']
20:54:11.942 INFO  manager.MyListener - WebDriver found element by locator -->>>By.xpath: //*[@class='cdk-overlay-backdrop mat-overlay-transparent-backdrop cdk-overlay-backdrop-showing']
20:54:11.966 INFO  manager.MyListener - WebDriver start find element -->>>By.xpath: //*[@id='dates']
20:54:11.975 INFO  manager.MyListener - WebDriver found element by locator -->>>By.xpath: //*[@id='dates']
20:54:12.081 INFO  manager.MyListener - WebDriver start find element -->>>By.xpath: //*[@class='cdk-overlay-backdrop mat-overlay-transparent-backdrop cdk-overlay-backdrop-showing']
20:54:12.095 INFO  manager.MyListener - WebDriver found element by locator -->>>By.xpath: //*[@class='cdk-overlay-backdrop mat-overlay-transparent-backdrop cdk-overlay-backdrop-showing']
20:54:12.243 INFO  manager.MyListener - WebDriver start find element -->>>By.cssSelector: [type='submit']
20:54:12.260 INFO  manager.MyListener - WebDriver found element by locator -->>>By.cssSelector: [type='submit']
20:54:12.267 INFO  manager.MyListener - WebDriver start find element -->>>By.cssSelector: div.error div
20:54:12.283 INFO  manager.MyListener - WebDriver found element by locator -->>>By.cssSelector: div.error div
20:54:12.295 INFO  manager.MyListener - WebDriver start find element -->>>By.cssSelector: .logo
20:54:12.306 INFO  manager.MyListener - WebDriver found element by locator -->>>By.cssSelector: .logo
