20:22:29.391 INFO  manager.ApplicationManager - All tests run in Chrome browser.
20:22:35.757 INFO  manager.ApplicationManager - Current Url-->>>https://ilcarro-1578153671498.web.app/search
20:22:35.787 INFO  tests.TestBase - Start test with name -->>>successLoginDP
20:22:45.823 INFO  tests.TestBase - Test start with email: viktor@gmail.com& password: Vviktor12345$
20:22:45.824 INFO  manager.MyListener - WebDriver start find element -->>>By.xpath: //*[@href='/login?url=%2Fsearch']
20:22:45.844 INFO  manager.MyListener - WebDriver found element by locator -->>>By.xpath: //*[@href='/login?url=%2Fsearch']
20:22:45.885 INFO  manager.MyListener - WebDriver start find element -->>>By.xpath: //input[@id='email']
20:22:45.905 INFO  manager.MyListener - WebDriver found element by locator -->>>By.xpath: //input[@id='email']
20:22:46.166 INFO  manager.MyListener - WebDriver start find element -->>>By.xpath: //input[@id='password']
20:22:46.182 INFO  manager.MyListener - WebDriver found element by locator -->>>By.xpath: //input[@id='password']
20:22:46.249 INFO  manager.MyListener - WebDriver start find element -->>>By.xpath: //button[@type='submit']
20:22:46.265 INFO  manager.MyListener - WebDriver found element by locator -->>>By.xpath: //button[@type='submit']
20:22:46.297 INFO  manager.MyListener - WebDriver start find element -->>>By.xpath: //button[@type='submit']
20:22:46.315 INFO  manager.MyListener - WebDriver found element by locator -->>>By.xpath: //button[@type='submit']
20:22:48.348 INFO  manager.MyListener - WebDriver start find element -->>>By.cssSelector: div.dialog-container
20:22:48.365 INFO  manager.MyListener - WebDriver found element by locator -->>>By.cssSelector: div.dialog-container
20:22:48.379 INFO  manager.MyListener - WebDriver start find element -->>>By.cssSelector: div.dialog-container h1
20:22:48.394 INFO  manager.MyListener - WebDriver found element by locator -->>>By.cssSelector: div.dialog-container h1
20:22:48.405 INFO  tests.TestBase - Test passed
20:22:48.420 INFO  manager.MyListener - WebDriver start find element -->>>By.xpath: //button[text()='Ok']
20:22:48.436 INFO  manager.MyListener - WebDriver found element by locator -->>>By.xpath: //button[text()='Ok']
20:22:48.460 INFO  tests.TestBase - Start test with name -->>>successLoginDP
20:22:48.473 INFO  manager.MyListener - WebDriver start find element -->>>By.xpath: //button[text()='Ok']
20:22:48.486 INFO  manager.MyListener - WebDriver found element by locator -->>>By.xpath: //button[text()='Ok']
20:22:48.502 INFO  manager.MyListener - WebDriver start find element -->>>By.xpath: //*[text()=' Logout ']
20:22:48.516 INFO  manager.MyListener - WebDriver found element by locator -->>>By.xpath: //*[text()=' Logout ']
20:22:48.566 INFO  tests.TestBase - Test start with logout
20:22:48.567 INFO  tests.TestBase - Test start with email: viktor@gmail.com& password: Vviktor12345$
20:22:48.567 INFO  manager.MyListener - WebDriver start find element -->>>By.xpath: //*[@href='/login?url=%2Fsearch']
20:22:48.581 INFO  manager.MyListener - WebDriver found element by locator -->>>By.xpath: //*[@href='/login?url=%2Fsearch']
20:22:48.612 INFO  manager.MyListener - WebDriver start find element -->>>By.xpath: //input[@id='email']
20:22:48.623 INFO  manager.MyListener - WebDriver found element by locator -->>>By.xpath: //input[@id='email']
20:22:49.474 INFO  manager.MyListener - WebDriver start find element -->>>By.xpath: //input[@id='password']
20:22:49.486 INFO  manager.MyListener - WebDriver found element by locator -->>>By.xpath: //input[@id='password']
20:22:49.556 INFO  manager.MyListener - WebDriver start find element -->>>By.xpath: //button[@type='submit']
20:22:49.573 INFO  manager.MyListener - WebDriver found element by locator -->>>By.xpath: //button[@type='submit']
20:22:49.595 INFO  manager.MyListener - WebDriver start find element -->>>By.xpath: //button[@type='submit']
20:22:49.609 INFO  manager.MyListener - WebDriver found element by locator -->>>By.xpath: //button[@type='submit']
20:22:51.646 INFO  manager.MyListener - WebDriver start find element -->>>By.cssSelector: div.dialog-container
20:22:51.657 INFO  manager.MyListener - WebDriver found element by locator -->>>By.cssSelector: div.dialog-container
20:22:51.667 INFO  manager.MyListener - WebDriver start find element -->>>By.cssSelector: div.dialog-container h1
20:22:51.678 INFO  manager.MyListener - WebDriver found element by locator -->>>By.cssSelector: div.dialog-container h1
20:22:51.686 INFO  tests.TestBase - Test passed
20:22:51.698 INFO  manager.MyListener - WebDriver start find element -->>>By.xpath: //button[text()='Ok']
20:22:51.709 INFO  manager.MyListener - WebDriver found element by locator -->>>By.xpath: //button[text()='Ok']
20:22:51.730 INFO  tests.TestBase - Start test with name -->>>successLoginDP
20:22:51.744 INFO  manager.MyListener - WebDriver start find element -->>>By.xpath: //button[text()='Ok']
20:22:51.756 INFO  manager.MyListener - WebDriver found element by locator -->>>By.xpath: //button[text()='Ok']
20:22:51.772 INFO  manager.MyListener - WebDriver start find element -->>>By.xpath: //*[text()=' Logout ']
20:22:51.784 INFO  manager.MyListener - WebDriver found element by locator -->>>By.xpath: //*[text()=' Logout ']
20:22:51.834 INFO  tests.TestBase - Test start with logout
20:22:51.835 INFO  tests.TestBase - Test start with email: viktor@gmail.com& password: Vviktor12345$
20:22:51.835 INFO  manager.MyListener - WebDriver start find element -->>>By.xpath: //*[@href='/login?url=%2Fsearch']
20:22:51.850 INFO  manager.MyListener - WebDriver found element by locator -->>>By.xpath: //*[@href='/login?url=%2Fsearch']
20:22:51.884 INFO  manager.MyListener - WebDriver start find element -->>>By.xpath: //input[@id='email']
20:22:51.897 INFO  manager.MyListener - WebDriver found element by locator -->>>By.xpath: //input[@id='email']
20:22:52.727 INFO  manager.MyListener - WebDriver start find element -->>>By.xpath: //input[@id='password']
20:22:52.738 INFO  manager.MyListener - WebDriver found element by locator -->>>By.xpath: //input[@id='password']
20:22:52.800 INFO  manager.MyListener - WebDriver start find element -->>>By.xpath: //button[@type='submit']
20:22:52.812 INFO  manager.MyListener - WebDriver found element by locator -->>>By.xpath: //button[@type='submit']
20:22:52.830 INFO  manager.MyListener - WebDriver start find element -->>>By.xpath: //button[@type='submit']
20:22:52.842 INFO  manager.MyListener - WebDriver found element by locator -->>>By.xpath: //button[@type='submit']
20:22:54.886 INFO  manager.MyListener - WebDriver start find element -->>>By.cssSelector: div.dialog-container
20:22:54.896 INFO  manager.MyListener - WebDriver found element by locator -->>>By.cssSelector: div.dialog-container
20:22:54.905 INFO  manager.MyListener - WebDriver start find element -->>>By.cssSelector: div.dialog-container h1
20:22:54.914 INFO  manager.MyListener - WebDriver found element by locator -->>>By.cssSelector: div.dialog-container h1
20:22:54.923 INFO  tests.TestBase - Test passed
20:22:54.932 INFO  manager.MyListener - WebDriver start find element -->>>By.xpath: //button[text()='Ok']
20:22:54.942 INFO  manager.MyListener - WebDriver found element by locator -->>>By.xpath: //button[text()='Ok']
20:22:54.964 INFO  tests.TestBase - Start test with name -->>>successLoginDP
20:22:54.975 INFO  manager.MyListener - WebDriver start find element -->>>By.xpath: //button[text()='Ok']
20:22:54.986 INFO  manager.MyListener - WebDriver found element by locator -->>>By.xpath: //button[text()='Ok']
20:22:55.002 INFO  manager.MyListener - WebDriver start find element -->>>By.xpath: //*[text()=' Logout ']
20:22:55.014 INFO  manager.MyListener - WebDriver found element by locator -->>>By.xpath: //*[text()=' Logout ']
20:22:55.058 INFO  tests.TestBase - Test start with logout
20:22:55.059 INFO  tests.TestBase - Test start with email: viktor@gmail.com& password: Vviktor12345$
20:22:55.059 INFO  manager.MyListener - WebDriver start find element -->>>By.xpath: //*[@href='/login?url=%2Fsearch']
20:22:55.072 INFO  manager.MyListener - WebDriver found element by locator -->>>By.xpath: //*[@href='/login?url=%2Fsearch']
20:22:55.104 INFO  manager.MyListener - WebDriver start find element -->>>By.xpath: //input[@id='email']
20:22:55.116 INFO  manager.MyListener - WebDriver found element by locator -->>>By.xpath: //input[@id='email']
20:22:55.913 INFO  manager.MyListener - WebDriver start find element -->>>By.xpath: //input[@id='password']
20:22:55.923 INFO  manager.MyListener - WebDriver found element by locator -->>>By.xpath: //input[@id='password']
20:22:55.988 INFO  manager.MyListener - WebDriver start find element -->>>By.xpath: //button[@type='submit']
20:22:56.001 INFO  manager.MyListener - WebDriver found element by locator -->>>By.xpath: //button[@type='submit']
20:22:56.018 INFO  manager.MyListener - WebDriver start find element -->>>By.xpath: //button[@type='submit']
20:22:56.030 INFO  manager.MyListener - WebDriver found element by locator -->>>By.xpath: //button[@type='submit']
20:22:58.066 INFO  manager.MyListener - WebDriver start find element -->>>By.cssSelector: div.dialog-container
20:22:58.076 INFO  manager.MyListener - WebDriver found element by locator -->>>By.cssSelector: div.dialog-container
20:22:58.085 INFO  manager.MyListener - WebDriver start find element -->>>By.cssSelector: div.dialog-container h1
20:22:58.094 INFO  manager.MyListener - WebDriver found element by locator -->>>By.cssSelector: div.dialog-container h1
20:22:58.101 INFO  tests.TestBase - Test passed
20:22:58.110 INFO  manager.MyListener - WebDriver start find element -->>>By.xpath: //button[text()='Ok']
20:22:58.121 INFO  manager.MyListener - WebDriver found element by locator -->>>By.xpath: //button[text()='Ok']
20:22:58.142 INFO  tests.TestBase - Start test with name -->>>successLoginDpCSV
20:22:58.152 INFO  manager.MyListener - WebDriver start find element -->>>By.xpath: //button[text()='Ok']
20:22:58.160 INFO  manager.MyListener - WebDriver found element by locator -->>>By.xpath: //button[text()='Ok']
20:22:58.174 INFO  manager.MyListener - WebDriver start find element -->>>By.xpath: //*[text()=' Logout ']
20:22:58.183 INFO  manager.MyListener - WebDriver found element by locator -->>>By.xpath: //*[text()=' Logout ']
20:22:58.222 INFO  tests.TestBase - Test start with logout
20:22:58.229 INFO  tests.TestBase - Test start with email: viktor@gmail.com& password: Vviktor12345$
20:22:58.229 INFO  manager.MyListener - WebDriver start find element -->>>By.xpath: //*[@href='/login?url=%2Fsearch']
20:22:58.241 INFO  manager.MyListener - WebDriver found element by locator -->>>By.xpath: //*[@href='/login?url=%2Fsearch']
20:22:58.270 INFO  manager.MyListener - WebDriver start find element -->>>By.id: email
20:22:58.284 INFO  manager.MyListener - WebDriver found element by locator -->>>By.id: email
20:22:58.367 INFO  manager.MyListener - WebDriver start find element -->>>By.id: password
20:22:58.382 INFO  manager.MyListener - WebDriver found element by locator -->>>By.id: password
20:22:58.452 INFO  manager.MyListener - WebDriver start find element -->>>By.xpath: //button[@type='submit']
20:22:58.464 INFO  manager.MyListener - WebDriver found element by locator -->>>By.xpath: //button[@type='submit']
20:22:58.480 INFO  manager.MyListener - WebDriver start find element -->>>By.xpath: //button[@type='submit']
20:22:58.492 INFO  manager.MyListener - WebDriver found element by locator -->>>By.xpath: //button[@type='submit']
20:23:00.532 INFO  manager.MyListener - WebDriver start find element -->>>By.cssSelector: div.dialog-container
20:23:00.541 INFO  manager.MyListener - WebDriver found element by locator -->>>By.cssSelector: div.dialog-container
20:23:00.549 INFO  manager.MyListener - WebDriver start find element -->>>By.cssSelector: div.dialog-container h1
20:23:00.559 INFO  manager.MyListener - WebDriver found element by locator -->>>By.cssSelector: div.dialog-container h1
20:23:00.568 INFO  tests.TestBase - Test passed
20:23:00.578 INFO  manager.MyListener - WebDriver start find element -->>>By.xpath: //button[text()='Ok']
20:23:00.587 INFO  manager.MyListener - WebDriver found element by locator -->>>By.xpath: //button[text()='Ok']
20:23:00.609 INFO  tests.TestBase - Start test with name -->>>successLoginDpCSV
20:23:00.620 INFO  manager.MyListener - WebDriver start find element -->>>By.xpath: //button[text()='Ok']
20:23:00.629 INFO  manager.MyListener - WebDriver found element by locator -->>>By.xpath: //button[text()='Ok']
20:23:00.642 INFO  manager.MyListener - WebDriver start find element -->>>By.xpath: //*[text()=' Logout ']
20:23:00.652 INFO  manager.MyListener - WebDriver found element by locator -->>>By.xpath: //*[text()=' Logout ']
20:23:00.688 INFO  tests.TestBase - Test start with logout
20:23:00.689 INFO  tests.TestBase - Test start with email: noa@gmail.com& password: Nnoa12345$
20:23:00.689 INFO  manager.MyListener - WebDriver start find element -->>>By.xpath: //*[@href='/login?url=%2Fsearch']
20:23:00.699 INFO  manager.MyListener - WebDriver found element by locator -->>>By.xpath: //*[@href='/login?url=%2Fsearch']
20:23:00.727 INFO  manager.MyListener - WebDriver start find element -->>>By.id: email
20:23:00.739 INFO  manager.MyListener - WebDriver found element by locator -->>>By.id: email
20:23:00.820 INFO  manager.MyListener - WebDriver start find element -->>>By.id: password
20:23:00.833 INFO  manager.MyListener - WebDriver found element by locator -->>>By.id: password
20:23:00.905 INFO  manager.MyListener - WebDriver start find element -->>>By.xpath: //button[@type='submit']
20:23:00.917 INFO  manager.MyListener - WebDriver found element by locator -->>>By.xpath: //button[@type='submit']
20:23:00.935 INFO  manager.MyListener - WebDriver start find element -->>>By.xpath: //button[@type='submit']
20:23:00.946 INFO  manager.MyListener - WebDriver found element by locator -->>>By.xpath: //button[@type='submit']
20:23:02.978 INFO  manager.MyListener - WebDriver start find element -->>>By.cssSelector: div.dialog-container
20:23:02.987 INFO  manager.MyListener - WebDriver found element by locator -->>>By.cssSelector: div.dialog-container
20:23:02.995 INFO  manager.MyListener - WebDriver start find element -->>>By.cssSelector: div.dialog-container h1
20:23:03.004 INFO  manager.MyListener - WebDriver found element by locator -->>>By.cssSelector: div.dialog-container h1
20:23:03.014 INFO  tests.TestBase - Test passed
20:23:03.023 INFO  manager.MyListener - WebDriver start find element -->>>By.xpath: //button[text()='Ok']
20:23:03.032 INFO  manager.MyListener - WebDriver found element by locator -->>>By.xpath: //button[text()='Ok']
20:23:03.053 INFO  tests.TestBase - Start test with name -->>>successLoginDpCSV
20:23:03.064 INFO  manager.MyListener - WebDriver start find element -->>>By.xpath: //button[text()='Ok']
20:23:03.074 INFO  manager.MyListener - WebDriver found element by locator -->>>By.xpath: //button[text()='Ok']
20:23:03.091 INFO  manager.MyListener - WebDriver start find element -->>>By.xpath: //*[text()=' Logout ']
20:23:03.101 INFO  manager.MyListener - WebDriver found element by locator -->>>By.xpath: //*[text()=' Logout ']
20:23:03.137 INFO  tests.TestBase - Test start with logout
20:23:03.138 INFO  tests.TestBase - Test start with email: sonya@gmail.com& password: Ss12345$
20:23:03.138 INFO  manager.MyListener - WebDriver start find element -->>>By.xpath: //*[@href='/login?url=%2Fsearch']
20:23:03.148 INFO  manager.MyListener - WebDriver found element by locator -->>>By.xpath: //*[@href='/login?url=%2Fsearch']
20:23:03.175 INFO  manager.MyListener - WebDriver start find element -->>>By.id: email
20:23:03.185 INFO  manager.MyListener - WebDriver found element by locator -->>>By.id: email
20:23:03.262 INFO  manager.MyListener - WebDriver start find element -->>>By.id: password
20:23:03.271 INFO  manager.MyListener - WebDriver found element by locator -->>>By.id: password
20:23:03.335 INFO  manager.MyListener - WebDriver start find element -->>>By.xpath: //button[@type='submit']
20:23:03.345 INFO  manager.MyListener - WebDriver found element by locator -->>>By.xpath: //button[@type='submit']
20:23:03.363 INFO  manager.MyListener - WebDriver start find element -->>>By.xpath: //button[@type='submit']
20:23:03.375 INFO  manager.MyListener - WebDriver found element by locator -->>>By.xpath: //button[@type='submit']
20:23:05.404 INFO  manager.MyListener - WebDriver start find element -->>>By.cssSelector: div.dialog-container
20:23:05.415 INFO  manager.MyListener - WebDriver found element by locator -->>>By.cssSelector: div.dialog-container
20:23:05.424 INFO  manager.MyListener - WebDriver start find element -->>>By.cssSelector: div.dialog-container h1
20:23:05.433 INFO  manager.MyListener - WebDriver found element by locator -->>>By.cssSelector: div.dialog-container h1
20:23:05.441 INFO  tests.TestBase - Test passed
20:23:05.452 INFO  manager.MyListener - WebDriver start find element -->>>By.xpath: //button[text()='Ok']
20:23:05.462 INFO  manager.MyListener - WebDriver found element by locator -->>>By.xpath: //button[text()='Ok']
20:23:05.484 INFO  tests.TestBase - Start test with name -->>>successLoginDpCSV
20:23:05.493 INFO  manager.MyListener - WebDriver start find element -->>>By.xpath: //button[text()='Ok']
20:23:05.504 INFO  manager.MyListener - WebDriver found element by locator -->>>By.xpath: //button[text()='Ok']
20:23:05.521 INFO  manager.MyListener - WebDriver start find element -->>>By.xpath: //*[text()=' Logout ']
20:23:05.533 INFO  manager.MyListener - WebDriver found element by locator -->>>By.xpath: //*[text()=' Logout ']
20:23:05.571 INFO  tests.TestBase - Test start with logout
20:23:05.572 INFO  tests.TestBase - Test start with email: viktor@gmail.com& password: Vviktor12345$
20:23:05.572 INFO  manager.MyListener - WebDriver start find element -->>>By.xpath: //*[@href='/login?url=%2Fsearch']
20:23:05.589 INFO  manager.MyListener - WebDriver found element by locator -->>>By.xpath: //*[@href='/login?url=%2Fsearch']
20:23:05.623 INFO  manager.MyListener - WebDriver start find element -->>>By.id: email
20:23:05.634 INFO  manager.MyListener - WebDriver found element by locator -->>>By.id: email
20:23:05.733 INFO  manager.MyListener - WebDriver start find element -->>>By.id: password
20:23:05.747 INFO  manager.MyListener - WebDriver found element by locator -->>>By.id: password
20:23:05.837 INFO  manager.MyListener - WebDriver start find element -->>>By.xpath: //button[@type='submit']
20:23:05.850 INFO  manager.MyListener - WebDriver found element by locator -->>>By.xpath: //button[@type='submit']
20:23:05.873 INFO  manager.MyListener - WebDriver start find element -->>>By.xpath: //button[@type='submit']
20:23:05.884 INFO  manager.MyListener - WebDriver found element by locator -->>>By.xpath: //button[@type='submit']
20:23:07.928 INFO  manager.MyListener - WebDriver start find element -->>>By.cssSelector: div.dialog-container
20:23:07.936 INFO  manager.MyListener - WebDriver found element by locator -->>>By.cssSelector: div.dialog-container
20:23:07.945 INFO  manager.MyListener - WebDriver start find element -->>>By.cssSelector: div.dialog-container h1
20:23:07.953 INFO  manager.MyListener - WebDriver found element by locator -->>>By.cssSelector: div.dialog-container h1
20:23:07.961 INFO  tests.TestBase - Test passed
20:23:07.970 INFO  manager.MyListener - WebDriver start find element -->>>By.xpath: //button[text()='Ok']
20:23:07.977 INFO  manager.MyListener - WebDriver found element by locator -->>>By.xpath: //button[text()='Ok']
20:23:07.996 INFO  tests.TestBase - Start test with name -->>>successLoginDpCSV
20:23:08.006 INFO  manager.MyListener - WebDriver start find element -->>>By.xpath: //button[text()='Ok']
20:23:08.015 INFO  manager.MyListener - WebDriver found element by locator -->>>By.xpath: //button[text()='Ok']
20:23:08.028 INFO  manager.MyListener - WebDriver start find element -->>>By.xpath: //*[text()=' Logout ']
20:23:08.038 INFO  manager.MyListener - WebDriver found element by locator -->>>By.xpath: //*[text()=' Logout ']
20:23:08.074 INFO  tests.TestBase - Test start with logout
20:23:08.075 INFO  tests.TestBase - Test start with email: noa@gmail.com& password: Nnoa12345$
20:23:08.075 INFO  manager.MyListener - WebDriver start find element -->>>By.xpath: //*[@href='/login?url=%2Fsearch']
20:23:08.084 INFO  manager.MyListener - WebDriver found element by locator -->>>By.xpath: //*[@href='/login?url=%2Fsearch']
20:23:08.110 INFO  manager.MyListener - WebDriver start find element -->>>By.id: email
20:23:08.121 INFO  manager.MyListener - WebDriver found element by locator -->>>By.id: email
20:23:08.195 INFO  manager.MyListener - WebDriver start find element -->>>By.id: password
20:23:08.204 INFO  manager.MyListener - WebDriver found element by locator -->>>By.id: password
20:23:08.274 INFO  manager.MyListener - WebDriver start find element -->>>By.xpath: //button[@type='submit']
20:23:08.285 INFO  manager.MyListener - WebDriver found element by locator -->>>By.xpath: //button[@type='submit']
20:23:08.304 INFO  manager.MyListener - WebDriver start find element -->>>By.xpath: //button[@type='submit']
20:23:08.313 INFO  manager.MyListener - WebDriver found element by locator -->>>By.xpath: //button[@type='submit']
20:23:10.352 INFO  manager.MyListener - WebDriver start find element -->>>By.cssSelector: div.dialog-container
20:23:10.421 INFO  manager.MyListener - WebDriver found element by locator -->>>By.cssSelector: div.dialog-container
20:23:10.431 INFO  manager.MyListener - WebDriver start find element -->>>By.cssSelector: div.dialog-container h1
20:23:10.439 INFO  manager.MyListener - WebDriver found element by locator -->>>By.cssSelector: div.dialog-container h1
20:23:10.447 INFO  tests.TestBase - Test passed
20:23:10.458 INFO  manager.MyListener - WebDriver start find element -->>>By.xpath: //button[text()='Ok']
20:23:10.469 INFO  manager.MyListener - WebDriver found element by locator -->>>By.xpath: //button[text()='Ok']
20:23:10.495 INFO  tests.TestBase - Start test with name -->>>successLoginDpCSV
20:23:10.508 INFO  manager.MyListener - WebDriver start find element -->>>By.xpath: //button[text()='Ok']
20:23:10.517 INFO  manager.MyListener - WebDriver found element by locator -->>>By.xpath: //button[text()='Ok']
20:23:10.538 INFO  manager.MyListener - WebDriver start find element -->>>By.xpath: //*[text()=' Logout ']
20:23:10.548 INFO  manager.MyListener - WebDriver found element by locator -->>>By.xpath: //*[text()=' Logout ']
20:23:10.586 INFO  tests.TestBase - Test start with logout
20:23:10.587 INFO  tests.TestBase - Test start with email: sonya@gmail.com& password: Ss12345$
20:23:10.587 INFO  manager.MyListener - WebDriver start find element -->>>By.xpath: //*[@href='/login?url=%2Fsearch']
20:23:10.598 INFO  manager.MyListener - WebDriver found element by locator -->>>By.xpath: //*[@href='/login?url=%2Fsearch']
20:23:10.626 INFO  manager.MyListener - WebDriver start find element -->>>By.id: email
20:23:10.635 INFO  manager.MyListener - WebDriver found element by locator -->>>By.id: email
20:23:10.714 INFO  manager.MyListener - WebDriver start find element -->>>By.id: password
20:23:10.725 INFO  manager.MyListener - WebDriver found element by locator -->>>By.id: password
20:23:10.788 INFO  manager.MyListener - WebDriver start find element -->>>By.xpath: //button[@type='submit']
20:23:10.797 INFO  manager.MyListener - WebDriver found element by locator -->>>By.xpath: //button[@type='submit']
20:23:10.813 INFO  manager.MyListener - WebDriver start find element -->>>By.xpath: //button[@type='submit']
20:23:10.823 INFO  manager.MyListener - WebDriver found element by locator -->>>By.xpath: //button[@type='submit']
20:23:12.863 INFO  manager.MyListener - WebDriver start find element -->>>By.cssSelector: div.dialog-container
20:23:12.871 INFO  manager.MyListener - WebDriver found element by locator -->>>By.cssSelector: div.dialog-container
20:23:12.879 INFO  manager.MyListener - WebDriver start find element -->>>By.cssSelector: div.dialog-container h1
20:23:12.887 INFO  manager.MyListener - WebDriver found element by locator -->>>By.cssSelector: div.dialog-container h1
20:23:12.895 INFO  tests.TestBase - Test passed
20:23:12.904 INFO  manager.MyListener - WebDriver start find element -->>>By.xpath: //button[text()='Ok']
20:23:12.913 INFO  manager.MyListener - WebDriver found element by locator -->>>By.xpath: //button[text()='Ok']
