21:01:46.252 INFO  manager.ApplicationManager - All tests run in Chrome browser.
21:01:51.748 INFO  manager.ApplicationManager - Current Url-->>>https://ilcarro-1578153671498.web.app/search
21:01:51.776 INFO  tests.TestBase - Start test with name -->>>addNewCarSuccess
21:02:01.786 INFO  manager.MyListener - WebDriver start find element -->>>By.xpath: //*[@href='/login?url=%2Fsearch']
21:02:01.807 INFO  manager.MyListener - WebDriver found element by locator -->>>By.xpath: //*[@href='/login?url=%2Fsearch']
21:02:01.841 INFO  manager.MyListener - WebDriver start find element -->>>By.id: email
21:02:01.861 INFO  manager.MyListener - WebDriver found element by locator -->>>By.id: email
21:02:01.937 INFO  manager.MyListener - WebDriver start find element -->>>By.id: password
21:02:01.953 INFO  manager.MyListener - WebDriver found element by locator -->>>By.id: password
21:02:02.025 INFO  manager.MyListener - WebDriver start find element -->>>By.xpath: //button[@type='submit']
21:02:02.044 INFO  manager.MyListener - WebDriver found element by locator -->>>By.xpath: //button[@type='submit']
21:02:02.080 INFO  manager.MyListener - WebDriver start find element -->>>By.xpath: //button[@type='submit']
21:02:02.094 INFO  manager.MyListener - WebDriver found element by locator -->>>By.xpath: //button[@type='submit']
21:02:02.815 INFO  manager.MyListener - WebDriver start find element -->>>By.xpath: //button[text()='Ok']
21:02:02.830 INFO  manager.MyListener - WebDriver found element by locator -->>>By.xpath: //button[text()='Ok']
21:02:03.855 INFO  manager.MyListener - WebDriver start find element -->>>By.id: 1
21:02:03.869 INFO  manager.MyListener - WebDriver found element by locator -->>>By.id: 1
21:02:03.913 INFO  manager.MyListener - WebDriver start find element -->>>By.id: pickUpPlace
21:02:03.928 INFO  manager.MyListener - WebDriver found element by locator -->>>By.id: pickUpPlace
21:02:04.003 INFO  manager.MyListener - WebDriver start find element -->>>By.cssSelector: div.pac-item
21:02:04.523 INFO  manager.MyListener - WebDriver found element by locator -->>>By.cssSelector: div.pac-item
21:02:05.055 INFO  manager.MyListener - WebDriver start find element -->>>By.id: make
21:02:05.068 INFO  manager.MyListener - WebDriver found element by locator -->>>By.id: make
21:02:05.130 INFO  manager.MyListener - WebDriver start find element -->>>By.id: model
21:02:05.144 INFO  manager.MyListener - WebDriver found element by locator -->>>By.id: model
21:02:05.208 INFO  manager.MyListener - WebDriver start find element -->>>By.id: year
21:02:05.223 INFO  manager.MyListener - WebDriver found element by locator -->>>By.id: year
21:02:05.299 INFO  manager.MyListener - WebDriver start find element -->>>By.id: engine
21:02:05.315 INFO  manager.MyListener - WebDriver found element by locator -->>>By.id: engine
21:02:05.386 INFO  manager.MyListener - WebDriver start find element -->>>By.id: fuel
21:02:05.401 INFO  manager.MyListener - WebDriver found element by locator -->>>By.id: fuel
21:02:05.450 INFO  manager.MyListener - WebDriver start find element -->>>By.id: gear
21:02:05.464 INFO  manager.MyListener - WebDriver found element by locator -->>>By.id: gear
21:02:05.504 INFO  manager.MyListener - WebDriver start find element -->>>By.id: wheelsDrive
21:02:05.517 INFO  manager.MyListener - WebDriver found element by locator -->>>By.id: wheelsDrive
21:02:05.562 INFO  manager.MyListener - WebDriver start find element -->>>By.id: doors
21:02:05.578 INFO  manager.MyListener - WebDriver found element by locator -->>>By.id: doors
21:02:05.666 INFO  manager.MyListener - WebDriver start find element -->>>By.id: seats
21:02:05.681 INFO  manager.MyListener - WebDriver found element by locator -->>>By.id: seats
21:02:05.761 INFO  manager.MyListener - WebDriver start find element -->>>By.id: class
21:02:05.779 INFO  manager.MyListener - WebDriver found element by locator -->>>By.id: class
21:02:05.855 INFO  manager.MyListener - WebDriver start find element -->>>By.id: fuelConsumption
21:02:05.870 INFO  manager.MyListener - WebDriver found element by locator -->>>By.id: fuelConsumption
21:02:05.959 INFO  manager.MyListener - WebDriver start find element -->>>By.id: serialNumber
21:02:05.973 INFO  manager.MyListener - WebDriver found element by locator -->>>By.id: serialNumber
21:02:06.058 INFO  manager.MyListener - WebDriver start find element -->>>By.id: price
21:02:06.075 INFO  manager.MyListener - WebDriver found element by locator -->>>By.id: price
21:02:06.158 INFO  manager.MyListener - WebDriver start find element -->>>By.id: distance
21:02:06.174 INFO  manager.MyListener - WebDriver found element by locator -->>>By.id: distance
21:02:06.257 INFO  manager.MyListener - WebDriver start find element -->>>By.cssSelector: input[placeholder='Type feature']
21:02:06.274 INFO  manager.MyListener - WebDriver found element by locator -->>>By.cssSelector: input[placeholder='Type feature']
21:02:06.354 INFO  manager.MyListener - WebDriver start find element -->>>By.id: about
21:02:06.371 INFO  manager.MyListener - WebDriver found element by locator -->>>By.id: about
21:02:06.453 INFO  manager.MyListener - WebDriver start find element -->>>By.id: photos
21:02:06.469 INFO  manager.MyListener - WebDriver found element by locator -->>>By.id: photos
21:02:09.514 INFO  manager.MyListener - WebDriver start find element -->>>By.xpath: //button[@type='submit']
21:02:09.525 INFO  manager.MyListener - WebDriver found element by locator -->>>By.xpath: //button[@type='submit']
21:02:09.540 INFO  manager.MyListener - WebDriver start find element -->>>By.xpath: //button[@type='submit']
21:02:09.550 INFO  manager.MyListener - WebDriver found element by locator -->>>By.xpath: //button[@type='submit']
21:02:11.585 INFO  manager.MyListener - WebDriver start find element -->>>By.cssSelector: div.dialog-container
21:02:11.599 INFO  manager.MyListener - WebDriver found element by locator -->>>By.cssSelector: div.dialog-container
21:02:11.610 INFO  manager.MyListener - WebDriver start find element -->>>By.cssSelector: div.dialog-container h1
21:02:11.627 INFO  manager.MyListener - WebDriver found element by locator -->>>By.cssSelector: div.dialog-container h1
21:02:11.639 INFO  manager.MyListener - WebDriver start find element -->>>By.xpath: //button[text()='Search cars']
21:02:11.650 INFO  manager.MyListener - WebDriver found element by locator -->>>By.xpath: //button[text()='Search cars']
