21:36:00.823 INFO  manager.ApplicationManager - All tests run in Chrome browser.
21:36:05.882 INFO  manager.ApplicationManager - Current Url-->>>https://ilcarro-1578153671498.web.app/search
21:36:05.912 INFO  tests.TestBase - Start test with name -->>>addNewCarSuccess
21:36:15.964 INFO  manager.MyListener - WebDriver start find element -->>>By.xpath: //*[@href='/login?url=%2Fsearch']
21:36:15.984 INFO  manager.MyListener - WebDriver found element by locator -->>>By.xpath: //*[@href='/login?url=%2Fsearch']
21:36:16.024 INFO  manager.MyListener - WebDriver start find element -->>>By.id: email
21:36:16.043 INFO  manager.MyListener - WebDriver found element by locator -->>>By.id: email
21:36:16.128 INFO  manager.MyListener - WebDriver start find element -->>>By.id: password
21:36:16.144 INFO  manager.MyListener - WebDriver found element by locator -->>>By.id: password
21:36:16.228 INFO  manager.MyListener - WebDriver start find element -->>>By.xpath: //button[@type='submit']
21:36:16.247 INFO  manager.MyListener - WebDriver found element by locator -->>>By.xpath: //button[@type='submit']
21:36:16.281 INFO  manager.MyListener - WebDriver start find element -->>>By.xpath: //button[@type='submit']
21:36:16.297 INFO  manager.MyListener - WebDriver found element by locator -->>>By.xpath: //button[@type='submit']
21:36:16.959 INFO  manager.MyListener - WebDriver start find element -->>>By.xpath: //button[text()='Ok']
21:36:16.976 INFO  manager.MyListener - WebDriver found element by locator -->>>By.xpath: //button[text()='Ok']
21:36:18.012 INFO  manager.MyListener - WebDriver start find element -->>>By.id: 1
21:36:18.026 INFO  manager.MyListener - WebDriver found element by locator -->>>By.id: 1
21:36:18.070 INFO  manager.MyListener - WebDriver start find element -->>>By.id: pickUpPlace
21:36:18.086 INFO  manager.MyListener - WebDriver found element by locator -->>>By.id: pickUpPlace
21:36:18.165 INFO  manager.MyListener - WebDriver start find element -->>>By.cssSelector: div.pac-item
21:36:18.785 INFO  manager.MyListener - WebDriver found element by locator -->>>By.cssSelector: div.pac-item
21:36:19.312 INFO  manager.MyListener - WebDriver start find element -->>>By.id: make
21:36:19.327 INFO  manager.MyListener - WebDriver found element by locator -->>>By.id: make
21:36:19.389 INFO  manager.MyListener - WebDriver start find element -->>>By.id: model
21:36:19.404 INFO  manager.MyListener - WebDriver found element by locator -->>>By.id: model
21:36:19.470 INFO  manager.MyListener - WebDriver start find element -->>>By.id: year
21:36:19.484 INFO  manager.MyListener - WebDriver found element by locator -->>>By.id: year
21:36:19.564 INFO  manager.MyListener - WebDriver start find element -->>>By.id: engine
21:36:19.579 INFO  manager.MyListener - WebDriver found element by locator -->>>By.id: engine
21:36:19.653 INFO  manager.MyListener - WebDriver start find element -->>>By.id: fuel
21:36:19.676 INFO  manager.MyListener - WebDriver found element by locator -->>>By.id: fuel
21:36:19.726 INFO  manager.MyListener - WebDriver start find element -->>>By.id: gear
21:36:19.742 INFO  manager.MyListener - WebDriver found element by locator -->>>By.id: gear
21:36:19.784 INFO  manager.MyListener - WebDriver start find element -->>>By.id: wheelsDrive
21:36:19.798 INFO  manager.MyListener - WebDriver found element by locator -->>>By.id: wheelsDrive
21:36:19.847 INFO  manager.MyListener - WebDriver start find element -->>>By.id: doors
21:36:19.862 INFO  manager.MyListener - WebDriver found element by locator -->>>By.id: doors
21:36:19.942 INFO  manager.MyListener - WebDriver start find element -->>>By.id: seats
21:36:19.958 INFO  manager.MyListener - WebDriver found element by locator -->>>By.id: seats
21:36:20.042 INFO  manager.MyListener - WebDriver start find element -->>>By.id: class
21:36:20.058 INFO  manager.MyListener - WebDriver found element by locator -->>>By.id: class
21:36:20.142 INFO  manager.MyListener - WebDriver start find element -->>>By.id: fuelConsumption
21:36:20.158 INFO  manager.MyListener - WebDriver found element by locator -->>>By.id: fuelConsumption
21:36:20.254 INFO  manager.MyListener - WebDriver start find element -->>>By.id: serialNumber
21:36:20.272 INFO  manager.MyListener - WebDriver found element by locator -->>>By.id: serialNumber
21:36:20.360 INFO  manager.MyListener - WebDriver start find element -->>>By.id: price
21:36:20.375 INFO  manager.MyListener - WebDriver found element by locator -->>>By.id: price
21:36:20.461 INFO  manager.MyListener - WebDriver start find element -->>>By.id: distance
21:36:20.475 INFO  manager.MyListener - WebDriver found element by locator -->>>By.id: distance
21:36:20.565 INFO  manager.MyListener - WebDriver start find element -->>>By.cssSelector: input[placeholder='Type feature']
21:36:20.581 INFO  manager.MyListener - WebDriver found element by locator -->>>By.cssSelector: input[placeholder='Type feature']
21:36:20.660 INFO  manager.MyListener - WebDriver start find element -->>>By.id: about
21:36:20.675 INFO  manager.MyListener - WebDriver found element by locator -->>>By.id: about
21:36:20.749 INFO  manager.MyListener - WebDriver start find element -->>>By.id: photos
21:36:20.764 INFO  manager.MyListener - WebDriver found element by locator -->>>By.id: photos
21:36:23.805 INFO  manager.MyListener - WebDriver start find element -->>>By.xpath: //button[@type='submit']
21:36:23.818 INFO  manager.MyListener - WebDriver found element by locator -->>>By.xpath: //button[@type='submit']
21:36:23.839 INFO  manager.MyListener - WebDriver start find element -->>>By.xpath: //button[@type='submit']
21:36:23.848 INFO  manager.MyListener - WebDriver found element by locator -->>>By.xpath: //button[@type='submit']
21:36:25.872 INFO  manager.MyListener - WebDriver start find element -->>>By.cssSelector: div.dialog-container
21:36:25.884 INFO  manager.MyListener - WebDriver found element by locator -->>>By.cssSelector: div.dialog-container
21:36:25.896 INFO  manager.MyListener - WebDriver start find element -->>>By.cssSelector: div.dialog-container h1
21:36:25.910 INFO  manager.MyListener - WebDriver found element by locator -->>>By.cssSelector: div.dialog-container h1
21:36:25.936 INFO  manager.MyListener - WebDriver start find element -->>>By.xpath: //button[text()='Search cars']
21:36:25.949 INFO  manager.MyListener - WebDriver found element by locator -->>>By.xpath: //button[text()='Search cars']
21:36:25.981 INFO  tests.TestBase - Start test with name -->>>successLoginDP
21:36:36.018 INFO  tests.TestBase - Test start with email: viktor@gmail.com& password: Vviktor12345$
21:36:36.018 INFO  manager.MyListener - WebDriver start find element -->>>By.xpath: //*[@href='/login?url=%2Fsearch']
21:36:46.027 INFO  manager.MyListener - The name of method with error -->>>findElement
21:36:46.029 INFO  manager.MyListener - We have a problem ----->>>>>org.openqa.selenium.NoSuchElementException: no such element: Unable to locate element: {"method":"xpath","selector":"//*[@href='/login?url=%2Fsearch']"}
  (Session info: chrome=103.0.5060.134)
For documentation on this error, please visit: https://selenium.dev/exceptions/#no_such_element
Build info: version: '4.2.2', revision: '683ccb65d6'
System info: host: 'VIKTOR', ip: '192.168.165.192', os.name: 'Windows 11', os.arch: 'amd64', os.version: '10.0', java.version: '11.0.15.1'
Driver info: org.openqa.selenium.chrome.ChromeDriver
Command: [ad2655b914ed2f7b4f79b2d76dd212e0, findElement {using=xpath, value=//*[@href='/login?url=%2Fsearch']}]
Capabilities {acceptInsecureCerts: false, browserName: chrome, browserVersion: 103.0.5060.134, chrome: {chromedriverVersion: 102.0.5005.61 (0e59bcc00cc4..., userDataDir: C:\Users\Viktor\AppData\Loc...}, goog:chromeOptions: {debuggerAddress: localhost:61646}, networkConnectionEnabled: false, pageLoadStrategy: normal, platformName: WINDOWS, proxy: Proxy(), se:cdp: ws://localhost:61646/devtoo..., se:cdpVersion: 103.0.5060.134, setWindowRect: true, strictFileInteractability: false, timeouts: {implicit: 0, pageLoad: 300000, script: 30000}, unhandledPromptBehavior: dismiss and notify, webauthn:extension:credBlob: true, webauthn:extension:largeBlob: true, webauthn:virtualAuthenticators: true}
Session ID: ad2655b914ed2f7b4f79b2d76dd212e0
21:36:58.410 INFO  tests.TestBase - Start test with name -->>>successLoginDP
21:37:10.580 INFO  manager.MyListener - The name of method with error -->>>findElements
21:37:10.580 INFO  manager.MyListener - We have a problem ----->>>>>org.openqa.selenium.WebDriverException: chrome not reachable
  (Session info: chrome=103.0.5060.134)
Build info: version: '4.2.2', revision: '683ccb65d6'
System info: host: 'VIKTOR', ip: '192.168.165.192', os.name: 'Windows 11', os.arch: 'amd64', os.version: '10.0', java.version: '11.0.15.1'
Driver info: org.openqa.selenium.chrome.ChromeDriver
Command: [ad2655b914ed2f7b4f79b2d76dd212e0, findElements {using=xpath, value=//button[text()='Ok']}]
Capabilities {acceptInsecureCerts: false, browserName: chrome, browserVersion: 103.0.5060.134, chrome: {chromedriverVersion: 102.0.5005.61 (0e59bcc00cc4..., userDataDir: C:\Users\Viktor\AppData\Loc...}, goog:chromeOptions: {debuggerAddress: localhost:61646}, networkConnectionEnabled: false, pageLoadStrategy: normal, platformName: WINDOWS, proxy: Proxy(), se:cdp: ws://localhost:61646/devtoo..., se:cdpVersion: 103.0.5060.134, setWindowRect: true, strictFileInteractability: false, timeouts: {implicit: 0, pageLoad: 300000, script: 30000}, unhandledPromptBehavior: dismiss and notify, webauthn:extension:credBlob: true, webauthn:extension:largeBlob: true, webauthn:virtualAuthenticators: true}
Session ID: ad2655b914ed2f7b4f79b2d76dd212e0
21:37:22.762 INFO  manager.MyListener - The name of method with error -->>>findElements
21:37:22.762 INFO  manager.MyListener - We have a problem ----->>>>>org.openqa.selenium.WebDriverException: chrome not reachable
  (Session info: chrome=103.0.5060.134)
Build info: version: '4.2.2', revision: '683ccb65d6'
System info: host: 'VIKTOR', ip: '192.168.165.192', os.name: 'Windows 11', os.arch: 'amd64', os.version: '10.0', java.version: '11.0.15.1'
Driver info: org.openqa.selenium.chrome.ChromeDriver
Command: [ad2655b914ed2f7b4f79b2d76dd212e0, findElements {using=xpath, value=//button[text()='Ok']}]
Capabilities {acceptInsecureCerts: false, browserName: chrome, browserVersion: 103.0.5060.134, chrome: {chromedriverVersion: 102.0.5005.61 (0e59bcc00cc4..., userDataDir: C:\Users\Viktor\AppData\Loc...}, goog:chromeOptions: {debuggerAddress: localhost:61646}, networkConnectionEnabled: false, pageLoadStrategy: normal, platformName: WINDOWS, proxy: Proxy(), se:cdp: ws://localhost:61646/devtoo..., se:cdpVersion: 103.0.5060.134, setWindowRect: true, strictFileInteractability: false, timeouts: {implicit: 0, pageLoad: 300000, script: 30000}, unhandledPromptBehavior: dismiss and notify, webauthn:extension:credBlob: true, webauthn:extension:largeBlob: true, webauthn:virtualAuthenticators: true}
Session ID: ad2655b914ed2f7b4f79b2d76dd212e0
