20:04:10.494 INFO  manager.ApplicationManager - All tests run in Chrome browser.
20:04:13.760 INFO  manager.ApplicationManager - Current Url-->>>https://ilcarro-1578153671498.web.app/search
20:04:13.784 INFO  tests.TestBase - Start test with name -->>>addNewCarSuccess
20:04:23.826 INFO  manager.MyListener - WebDriver start find element -->>>By.xpath: //*[@href='/login?url=%2Fsearch']
20:04:23.843 INFO  manager.MyListener - WebDriver found element by locator -->>>By.xpath: //*[@href='/login?url=%2Fsearch']
20:04:23.877 INFO  manager.MyListener - WebDriver start find element -->>>By.id: email
20:04:23.894 INFO  manager.MyListener - WebDriver found element by locator -->>>By.id: email
20:04:23.967 INFO  manager.MyListener - WebDriver start find element -->>>By.id: password
20:04:23.982 INFO  manager.MyListener - WebDriver found element by locator -->>>By.id: password
20:04:24.063 INFO  manager.MyListener - WebDriver start find element -->>>By.xpath: //button[@type='submit']
20:04:24.079 INFO  manager.MyListener - WebDriver found element by locator -->>>By.xpath: //button[@type='submit']
20:04:24.107 INFO  manager.MyListener - WebDriver start find element -->>>By.xpath: //button[@type='submit']
20:04:24.120 INFO  manager.MyListener - WebDriver found element by locator -->>>By.xpath: //button[@type='submit']
20:04:24.840 INFO  manager.MyListener - WebDriver start find element -->>>By.xpath: //button[text()='Ok']
20:04:24.854 INFO  manager.MyListener - WebDriver found element by locator -->>>By.xpath: //button[text()='Ok']
20:04:25.881 INFO  manager.MyListener - WebDriver start find element -->>>By.id: 1
20:04:25.895 INFO  manager.MyListener - WebDriver found element by locator -->>>By.id: 1
20:04:25.938 INFO  manager.MyListener - WebDriver start find element -->>>By.id: pickUpPlace
20:04:25.951 INFO  manager.MyListener - WebDriver found element by locator -->>>By.id: pickUpPlace
20:04:26.025 INFO  manager.MyListener - WebDriver start find element -->>>By.cssSelector: div.pac-item
20:04:26.479 INFO  manager.MyListener - WebDriver found element by locator -->>>By.cssSelector: div.pac-item
20:04:27.012 INFO  manager.MyListener - WebDriver start find element -->>>By.id: make
20:04:27.024 INFO  manager.MyListener - WebDriver found element by locator -->>>By.id: make
20:04:27.083 INFO  manager.MyListener - WebDriver start find element -->>>By.id: model
20:04:27.095 INFO  manager.MyListener - WebDriver found element by locator -->>>By.id: model
20:04:27.155 INFO  manager.MyListener - WebDriver start find element -->>>By.id: year
20:04:27.168 INFO  manager.MyListener - WebDriver found element by locator -->>>By.id: year
20:04:27.240 INFO  manager.MyListener - WebDriver start find element -->>>By.id: engine
20:04:27.253 INFO  manager.MyListener - WebDriver found element by locator -->>>By.id: engine
20:04:27.318 INFO  manager.MyListener - WebDriver start find element -->>>By.id: fuel
20:04:27.332 INFO  manager.MyListener - WebDriver found element by locator -->>>By.id: fuel
20:04:27.377 INFO  manager.MyListener - WebDriver start find element -->>>By.id: gear
20:04:27.388 INFO  manager.MyListener - WebDriver found element by locator -->>>By.id: gear
20:04:27.424 INFO  manager.MyListener - WebDriver start find element -->>>By.id: wheelsDrive
20:04:27.436 INFO  manager.MyListener - WebDriver found element by locator -->>>By.id: wheelsDrive
20:04:27.473 INFO  manager.MyListener - WebDriver start find element -->>>By.id: doors
20:04:27.486 INFO  manager.MyListener - WebDriver found element by locator -->>>By.id: doors
20:04:27.561 INFO  manager.MyListener - WebDriver start find element -->>>By.id: seats
20:04:27.573 INFO  manager.MyListener - WebDriver found element by locator -->>>By.id: seats
20:04:27.642 INFO  manager.MyListener - WebDriver start find element -->>>By.id: class
20:04:27.654 INFO  manager.MyListener - WebDriver found element by locator -->>>By.id: class
20:04:27.715 INFO  manager.MyListener - WebDriver start find element -->>>By.id: fuelConsumption
20:04:27.727 INFO  manager.MyListener - WebDriver found element by locator -->>>By.id: fuelConsumption
20:04:27.809 INFO  manager.MyListener - WebDriver start find element -->>>By.id: serialNumber
20:04:27.822 INFO  manager.MyListener - WebDriver found element by locator -->>>By.id: serialNumber
20:04:27.896 INFO  manager.MyListener - WebDriver start find element -->>>By.id: price
20:04:27.909 INFO  manager.MyListener - WebDriver found element by locator -->>>By.id: price
20:04:27.989 INFO  manager.MyListener - WebDriver start find element -->>>By.id: distance
20:04:28.004 INFO  manager.MyListener - WebDriver found element by locator -->>>By.id: distance
20:04:28.076 INFO  manager.MyListener - WebDriver start find element -->>>By.cssSelector: input[placeholder='Type feature']
20:04:28.089 INFO  manager.MyListener - WebDriver found element by locator -->>>By.cssSelector: input[placeholder='Type feature']
20:04:28.156 INFO  manager.MyListener - WebDriver start find element -->>>By.id: about
20:04:28.168 INFO  manager.MyListener - WebDriver found element by locator -->>>By.id: about
20:04:28.236 INFO  manager.MyListener - WebDriver start find element -->>>By.id: photos
20:04:28.251 INFO  manager.MyListener - WebDriver found element by locator -->>>By.id: photos
20:04:31.281 INFO  manager.MyListener - WebDriver start find element -->>>By.xpath: //button[@type='submit']
20:04:31.293 INFO  manager.MyListener - WebDriver found element by locator -->>>By.xpath: //button[@type='submit']
20:04:31.309 INFO  manager.MyListener - WebDriver start find element -->>>By.xpath: //button[@type='submit']
20:04:31.318 INFO  manager.MyListener - WebDriver found element by locator -->>>By.xpath: //button[@type='submit']
20:04:33.339 INFO  manager.MyListener - WebDriver start find element -->>>By.cssSelector: div.dialog-container
20:04:33.351 INFO  manager.MyListener - WebDriver found element by locator -->>>By.cssSelector: div.dialog-container
20:04:33.361 INFO  manager.MyListener - WebDriver start find element -->>>By.cssSelector: div.dialog-container h1
20:04:33.372 INFO  manager.MyListener - WebDriver found element by locator -->>>By.cssSelector: div.dialog-container h1
20:04:33.384 INFO  manager.MyListener - WebDriver start find element -->>>By.xpath: //button[text()='Search cars']
20:04:33.397 INFO  manager.MyListener - WebDriver found element by locator -->>>By.xpath: //button[text()='Search cars']
20:04:33.424 INFO  tests.TestBase - Start test with name -->>>addNewCarSuccess2
20:04:43.436 INFO  manager.MyListener - WebDriver start find element -->>>By.xpath: //*[@href='/login?url=%2Fsearch']
20:04:53.491 INFO  manager.MyListener - The name of method with error -->>>findElement
20:04:53.493 INFO  manager.MyListener - We have a problem ----->>>>>org.openqa.selenium.NoSuchElementException: no such element: Unable to locate element: {"method":"xpath","selector":"//*[@href='/login?url=%2Fsearch']"}
  (Session info: chrome=103.0.5060.134)
For documentation on this error, please visit: https://selenium.dev/exceptions/#no_such_element
Build info: version: '4.2.2', revision: '683ccb65d6'
System info: host: 'VIKTOR', ip: '192.168.165.192', os.name: 'Windows 11', os.arch: 'amd64', os.version: '10.0', java.version: '11.0.15.1'
Driver info: org.openqa.selenium.chrome.ChromeDriver
Command: [5f3c75f4a30c53064a71496906248b3b, findElement {using=xpath, value=//*[@href='/login?url=%2Fsearch']}]
Capabilities {acceptInsecureCerts: false, browserName: chrome, browserVersion: 103.0.5060.134, chrome: {chromedriverVersion: 102.0.5005.61 (0e59bcc00cc4..., userDataDir: C:\Users\Viktor\AppData\Loc...}, goog:chromeOptions: {debuggerAddress: localhost:56877}, networkConnectionEnabled: false, pageLoadStrategy: normal, platformName: WINDOWS, proxy: Proxy(), se:cdp: ws://localhost:56877/devtoo..., se:cdpVersion: 103.0.5060.134, setWindowRect: true, strictFileInteractability: false, timeouts: {implicit: 0, pageLoad: 300000, script: 30000}, unhandledPromptBehavior: dismiss and notify, webauthn:extension:credBlob: true, webauthn:extension:largeBlob: true, webauthn:virtualAuthenticators: true}
Session ID: 5f3c75f4a30c53064a71496906248b3b
20:04:53.515 INFO  manager.MyListener - WebDriver start find element -->>>By.xpath: //button[text()='Search cars']
20:05:03.559 INFO  manager.MyListener - The name of method with error -->>>findElement
20:05:03.559 INFO  manager.MyListener - We have a problem ----->>>>>org.openqa.selenium.NoSuchElementException: no such element: Unable to locate element: {"method":"xpath","selector":"//button[text()='Search cars']"}
  (Session info: chrome=103.0.5060.134)
For documentation on this error, please visit: https://selenium.dev/exceptions/#no_such_element
Build info: version: '4.2.2', revision: '683ccb65d6'
System info: host: 'VIKTOR', ip: '192.168.165.192', os.name: 'Windows 11', os.arch: 'amd64', os.version: '10.0', java.version: '11.0.15.1'
Driver info: org.openqa.selenium.chrome.ChromeDriver
Command: [5f3c75f4a30c53064a71496906248b3b, findElement {using=xpath, value=//button[text()='Search cars']}]
Capabilities {acceptInsecureCerts: false, browserName: chrome, browserVersion: 103.0.5060.134, chrome: {chromedriverVersion: 102.0.5005.61 (0e59bcc00cc4..., userDataDir: C:\Users\Viktor\AppData\Loc...}, goog:chromeOptions: {debuggerAddress: localhost:56877}, networkConnectionEnabled: false, pageLoadStrategy: normal, platformName: WINDOWS, proxy: Proxy(), se:cdp: ws://localhost:56877/devtoo..., se:cdpVersion: 103.0.5060.134, setWindowRect: true, strictFileInteractability: false, timeouts: {implicit: 0, pageLoad: 300000, script: 30000}, unhandledPromptBehavior: dismiss and notify, webauthn:extension:credBlob: true, webauthn:extension:largeBlob: true, webauthn:virtualAuthenticators: true}
Session ID: 5f3c75f4a30c53064a71496906248b3b
20:05:13.603 INFO  manager.MyListener - WebDriver start find element -->>>By.xpath: //*[@href='/login?url=%2Fsearch']
20:05:20.226 INFO  manager.MyListener - The name of method with error -->>>findElement
20:05:20.227 INFO  manager.MyListener - We have a problem ----->>>>>org.openqa.selenium.NoSuchElementException: Unable to find element with locator By.xpath: //*[@href='/login?url=%2Fsearch']
For documentation on this error, please visit: https://selenium.dev/exceptions/#no_such_element
Build info: version: '4.2.2', revision: '683ccb65d6'
System info: host: 'VIKTOR', ip: '192.168.165.192', os.name: 'Windows 11', os.arch: 'amd64', os.version: '10.0', java.version: '11.0.15.1'
Driver info: driver.version: unknown
20:05:20.229 INFO  manager.MyListener - WebDriver start find element -->>>By.xpath: //button[text()='Search cars']
20:05:20.232 INFO  manager.MyListener - The name of method with error -->>>findElement
20:05:20.233 INFO  manager.MyListener - We have a problem ----->>>>>org.openqa.selenium.NoSuchWindowException: no such window: target window already closed
from unknown error: web view not found
  (Session info: chrome=103.0.5060.134)
Build info: version: '4.2.2', revision: '683ccb65d6'
System info: host: 'VIKTOR', ip: '192.168.165.192', os.name: 'Windows 11', os.arch: 'amd64', os.version: '10.0', java.version: '11.0.15.1'
Driver info: org.openqa.selenium.chrome.ChromeDriver
Command: [5f3c75f4a30c53064a71496906248b3b, findElement {using=xpath, value=//button[text()='Search cars']}]
Capabilities {acceptInsecureCerts: false, browserName: chrome, browserVersion: 103.0.5060.134, chrome: {chromedriverVersion: 102.0.5005.61 (0e59bcc00cc4..., userDataDir: C:\Users\Viktor\AppData\Loc...}, goog:chromeOptions: {debuggerAddress: localhost:56877}, networkConnectionEnabled: false, pageLoadStrategy: normal, platformName: WINDOWS, proxy: Proxy(), se:cdp: ws://localhost:56877/devtoo..., se:cdpVersion: 103.0.5060.134, setWindowRect: true, strictFileInteractability: false, timeouts: {implicit: 0, pageLoad: 300000, script: 30000}, unhandledPromptBehavior: dismiss and notify, webauthn:extension:credBlob: true, webauthn:extension:largeBlob: true, webauthn:virtualAuthenticators: true}
Session ID: 5f3c75f4a30c53064a71496906248b3b
