20:05:41.462 INFO  manager.ApplicationManager - All tests run in Chrome browser.
20:05:46.707 INFO  manager.ApplicationManager - Current Url-->>>https://ilcarro-1578153671498.web.app/search
20:05:46.736 INFO  tests.TestBase - Start test with name -->>>addNewCarSuccess
20:05:56.745 INFO  manager.MyListener - WebDriver start find element -->>>By.xpath: //*[@href='/login?url=%2Fsearch']
20:05:56.764 INFO  manager.MyListener - WebDriver found element by locator -->>>By.xpath: //*[@href='/login?url=%2Fsearch']
20:05:56.799 INFO  manager.MyListener - WebDriver start find element -->>>By.id: email
20:05:56.818 INFO  manager.MyListener - WebDriver found element by locator -->>>By.id: email
20:05:56.895 INFO  manager.MyListener - WebDriver start find element -->>>By.id: password
20:05:56.910 INFO  manager.MyListener - WebDriver found element by locator -->>>By.id: password
20:05:56.981 INFO  manager.MyListener - WebDriver start find element -->>>By.xpath: //button[@type='submit']
20:05:56.999 INFO  manager.MyListener - WebDriver found element by locator -->>>By.xpath: //button[@type='submit']
20:05:57.029 INFO  manager.MyListener - WebDriver start find element -->>>By.xpath: //button[@type='submit']
20:05:57.052 INFO  manager.MyListener - WebDriver found element by locator -->>>By.xpath: //button[@type='submit']
20:05:57.957 INFO  manager.MyListener - WebDriver start find element -->>>By.xpath: //button[text()='Ok']
20:05:57.973 INFO  manager.MyListener - WebDriver found element by locator -->>>By.xpath: //button[text()='Ok']
20:05:59.014 INFO  manager.MyListener - WebDriver start find element -->>>By.id: 1
20:05:59.030 INFO  manager.MyListener - WebDriver found element by locator -->>>By.id: 1
20:05:59.074 INFO  manager.MyListener - WebDriver start find element -->>>By.id: pickUpPlace
20:05:59.090 INFO  manager.MyListener - WebDriver found element by locator -->>>By.id: pickUpPlace
20:05:59.162 INFO  manager.MyListener - WebDriver start find element -->>>By.cssSelector: div.pac-item
20:05:59.614 INFO  manager.MyListener - WebDriver found element by locator -->>>By.cssSelector: div.pac-item
20:06:00.144 INFO  manager.MyListener - WebDriver start find element -->>>By.id: make
20:06:00.160 INFO  manager.MyListener - WebDriver found element by locator -->>>By.id: make
20:06:00.219 INFO  manager.MyListener - WebDriver start find element -->>>By.id: model
20:06:00.232 INFO  manager.MyListener - WebDriver found element by locator -->>>By.id: model
20:06:00.293 INFO  manager.MyListener - WebDriver start find element -->>>By.id: year
20:06:00.307 INFO  manager.MyListener - WebDriver found element by locator -->>>By.id: year
20:06:00.378 INFO  manager.MyListener - WebDriver start find element -->>>By.id: engine
20:06:00.393 INFO  manager.MyListener - WebDriver found element by locator -->>>By.id: engine
20:06:00.459 INFO  manager.MyListener - WebDriver start find element -->>>By.id: fuel
20:06:00.473 INFO  manager.MyListener - WebDriver found element by locator -->>>By.id: fuel
20:06:00.524 INFO  manager.MyListener - WebDriver start find element -->>>By.id: gear
20:06:00.537 INFO  manager.MyListener - WebDriver found element by locator -->>>By.id: gear
20:06:00.579 INFO  manager.MyListener - WebDriver start find element -->>>By.id: wheelsDrive
20:06:00.591 INFO  manager.MyListener - WebDriver found element by locator -->>>By.id: wheelsDrive
20:06:00.641 INFO  manager.MyListener - WebDriver start find element -->>>By.id: doors
20:06:00.657 INFO  manager.MyListener - WebDriver found element by locator -->>>By.id: doors
20:06:00.742 INFO  manager.MyListener - WebDriver start find element -->>>By.id: seats
20:06:00.758 INFO  manager.MyListener - WebDriver found element by locator -->>>By.id: seats
20:06:00.839 INFO  manager.MyListener - WebDriver start find element -->>>By.id: class
20:06:00.854 INFO  manager.MyListener - WebDriver found element by locator -->>>By.id: class
20:06:00.929 INFO  manager.MyListener - WebDriver start find element -->>>By.id: fuelConsumption
20:06:00.944 INFO  manager.MyListener - WebDriver found element by locator -->>>By.id: fuelConsumption
20:06:01.032 INFO  manager.MyListener - WebDriver start find element -->>>By.id: serialNumber
20:06:01.048 INFO  manager.MyListener - WebDriver found element by locator -->>>By.id: serialNumber
20:06:01.132 INFO  manager.MyListener - WebDriver start find element -->>>By.id: price
20:06:01.147 INFO  manager.MyListener - WebDriver found element by locator -->>>By.id: price
20:06:01.223 INFO  manager.MyListener - WebDriver start find element -->>>By.id: distance
20:06:01.238 INFO  manager.MyListener - WebDriver found element by locator -->>>By.id: distance
20:06:01.318 INFO  manager.MyListener - WebDriver start find element -->>>By.cssSelector: input[placeholder='Type feature']
20:06:01.331 INFO  manager.MyListener - WebDriver found element by locator -->>>By.cssSelector: input[placeholder='Type feature']
20:06:01.403 INFO  manager.MyListener - WebDriver start find element -->>>By.id: about
20:06:01.417 INFO  manager.MyListener - WebDriver found element by locator -->>>By.id: about
20:06:01.488 INFO  manager.MyListener - WebDriver start find element -->>>By.id: photos
20:06:01.501 INFO  manager.MyListener - WebDriver found element by locator -->>>By.id: photos
20:06:04.546 INFO  manager.MyListener - WebDriver start find element -->>>By.xpath: //button[@type='submit']
20:06:04.559 INFO  manager.MyListener - WebDriver found element by locator -->>>By.xpath: //button[@type='submit']
20:06:04.576 INFO  manager.MyListener - WebDriver start find element -->>>By.xpath: //button[@type='submit']
20:06:04.587 INFO  manager.MyListener - WebDriver found element by locator -->>>By.xpath: //button[@type='submit']
20:06:06.613 INFO  manager.MyListener - WebDriver start find element -->>>By.cssSelector: div.dialog-container
20:06:06.626 INFO  manager.MyListener - WebDriver found element by locator -->>>By.cssSelector: div.dialog-container
20:06:06.638 INFO  manager.MyListener - WebDriver start find element -->>>By.cssSelector: div.dialog-container h1
20:06:06.652 INFO  manager.MyListener - WebDriver found element by locator -->>>By.cssSelector: div.dialog-container h1
20:06:06.664 INFO  manager.MyListener - WebDriver start find element -->>>By.xpath: //button[text()='Search cars']
20:06:06.676 INFO  manager.MyListener - WebDriver found element by locator -->>>By.xpath: //button[text()='Search cars']
20:06:06.703 INFO  tests.TestBase - Start test with name -->>>addNewCarSuccess2
20:06:16.744 INFO  manager.MyListener - WebDriver start find element -->>>By.xpath: //*[@href='/login?url=%2Fsearch']
20:06:26.782 INFO  manager.MyListener - The name of method with error -->>>findElement
20:06:26.784 INFO  manager.MyListener - We have a problem ----->>>>>org.openqa.selenium.NoSuchElementException: no such element: Unable to locate element: {"method":"xpath","selector":"//*[@href='/login?url=%2Fsearch']"}
  (Session info: chrome=103.0.5060.134)
For documentation on this error, please visit: https://selenium.dev/exceptions/#no_such_element
Build info: version: '4.2.2', revision: '683ccb65d6'
System info: host: 'VIKTOR', ip: '192.168.165.192', os.name: 'Windows 11', os.arch: 'amd64', os.version: '10.0', java.version: '11.0.15.1'
Driver info: org.openqa.selenium.chrome.ChromeDriver
Command: [32200364fd5194c1000a46f8ede8f9e2, findElement {using=xpath, value=//*[@href='/login?url=%2Fsearch']}]
Capabilities {acceptInsecureCerts: false, browserName: chrome, browserVersion: 103.0.5060.134, chrome: {chromedriverVersion: 102.0.5005.61 (0e59bcc00cc4..., userDataDir: C:\Users\Viktor\AppData\Loc...}, goog:chromeOptions: {debuggerAddress: localhost:56995}, networkConnectionEnabled: false, pageLoadStrategy: normal, platformName: WINDOWS, proxy: Proxy(), se:cdp: ws://localhost:56995/devtoo..., se:cdpVersion: 103.0.5060.134, setWindowRect: true, strictFileInteractability: false, timeouts: {implicit: 0, pageLoad: 300000, script: 30000}, unhandledPromptBehavior: dismiss and notify, webauthn:extension:credBlob: true, webauthn:extension:largeBlob: true, webauthn:virtualAuthenticators: true}
Session ID: 32200364fd5194c1000a46f8ede8f9e2
20:06:26.806 INFO  manager.MyListener - WebDriver start find element -->>>By.xpath: //button[text()='Search cars']
20:06:36.867 INFO  manager.MyListener - The name of method with error -->>>findElement
20:06:36.868 INFO  manager.MyListener - We have a problem ----->>>>>org.openqa.selenium.NoSuchElementException: no such element: Unable to locate element: {"method":"xpath","selector":"//button[text()='Search cars']"}
  (Session info: chrome=103.0.5060.134)
For documentation on this error, please visit: https://selenium.dev/exceptions/#no_such_element
Build info: version: '4.2.2', revision: '683ccb65d6'
System info: host: 'VIKTOR', ip: '192.168.165.192', os.name: 'Windows 11', os.arch: 'amd64', os.version: '10.0', java.version: '11.0.15.1'
Driver info: org.openqa.selenium.chrome.ChromeDriver
Command: [32200364fd5194c1000a46f8ede8f9e2, findElement {using=xpath, value=//button[text()='Search cars']}]
Capabilities {acceptInsecureCerts: false, browserName: chrome, browserVersion: 103.0.5060.134, chrome: {chromedriverVersion: 102.0.5005.61 (0e59bcc00cc4..., userDataDir: C:\Users\Viktor\AppData\Loc...}, goog:chromeOptions: {debuggerAddress: localhost:56995}, networkConnectionEnabled: false, pageLoadStrategy: normal, platformName: WINDOWS, proxy: Proxy(), se:cdp: ws://localhost:56995/devtoo..., se:cdpVersion: 103.0.5060.134, setWindowRect: true, strictFileInteractability: false, timeouts: {implicit: 0, pageLoad: 300000, script: 30000}, unhandledPromptBehavior: dismiss and notify, webauthn:extension:credBlob: true, webauthn:extension:largeBlob: true, webauthn:virtualAuthenticators: true}
Session ID: 32200364fd5194c1000a46f8ede8f9e2
20:06:46.928 INFO  manager.MyListener - WebDriver start find element -->>>By.xpath: //*[@href='/login?url=%2Fsearch']
20:06:56.948 INFO  manager.MyListener - The name of method with error -->>>findElement
20:06:56.948 INFO  manager.MyListener - We have a problem ----->>>>>org.openqa.selenium.NoSuchElementException: no such element: Unable to locate element: {"method":"xpath","selector":"//*[@href='/login?url=%2Fsearch']"}
  (Session info: chrome=103.0.5060.134)
For documentation on this error, please visit: https://selenium.dev/exceptions/#no_such_element
Build info: version: '4.2.2', revision: '683ccb65d6'
System info: host: 'VIKTOR', ip: '192.168.165.192', os.name: 'Windows 11', os.arch: 'amd64', os.version: '10.0', java.version: '11.0.15.1'
Driver info: org.openqa.selenium.chrome.ChromeDriver
Command: [32200364fd5194c1000a46f8ede8f9e2, findElement {using=xpath, value=//*[@href='/login?url=%2Fsearch']}]
Capabilities {acceptInsecureCerts: false, browserName: chrome, browserVersion: 103.0.5060.134, chrome: {chromedriverVersion: 102.0.5005.61 (0e59bcc00cc4..., userDataDir: C:\Users\Viktor\AppData\Loc...}, goog:chromeOptions: {debuggerAddress: localhost:56995}, networkConnectionEnabled: false, pageLoadStrategy: normal, platformName: WINDOWS, proxy: Proxy(), se:cdp: ws://localhost:56995/devtoo..., se:cdpVersion: 103.0.5060.134, setWindowRect: true, strictFileInteractability: false, timeouts: {implicit: 0, pageLoad: 300000, script: 30000}, unhandledPromptBehavior: dismiss and notify, webauthn:extension:credBlob: true, webauthn:extension:largeBlob: true, webauthn:virtualAuthenticators: true}
Session ID: 32200364fd5194c1000a46f8ede8f9e2
20:06:56.949 INFO  manager.MyListener - WebDriver start find element -->>>By.xpath: //button[text()='Search cars']
20:07:06.998 INFO  manager.MyListener - The name of method with error -->>>findElement
20:07:06.999 INFO  manager.MyListener - We have a problem ----->>>>>org.openqa.selenium.NoSuchElementException: no such element: Unable to locate element: {"method":"xpath","selector":"//button[text()='Search cars']"}
  (Session info: chrome=103.0.5060.134)
For documentation on this error, please visit: https://selenium.dev/exceptions/#no_such_element
Build info: version: '4.2.2', revision: '683ccb65d6'
System info: host: 'VIKTOR', ip: '192.168.165.192', os.name: 'Windows 11', os.arch: 'amd64', os.version: '10.0', java.version: '11.0.15.1'
Driver info: org.openqa.selenium.chrome.ChromeDriver
Command: [32200364fd5194c1000a46f8ede8f9e2, findElement {using=xpath, value=//button[text()='Search cars']}]
Capabilities {acceptInsecureCerts: false, browserName: chrome, browserVersion: 103.0.5060.134, chrome: {chromedriverVersion: 102.0.5005.61 (0e59bcc00cc4..., userDataDir: C:\Users\Viktor\AppData\Loc...}, goog:chromeOptions: {debuggerAddress: localhost:56995}, networkConnectionEnabled: false, pageLoadStrategy: normal, platformName: WINDOWS, proxy: Proxy(), se:cdp: ws://localhost:56995/devtoo..., se:cdpVersion: 103.0.5060.134, setWindowRect: true, strictFileInteractability: false, timeouts: {implicit: 0, pageLoad: 300000, script: 30000}, unhandledPromptBehavior: dismiss and notify, webauthn:extension:credBlob: true, webauthn:extension:largeBlob: true, webauthn:virtualAuthenticators: true}
Session ID: 32200364fd5194c1000a46f8ede8f9e2
