23:49:13.300 INFO  manager.ApplicationManager - All tests run in Chrome browser.
23:49:16.278 INFO  manager.ApplicationManager - Current Url-->>>https://ilcarro-1578153671498.web.app/search
23:49:16.303 INFO  tests.TestBase - Start test with name -->>>searchPeriodPast
23:49:16.305 INFO  manager.MyListener - WebDriver start find element -->>>By.cssSelector: .logo
23:49:16.321 INFO  manager.MyListener - WebDriver found element by locator -->>>By.cssSelector: .logo
23:49:16.520 INFO  manager.MyListener - WebDriver start find element -->>>By.xpath: //*[@id='city']
23:49:16.536 INFO  manager.MyListener - WebDriver found element by locator -->>>By.xpath: //*[@id='city']
23:49:16.570 INFO  manager.MyListener - WebDriver start find element -->>>By.xpath: //*[@id='dates']
23:49:16.586 INFO  manager.MyListener - WebDriver found element by locator -->>>By.xpath: //*[@id='dates']
23:49:16.648 INFO  manager.MyListener - WebDriver start find element -->>>By.id: city
23:49:16.663 INFO  manager.MyListener - WebDriver found element by locator -->>>By.id: city
23:49:17.746 INFO  manager.MyListener - The name of method with error -->>>click
23:49:17.748 INFO  manager.MyListener - We have a problem ----->>>>>org.openqa.selenium.ElementClickInterceptedException: element click intercepted: Element <input _ngcontent-thn-c72="" formcontrolname="city" id="city" placeholder="" type="text" class="ng-pristine ng-invalid pac-target-input ng-touched" autocomplete="off"> is not clickable at point (335, 266). Other element would receive the click: <div class="cdk-overlay-backdrop mat-overlay-transparent-backdrop cdk-overlay-backdrop-showing"></div>
  (Session info: chrome=103.0.5060.134)
Build info: version: '4.2.2', revision: '683ccb65d6'
System info: host: 'VIKTOR', ip: '192.168.99.192', os.name: 'Windows 11', os.arch: 'amd64', os.version: '10.0', java.version: '11.0.15.1'
Driver info: org.openqa.selenium.chrome.ChromeDriver
Command: [c2335c459e3a5a708314034935cd6864, clickElement {id=3d2bed38-5b57-4632-9fc0-8123f4572abb}]
Capabilities {acceptInsecureCerts: false, browserName: chrome, browserVersion: 103.0.5060.134, chrome: {chromedriverVersion: 102.0.5005.61 (0e59bcc00cc4..., userDataDir: C:\Users\Viktor\AppData\Loc...}, goog:chromeOptions: {debuggerAddress: localhost:50082}, networkConnectionEnabled: false, pageLoadStrategy: normal, platformName: WINDOWS, proxy: Proxy(), se:cdp: ws://localhost:50082/devtoo..., se:cdpVersion: 103.0.5060.134, setWindowRect: true, strictFileInteractability: false, timeouts: {implicit: 0, pageLoad: 300000, script: 30000}, unhandledPromptBehavior: dismiss and notify, webauthn:extension:credBlob: true, webauthn:extension:largeBlob: true, webauthn:virtualAuthenticators: true}
Element: [[ChromeDriver: chrome on WINDOWS (c2335c459e3a5a708314034935cd6864)] -> id: city]
Session ID: c2335c459e3a5a708314034935cd6864
23:49:17.750 INFO  manager.MyListener - WebDriver start find element -->>>By.cssSelector: .logo
23:49:17.760 INFO  manager.MyListener - WebDriver found element by locator -->>>By.cssSelector: .logo
23:49:18.788 INFO  manager.MyListener - The name of method with error -->>>click
23:49:18.789 INFO  manager.MyListener - We have a problem ----->>>>>org.openqa.selenium.ElementClickInterceptedException: element click intercepted: Element <a _ngcontent-thn-c25="" href="/" class="logo">...</a> is not clickable at point (262, 34). Other element would receive the click: <div class="cdk-overlay-backdrop mat-overlay-transparent-backdrop cdk-overlay-backdrop-showing"></div>
  (Session info: chrome=103.0.5060.134)
Build info: version: '4.2.2', revision: '683ccb65d6'
System info: host: 'VIKTOR', ip: '192.168.99.192', os.name: 'Windows 11', os.arch: 'amd64', os.version: '10.0', java.version: '11.0.15.1'
Driver info: org.openqa.selenium.chrome.ChromeDriver
Command: [c2335c459e3a5a708314034935cd6864, clickElement {id=20520ed8-79af-4d7a-ad72-1c01f7d3610d}]
Capabilities {acceptInsecureCerts: false, browserName: chrome, browserVersion: 103.0.5060.134, chrome: {chromedriverVersion: 102.0.5005.61 (0e59bcc00cc4..., userDataDir: C:\Users\Viktor\AppData\Loc...}, goog:chromeOptions: {debuggerAddress: localhost:50082}, networkConnectionEnabled: false, pageLoadStrategy: normal, platformName: WINDOWS, proxy: Proxy(), se:cdp: ws://localhost:50082/devtoo..., se:cdpVersion: 103.0.5060.134, setWindowRect: true, strictFileInteractability: false, timeouts: {implicit: 0, pageLoad: 300000, script: 30000}, unhandledPromptBehavior: dismiss and notify, webauthn:extension:credBlob: true, webauthn:extension:largeBlob: true, webauthn:virtualAuthenticators: true}
Element: [[ChromeDriver: chrome on WINDOWS (c2335c459e3a5a708314034935cd6864)] -> css selector: .logo]
Session ID: c2335c459e3a5a708314034935cd6864
