19:55:18.833 INFO  manager.ApplicationManager - All tests run in Chrome browser.
19:55:52.068 INFO  manager.ApplicationManager - Current Url-->>>https://ilcarro-1578153671498.web.app/search
19:55:52.095 INFO  tests.TestBase - Start test with name -->>>addNewCarSuccess
19:56:02.114 INFO  manager.MyListener - WebDriver start find element -->>>By.xpath: //*[@href='/login?url=%2Fsearch']
19:56:02.132 INFO  manager.MyListener - WebDriver found element by locator -->>>By.xpath: //*[@href='/login?url=%2Fsearch']
19:56:02.175 INFO  manager.MyListener - WebDriver start find element -->>>By.id: email
19:56:02.200 INFO  manager.MyListener - WebDriver found element by locator -->>>By.id: email
19:56:02.277 INFO  manager.MyListener - WebDriver start find element -->>>By.id: password
19:56:02.293 INFO  manager.MyListener - WebDriver found element by locator -->>>By.id: password
19:56:02.367 INFO  manager.MyListener - WebDriver start find element -->>>By.xpath: //button[@type='submit']
19:56:02.384 INFO  manager.MyListener - WebDriver found element by locator -->>>By.xpath: //button[@type='submit']
19:56:02.414 INFO  manager.MyListener - WebDriver start find element -->>>By.xpath: //button[@type='submit']
19:56:02.429 INFO  manager.MyListener - WebDriver found element by locator -->>>By.xpath: //button[@type='submit']
19:56:05.498 INFO  manager.MyListener - WebDriver start find element -->>>By.xpath: //button[text()='Ok']
19:56:05.514 INFO  manager.MyListener - WebDriver found element by locator -->>>By.xpath: //button[text()='Ok']
19:56:06.552 INFO  manager.MyListener - WebDriver start find element -->>>By.id: 1
19:56:06.567 INFO  manager.MyListener - WebDriver found element by locator -->>>By.id: 1
19:56:06.609 INFO  manager.MyListener - WebDriver start find element -->>>By.id: pickUpPlace
19:56:06.624 INFO  manager.MyListener - WebDriver found element by locator -->>>By.id: pickUpPlace
19:56:06.697 INFO  manager.MyListener - WebDriver start find element -->>>By.cssSelector: div.pac-item
19:56:12.274 INFO  manager.MyListener - WebDriver found element by locator -->>>By.cssSelector: div.pac-item
19:56:12.806 INFO  manager.MyListener - WebDriver start find element -->>>By.id: make
19:56:12.820 INFO  manager.MyListener - WebDriver found element by locator -->>>By.id: make
19:56:12.881 INFO  manager.MyListener - WebDriver start find element -->>>By.id: model
19:56:12.893 INFO  manager.MyListener - WebDriver found element by locator -->>>By.id: model
19:56:12.959 INFO  manager.MyListener - WebDriver start find element -->>>By.id: year
19:56:12.972 INFO  manager.MyListener - WebDriver found element by locator -->>>By.id: year
19:56:13.052 INFO  manager.MyListener - WebDriver start find element -->>>By.id: engine
19:56:13.065 INFO  manager.MyListener - WebDriver found element by locator -->>>By.id: engine
19:56:13.132 INFO  manager.MyListener - WebDriver start find element -->>>By.id: fuel
19:56:13.147 INFO  manager.MyListener - WebDriver found element by locator -->>>By.id: fuel
19:56:13.193 INFO  manager.MyListener - WebDriver start find element -->>>By.id: gear
19:56:13.207 INFO  manager.MyListener - WebDriver found element by locator -->>>By.id: gear
19:56:13.249 INFO  manager.MyListener - WebDriver start find element -->>>By.id: wheelsDrive
19:56:13.263 INFO  manager.MyListener - WebDriver found element by locator -->>>By.id: wheelsDrive
19:56:13.312 INFO  manager.MyListener - WebDriver start find element -->>>By.id: doors
19:56:13.327 INFO  manager.MyListener - WebDriver found element by locator -->>>By.id: doors
19:56:13.403 INFO  manager.MyListener - WebDriver start find element -->>>By.id: seats
19:56:13.417 INFO  manager.MyListener - WebDriver found element by locator -->>>By.id: seats
19:56:13.494 INFO  manager.MyListener - WebDriver start find element -->>>By.id: class
19:56:13.510 INFO  manager.MyListener - WebDriver found element by locator -->>>By.id: class
19:56:13.578 INFO  manager.MyListener - WebDriver start find element -->>>By.id: fuelConsumption
19:56:13.593 INFO  manager.MyListener - WebDriver found element by locator -->>>By.id: fuelConsumption
19:56:13.670 INFO  manager.MyListener - WebDriver start find element -->>>By.id: serialNumber
19:56:13.686 INFO  manager.MyListener - WebDriver found element by locator -->>>By.id: serialNumber
19:56:13.764 INFO  manager.MyListener - WebDriver start find element -->>>By.id: price
19:56:13.779 INFO  manager.MyListener - WebDriver found element by locator -->>>By.id: price
19:56:13.855 INFO  manager.MyListener - WebDriver start find element -->>>By.id: distance
19:56:13.868 INFO  manager.MyListener - WebDriver found element by locator -->>>By.id: distance
19:56:13.950 INFO  manager.MyListener - WebDriver start find element -->>>By.cssSelector: input[placeholder='Type feature']
19:56:13.963 INFO  manager.MyListener - WebDriver found element by locator -->>>By.cssSelector: input[placeholder='Type feature']
19:56:14.039 INFO  manager.MyListener - WebDriver start find element -->>>By.id: about
19:56:14.052 INFO  manager.MyListener - WebDriver found element by locator -->>>By.id: about
19:56:14.120 INFO  manager.MyListener - WebDriver start find element -->>>By.id: photos
19:56:14.134 INFO  manager.MyListener - WebDriver found element by locator -->>>By.id: photos
19:56:16.173 INFO  manager.MyListener - WebDriver start find element -->>>By.xpath: //button[@type='submit']
19:56:16.188 INFO  manager.MyListener - WebDriver found element by locator -->>>By.xpath: //button[@type='submit']
19:56:16.714 INFO  manager.MyListener - WebDriver start find element -->>>By.xpath: //button[@type='submit']
19:56:16.723 INFO  manager.MyListener - WebDriver found element by locator -->>>By.xpath: //button[@type='submit']
19:56:17.238 INFO  manager.MyListener - WebDriver start find element -->>>By.xpath: //button[@type='submit']
19:56:17.249 INFO  manager.MyListener - WebDriver found element by locator -->>>By.xpath: //button[@type='submit']
19:56:17.764 INFO  manager.MyListener - WebDriver start find element -->>>By.xpath: //button[@type='submit']
19:56:17.774 INFO  manager.MyListener - WebDriver found element by locator -->>>By.xpath: //button[@type='submit']
19:56:18.293 INFO  manager.MyListener - WebDriver start find element -->>>By.xpath: //button[@type='submit']
19:56:18.303 INFO  manager.MyListener - WebDriver found element by locator -->>>By.xpath: //button[@type='submit']
19:56:18.819 INFO  manager.MyListener - WebDriver start find element -->>>By.xpath: //button[@type='submit']
19:56:18.829 INFO  manager.MyListener - WebDriver found element by locator -->>>By.xpath: //button[@type='submit']
19:56:19.356 INFO  manager.MyListener - WebDriver start find element -->>>By.xpath: //button[@type='submit']
19:56:19.365 INFO  manager.MyListener - WebDriver found element by locator -->>>By.xpath: //button[@type='submit']
19:56:19.880 INFO  manager.MyListener - WebDriver start find element -->>>By.xpath: //button[@type='submit']
19:56:19.891 INFO  manager.MyListener - WebDriver found element by locator -->>>By.xpath: //button[@type='submit']
19:56:20.414 INFO  manager.MyListener - WebDriver start find element -->>>By.xpath: //button[@type='submit']
19:56:20.424 INFO  manager.MyListener - WebDriver found element by locator -->>>By.xpath: //button[@type='submit']
19:56:20.939 INFO  manager.MyListener - WebDriver start find element -->>>By.xpath: //button[@type='submit']
19:56:20.947 INFO  manager.MyListener - WebDriver found element by locator -->>>By.xpath: //button[@type='submit']
19:56:21.464 INFO  manager.MyListener - WebDriver start find element -->>>By.xpath: //button[@type='submit']
19:56:21.475 INFO  manager.MyListener - WebDriver found element by locator -->>>By.xpath: //button[@type='submit']
19:56:21.490 INFO  manager.MyListener - WebDriver start find element -->>>By.xpath: //button[text()='Search cars']
19:56:31.534 INFO  manager.MyListener - The name of method with error -->>>findElement
19:56:31.535 INFO  manager.MyListener - We have a problem ----->>>>>org.openqa.selenium.NoSuchElementException: no such element: Unable to locate element: {"method":"xpath","selector":"//button[text()='Search cars']"}
  (Session info: chrome=103.0.5060.134)
For documentation on this error, please visit: https://selenium.dev/exceptions/#no_such_element
Build info: version: '4.2.2', revision: '683ccb65d6'
System info: host: 'VIKTOR', ip: '192.168.52.192', os.name: 'Windows 11', os.arch: 'amd64', os.version: '10.0', java.version: '11.0.15.1'
Driver info: org.openqa.selenium.chrome.ChromeDriver
Command: [87910ccfb4e085e70b8460b8b31d7ccf, findElement {using=xpath, value=//button[text()='Search cars']}]
Capabilities {acceptInsecureCerts: false, browserName: chrome, browserVersion: 103.0.5060.134, chrome: {chromedriverVersion: 102.0.5005.61 (0e59bcc00cc4..., userDataDir: C:\Users\Viktor\AppData\Loc...}, goog:chromeOptions: {debuggerAddress: localhost:49392}, networkConnectionEnabled: false, pageLoadStrategy: normal, platformName: WINDOWS, proxy: Proxy(), se:cdp: ws://localhost:49392/devtoo..., se:cdpVersion: 103.0.5060.134, setWindowRect: true, strictFileInteractability: false, timeouts: {implicit: 0, pageLoad: 300000, script: 30000}, unhandledPromptBehavior: dismiss and notify, webauthn:extension:credBlob: true, webauthn:extension:largeBlob: true, webauthn:virtualAuthenticators: true}
Session ID: 87910ccfb4e085e70b8460b8b31d7ccf
