00:32:55.048 INFO  manager.ApplicationManager - All tests run in Chrome browser.
00:32:58.644 INFO  manager.ApplicationManager - Current Url-->>>https://ilcarro-1578153671498.web.app/search
00:32:58.668 INFO  tests.TestBase - Start test with name -->>>searchAnyPeriod
00:32:58.669 INFO  manager.MyListener - WebDriver start find element -->>>By.cssSelector: .logo
00:32:58.686 INFO  manager.MyListener - WebDriver found element by locator -->>>By.cssSelector: .logo
00:32:58.936 INFO  manager.MyListener - WebDriver start find element -->>>By.xpath: //*[@id='city']
00:32:58.953 INFO  manager.MyListener - WebDriver found element by locator -->>>By.xpath: //*[@id='city']
00:32:58.992 INFO  manager.MyListener - WebDriver start find element -->>>By.xpath: //*[@id='dates']
00:32:59.008 INFO  manager.MyListener - WebDriver found element by locator -->>>By.xpath: //*[@id='dates']
00:32:59.073 INFO  manager.MyListener - WebDriver start find element -->>>By.id: city
00:32:59.087 INFO  manager.MyListener - WebDriver found element by locator -->>>By.id: city
00:33:00.171 INFO  manager.MyListener - The name of method with error -->>>click
00:33:00.173 INFO  manager.MyListener - We have a problem ----->>>>>org.openqa.selenium.ElementClickInterceptedException: element click intercepted: Element <input _ngcontent-eyj-c72="" formcontrolname="city" id="city" placeholder="" type="text" class="ng-pristine ng-invalid pac-target-input ng-touched" autocomplete="off"> is not clickable at point (335, 266). Other element would receive the click: <div class="cdk-overlay-backdrop mat-overlay-transparent-backdrop cdk-overlay-backdrop-showing"></div>
  (Session info: chrome=103.0.5060.134)
Build info: version: '4.2.2', revision: '683ccb65d6'
System info: host: 'VIKTOR', ip: '192.168.99.192', os.name: 'Windows 11', os.arch: 'amd64', os.version: '10.0', java.version: '11.0.15.1'
Driver info: org.openqa.selenium.chrome.ChromeDriver
Command: [76ce3fa2e1fc901e5ace8f3069b58c95, clickElement {id=0bfc347e-d282-4d95-b892-6c954bfb84e9}]
Capabilities {acceptInsecureCerts: false, browserName: chrome, browserVersion: 103.0.5060.134, chrome: {chromedriverVersion: 102.0.5005.61 (0e59bcc00cc4..., userDataDir: C:\Users\Viktor\AppData\Loc...}, goog:chromeOptions: {debuggerAddress: localhost:53212}, networkConnectionEnabled: false, pageLoadStrategy: normal, platformName: WINDOWS, proxy: Proxy(), se:cdp: ws://localhost:53212/devtoo..., se:cdpVersion: 103.0.5060.134, setWindowRect: true, strictFileInteractability: false, timeouts: {implicit: 0, pageLoad: 300000, script: 30000}, unhandledPromptBehavior: dismiss and notify, webauthn:extension:credBlob: true, webauthn:extension:largeBlob: true, webauthn:virtualAuthenticators: true}
Element: [[ChromeDriver: chrome on WINDOWS (76ce3fa2e1fc901e5ace8f3069b58c95)] -> id: city]
Session ID: 76ce3fa2e1fc901e5ace8f3069b58c95
00:33:00.175 INFO  manager.MyListener - WebDriver start find element -->>>By.cssSelector: .logo
00:33:00.188 INFO  manager.MyListener - WebDriver found element by locator -->>>By.cssSelector: .logo
00:33:01.210 INFO  manager.MyListener - The name of method with error -->>>click
00:33:01.211 INFO  manager.MyListener - We have a problem ----->>>>>org.openqa.selenium.ElementClickInterceptedException: element click intercepted: Element <a _ngcontent-eyj-c25="" href="/" class="logo">...</a> is not clickable at point (262, 34). Other element would receive the click: <div class="cdk-overlay-backdrop mat-overlay-transparent-backdrop cdk-overlay-backdrop-showing"></div>
  (Session info: chrome=103.0.5060.134)
Build info: version: '4.2.2', revision: '683ccb65d6'
System info: host: 'VIKTOR', ip: '192.168.99.192', os.name: 'Windows 11', os.arch: 'amd64', os.version: '10.0', java.version: '11.0.15.1'
Driver info: org.openqa.selenium.chrome.ChromeDriver
Command: [76ce3fa2e1fc901e5ace8f3069b58c95, clickElement {id=3dcc3c4b-884f-420f-bf57-80690aaa5b31}]
Capabilities {acceptInsecureCerts: false, browserName: chrome, browserVersion: 103.0.5060.134, chrome: {chromedriverVersion: 102.0.5005.61 (0e59bcc00cc4..., userDataDir: C:\Users\Viktor\AppData\Loc...}, goog:chromeOptions: {debuggerAddress: localhost:53212}, networkConnectionEnabled: false, pageLoadStrategy: normal, platformName: WINDOWS, proxy: Proxy(), se:cdp: ws://localhost:53212/devtoo..., se:cdpVersion: 103.0.5060.134, setWindowRect: true, strictFileInteractability: false, timeouts: {implicit: 0, pageLoad: 300000, script: 30000}, unhandledPromptBehavior: dismiss and notify, webauthn:extension:credBlob: true, webauthn:extension:largeBlob: true, webauthn:virtualAuthenticators: true}
Element: [[ChromeDriver: chrome on WINDOWS (76ce3fa2e1fc901e5ace8f3069b58c95)] -> css selector: .logo]
Session ID: 76ce3fa2e1fc901e5ace8f3069b58c95
