20:37:40.094 INFO  manager.ApplicationManager - All tests run in Chrome browser.
20:37:49.482 INFO  manager.ApplicationManager - Current Url-->>>https://ilcarro-1578153671498.web.app/search
20:37:49.509 INFO  tests.TestBase - Start test with name -->>>RegistrationWrongPasswordFormat
20:37:59.541 INFO  manager.MyListener - WebDriver start find element -->>>By.xpath: //a[text()=' Sign up ']
20:37:59.559 INFO  manager.MyListener - WebDriver found element by locator -->>>By.xpath: //a[text()=' Sign up ']
20:37:59.596 INFO  manager.MyListener - WebDriver start find element -->>>By.id: name
20:37:59.614 INFO  manager.MyListener - WebDriver found element by locator -->>>By.id: name
20:37:59.679 INFO  manager.MyListener - WebDriver start find element -->>>By.id: lastName
20:37:59.695 INFO  manager.MyListener - WebDriver found element by locator -->>>By.id: lastName
20:37:59.762 INFO  manager.MyListener - WebDriver start find element -->>>By.id: email
20:37:59.782 INFO  manager.MyListener - WebDriver found element by locator -->>>By.id: email
20:37:59.858 INFO  manager.MyListener - WebDriver start find element -->>>By.id: password
20:37:59.875 INFO  manager.MyListener - WebDriver found element by locator -->>>By.id: password
20:37:59.938 INFO  manager.MyListener - WebDriver start find element -->>>By.cssSelector: label[for='terms-of-use']
20:37:59.956 INFO  manager.MyListener - WebDriver found element by locator -->>>By.cssSelector: label[for='terms-of-use']
20:38:00.312 INFO  manager.MyListener - WebDriver start find element -->>>By.cssSelector: div.error div:last-child
20:38:00.329 INFO  manager.MyListener - WebDriver found element by locator -->>>By.cssSelector: div.error div:last-child
20:38:00.340 INFO  manager.MyListener - WebDriver start find element -->>>By.cssSelector: div.error div:last-child
20:38:00.350 INFO  manager.MyListener - WebDriver found element by locator -->>>By.cssSelector: div.error div:last-child
20:38:00.360 INFO  manager.MyListener - WebDriver start find element -->>>By.cssSelector: div.error div:first-child
20:38:00.373 INFO  manager.MyListener - WebDriver found element by locator -->>>By.cssSelector: div.error div:first-child
20:38:00.396 INFO  manager.MyListener - WebDriver start find element -->>>By.cssSelector: [type='submit']
20:38:00.409 INFO  manager.MyListener - WebDriver found element by locator -->>>By.cssSelector: [type='submit']
20:38:10.439 INFO  tests.TestBase - Start test with name -->>>registrationSuccess
20:38:20.490 INFO  manager.MyListener - WebDriver start find element -->>>By.xpath: //a[text()=' Sign up ']
20:38:20.503 INFO  manager.MyListener - WebDriver found element by locator -->>>By.xpath: //a[text()=' Sign up ']
20:38:20.530 INFO  manager.MyListener - WebDriver start find element -->>>By.id: name
20:38:20.546 INFO  manager.MyListener - WebDriver found element by locator -->>>By.id: name
20:38:20.630 INFO  manager.MyListener - WebDriver start find element -->>>By.id: lastName
20:38:20.648 INFO  manager.MyListener - WebDriver found element by locator -->>>By.id: lastName
20:38:20.718 INFO  manager.MyListener - WebDriver start find element -->>>By.id: email
20:38:20.732 INFO  manager.MyListener - WebDriver found element by locator -->>>By.id: email
20:38:20.810 INFO  manager.MyListener - WebDriver start find element -->>>By.id: password
20:38:20.824 INFO  manager.MyListener - WebDriver found element by locator -->>>By.id: password
20:38:20.893 INFO  manager.MyListener - WebDriver start find element -->>>By.cssSelector: label[for='terms-of-use']
20:38:20.906 INFO  manager.MyListener - WebDriver found element by locator -->>>By.cssSelector: label[for='terms-of-use']
20:38:21.249 INFO  manager.MyListener - WebDriver start find element -->>>By.xpath: //button[@type='submit']
20:38:21.264 INFO  manager.MyListener - WebDriver found element by locator -->>>By.xpath: //button[@type='submit']
20:38:21.288 INFO  manager.MyListener - WebDriver start find element -->>>By.xpath: //button[@type='submit']
20:38:21.299 INFO  manager.MyListener - WebDriver found element by locator -->>>By.xpath: //button[@type='submit']
20:38:23.334 INFO  manager.MyListener - WebDriver start find element -->>>By.cssSelector: div.dialog-container
20:38:23.349 INFO  manager.MyListener - WebDriver found element by locator -->>>By.cssSelector: div.dialog-container
20:38:23.362 INFO  manager.MyListener - WebDriver start find element -->>>By.cssSelector: div.dialog-container h1
20:38:23.375 INFO  manager.MyListener - WebDriver found element by locator -->>>By.cssSelector: div.dialog-container h1
20:38:23.397 INFO  manager.MyListener - WebDriver start find element -->>>By.xpath: //button[text()='Ok']
20:38:23.409 INFO  manager.MyListener - WebDriver found element by locator -->>>By.xpath: //button[text()='Ok']
20:38:23.433 INFO  tests.TestBase - Start test with name -->>>registrationSuccess2
20:38:23.447 INFO  manager.MyListener - WebDriver start find element -->>>By.xpath: //button[text()='Ok']
20:38:23.461 INFO  manager.MyListener - WebDriver found element by locator -->>>By.xpath: //button[text()='Ok']
20:38:23.478 INFO  manager.MyListener - WebDriver start find element -->>>By.xpath: //*[text()=' Logout ']
20:38:23.492 INFO  manager.MyListener - WebDriver found element by locator -->>>By.xpath: //*[text()=' Logout ']
20:38:23.552 INFO  manager.MyListener - WebDriver start find element -->>>By.xpath: //a[text()=' Sign up ']
20:38:23.564 INFO  manager.MyListener - WebDriver found element by locator -->>>By.xpath: //a[text()=' Sign up ']
20:38:23.601 INFO  manager.MyListener - WebDriver start find element -->>>By.id: name
20:38:23.613 INFO  manager.MyListener - WebDriver found element by locator -->>>By.id: name
20:38:23.688 INFO  manager.MyListener - WebDriver start find element -->>>By.id: lastName
20:38:23.699 INFO  manager.MyListener - WebDriver found element by locator -->>>By.id: lastName
20:38:23.769 INFO  manager.MyListener - WebDriver start find element -->>>By.id: email
20:38:23.781 INFO  manager.MyListener - WebDriver found element by locator -->>>By.id: email
20:38:23.865 INFO  manager.MyListener - WebDriver start find element -->>>By.id: password
20:38:23.880 INFO  manager.MyListener - WebDriver found element by locator -->>>By.id: password
20:38:23.949 INFO  manager.MyListener - WebDriver start find element -->>>By.cssSelector: label[for='terms-of-use']
20:38:23.961 INFO  manager.MyListener - WebDriver found element by locator -->>>By.cssSelector: label[for='terms-of-use']
20:38:24.310 INFO  manager.MyListener - WebDriver start find element -->>>By.xpath: //button[@type='submit']
20:38:24.321 INFO  manager.MyListener - WebDriver found element by locator -->>>By.xpath: //button[@type='submit']
20:38:24.338 INFO  manager.MyListener - WebDriver start find element -->>>By.xpath: //button[@type='submit']
20:38:24.348 INFO  manager.MyListener - WebDriver found element by locator -->>>By.xpath: //button[@type='submit']
20:38:26.377 INFO  manager.MyListener - WebDriver start find element -->>>By.cssSelector: div.dialog-container
20:38:26.388 INFO  manager.MyListener - WebDriver found element by locator -->>>By.cssSelector: div.dialog-container
20:38:26.398 INFO  manager.MyListener - WebDriver start find element -->>>By.cssSelector: div.dialog-container h1
20:38:26.407 INFO  manager.MyListener - WebDriver found element by locator -->>>By.cssSelector: div.dialog-container h1
20:38:26.433 INFO  manager.MyListener - WebDriver start find element -->>>By.xpath: //button[text()='Ok']
20:38:26.443 INFO  manager.MyListener - WebDriver found element by locator -->>>By.xpath: //button[text()='Ok']
20:38:26.463 INFO  tests.TestBase - Start test with name -->>>registrationSuccess2
20:38:26.473 INFO  manager.MyListener - WebDriver start find element -->>>By.xpath: //button[text()='Ok']
20:38:26.483 INFO  manager.MyListener - WebDriver found element by locator -->>>By.xpath: //button[text()='Ok']
20:38:26.497 INFO  manager.MyListener - WebDriver start find element -->>>By.xpath: //*[text()=' Logout ']
20:38:36.546 INFO  manager.MyListener - The name of method with error -->>>findElement
20:38:36.548 INFO  manager.MyListener - We have a problem ----->>>>>org.openqa.selenium.NoSuchElementException: no such element: Unable to locate element: {"method":"xpath","selector":"//*[text()=' Logout ']"}
  (Session info: chrome=103.0.5060.134)
For documentation on this error, please visit: https://selenium.dev/exceptions/#no_such_element
Build info: version: '4.2.2', revision: '683ccb65d6'
System info: host: 'VIKTOR', ip: '192.168.165.192', os.name: 'Windows 11', os.arch: 'amd64', os.version: '10.0', java.version: '11.0.15.1'
Driver info: org.openqa.selenium.chrome.ChromeDriver
Command: [a7e45817bf4a04ffaf8c18a7f8a84f74, findElement {using=xpath, value=//*[text()=' Logout ']}]
Capabilities {acceptInsecureCerts: false, browserName: chrome, browserVersion: 103.0.5060.134, chrome: {chromedriverVersion: 102.0.5005.61 (0e59bcc00cc4..., userDataDir: C:\Users\Viktor\AppData\Loc...}, goog:chromeOptions: {debuggerAddress: localhost:58478}, networkConnectionEnabled: false, pageLoadStrategy: normal, platformName: WINDOWS, proxy: Proxy(), se:cdp: ws://localhost:58478/devtoo..., se:cdpVersion: 103.0.5060.134, setWindowRect: true, strictFileInteractability: false, timeouts: {implicit: 0, pageLoad: 300000, script: 30000}, unhandledPromptBehavior: dismiss and notify, webauthn:extension:credBlob: true, webauthn:extension:largeBlob: true, webauthn:virtualAuthenticators: true}
Session ID: a7e45817bf4a04ffaf8c18a7f8a84f74
