19:58:53.385 INFO  manager.ApplicationManager - All tests run in Chrome browser.
19:59:46.882 INFO  manager.ApplicationManager - Current Url-->>>https://ilcarro-1578153671498.web.app/search
19:59:46.911 INFO  tests.TestBase - Start test with name -->>>addNewCarSuccess
19:59:56.957 INFO  manager.MyListener - WebDriver start find element -->>>By.xpath: //*[@href='/login?url=%2Fsearch']
19:59:56.977 INFO  manager.MyListener - WebDriver found element by locator -->>>By.xpath: //*[@href='/login?url=%2Fsearch']
19:59:57.013 INFO  manager.MyListener - WebDriver start find element -->>>By.id: email
19:59:57.031 INFO  manager.MyListener - WebDriver found element by locator -->>>By.id: email
19:59:57.110 INFO  manager.MyListener - WebDriver start find element -->>>By.id: password
19:59:57.127 INFO  manager.MyListener - WebDriver found element by locator -->>>By.id: password
19:59:57.209 INFO  manager.MyListener - WebDriver start find element -->>>By.xpath: //button[@type='submit']
19:59:57.226 INFO  manager.MyListener - WebDriver found element by locator -->>>By.xpath: //button[@type='submit']
19:59:57.254 INFO  manager.MyListener - WebDriver start find element -->>>By.xpath: //button[@type='submit']
19:59:57.270 INFO  manager.MyListener - WebDriver found element by locator -->>>By.xpath: //button[@type='submit']
20:00:00.524 INFO  manager.MyListener - WebDriver start find element -->>>By.xpath: //button[text()='Ok']
20:00:00.540 INFO  manager.MyListener - WebDriver found element by locator -->>>By.xpath: //button[text()='Ok']
20:00:01.577 INFO  manager.MyListener - WebDriver start find element -->>>By.id: 1
20:00:01.593 INFO  manager.MyListener - WebDriver found element by locator -->>>By.id: 1
20:00:01.636 INFO  manager.MyListener - WebDriver start find element -->>>By.id: pickUpPlace
20:00:01.652 INFO  manager.MyListener - WebDriver found element by locator -->>>By.id: pickUpPlace
20:00:01.731 INFO  manager.MyListener - WebDriver start find element -->>>By.cssSelector: div.pac-item
20:00:02.979 INFO  manager.MyListener - WebDriver found element by locator -->>>By.cssSelector: div.pac-item
20:00:03.508 INFO  manager.MyListener - WebDriver start find element -->>>By.id: make
20:00:03.523 INFO  manager.MyListener - WebDriver found element by locator -->>>By.id: make
20:00:03.584 INFO  manager.MyListener - WebDriver start find element -->>>By.id: model
20:00:03.598 INFO  manager.MyListener - WebDriver found element by locator -->>>By.id: model
20:00:03.663 INFO  manager.MyListener - WebDriver start find element -->>>By.id: year
20:00:03.677 INFO  manager.MyListener - WebDriver found element by locator -->>>By.id: year
20:00:03.756 INFO  manager.MyListener - WebDriver start find element -->>>By.id: engine
20:00:03.770 INFO  manager.MyListener - WebDriver found element by locator -->>>By.id: engine
20:00:03.842 INFO  manager.MyListener - WebDriver start find element -->>>By.id: fuel
20:00:03.857 INFO  manager.MyListener - WebDriver found element by locator -->>>By.id: fuel
20:00:03.905 INFO  manager.MyListener - WebDriver start find element -->>>By.id: gear
20:00:03.920 INFO  manager.MyListener - WebDriver found element by locator -->>>By.id: gear
20:00:03.959 INFO  manager.MyListener - WebDriver start find element -->>>By.id: wheelsDrive
20:00:03.972 INFO  manager.MyListener - WebDriver found element by locator -->>>By.id: wheelsDrive
20:00:04.019 INFO  manager.MyListener - WebDriver start find element -->>>By.id: doors
20:00:04.032 INFO  manager.MyListener - WebDriver found element by locator -->>>By.id: doors
20:00:04.112 INFO  manager.MyListener - WebDriver start find element -->>>By.id: seats
20:00:04.126 INFO  manager.MyListener - WebDriver found element by locator -->>>By.id: seats
20:00:04.210 INFO  manager.MyListener - WebDriver start find element -->>>By.id: class
20:00:04.224 INFO  manager.MyListener - WebDriver found element by locator -->>>By.id: class
20:00:04.303 INFO  manager.MyListener - WebDriver start find element -->>>By.id: fuelConsumption
20:00:04.321 INFO  manager.MyListener - WebDriver found element by locator -->>>By.id: fuelConsumption
20:00:04.416 INFO  manager.MyListener - WebDriver start find element -->>>By.id: serialNumber
20:00:04.432 INFO  manager.MyListener - WebDriver found element by locator -->>>By.id: serialNumber
20:00:04.513 INFO  manager.MyListener - WebDriver start find element -->>>By.id: price
20:00:04.529 INFO  manager.MyListener - WebDriver found element by locator -->>>By.id: price
20:00:04.612 INFO  manager.MyListener - WebDriver start find element -->>>By.id: distance
20:00:04.629 INFO  manager.MyListener - WebDriver found element by locator -->>>By.id: distance
20:00:04.720 INFO  manager.MyListener - WebDriver start find element -->>>By.cssSelector: input[placeholder='Type feature']
20:00:04.736 INFO  manager.MyListener - WebDriver found element by locator -->>>By.cssSelector: input[placeholder='Type feature']
20:00:04.814 INFO  manager.MyListener - WebDriver start find element -->>>By.id: about
20:00:04.830 INFO  manager.MyListener - WebDriver found element by locator -->>>By.id: about
20:00:04.918 INFO  manager.MyListener - WebDriver start find element -->>>By.id: photos
20:00:04.931 INFO  manager.MyListener - WebDriver found element by locator -->>>By.id: photos
20:00:07.976 INFO  manager.MyListener - WebDriver start find element -->>>By.xpath: //button[@type='submit']
20:00:07.988 INFO  manager.MyListener - WebDriver found element by locator -->>>By.xpath: //button[@type='submit']
20:00:08.516 INFO  manager.MyListener - WebDriver start find element -->>>By.xpath: //button[@type='submit']
20:00:08.524 INFO  manager.MyListener - WebDriver found element by locator -->>>By.xpath: //button[@type='submit']
20:00:09.038 INFO  manager.MyListener - WebDriver start find element -->>>By.xpath: //button[@type='submit']
20:00:09.049 INFO  manager.MyListener - WebDriver found element by locator -->>>By.xpath: //button[@type='submit']
20:00:09.577 INFO  manager.MyListener - WebDriver start find element -->>>By.xpath: //button[@type='submit']
20:00:09.587 INFO  manager.MyListener - WebDriver found element by locator -->>>By.xpath: //button[@type='submit']
20:00:10.105 INFO  manager.MyListener - WebDriver start find element -->>>By.xpath: //button[@type='submit']
20:00:10.114 INFO  manager.MyListener - WebDriver found element by locator -->>>By.xpath: //button[@type='submit']
20:00:10.636 INFO  manager.MyListener - WebDriver start find element -->>>By.xpath: //button[@type='submit']
20:00:10.651 INFO  manager.MyListener - WebDriver found element by locator -->>>By.xpath: //button[@type='submit']
20:00:11.174 INFO  manager.MyListener - WebDriver start find element -->>>By.xpath: //button[@type='submit']
20:00:11.184 INFO  manager.MyListener - WebDriver found element by locator -->>>By.xpath: //button[@type='submit']
20:00:11.698 INFO  manager.MyListener - WebDriver start find element -->>>By.xpath: //button[@type='submit']
20:00:11.709 INFO  manager.MyListener - WebDriver found element by locator -->>>By.xpath: //button[@type='submit']
20:00:12.223 INFO  manager.MyListener - WebDriver start find element -->>>By.xpath: //button[@type='submit']
20:00:12.232 INFO  manager.MyListener - WebDriver found element by locator -->>>By.xpath: //button[@type='submit']
20:00:12.752 INFO  manager.MyListener - WebDriver start find element -->>>By.xpath: //button[@type='submit']
20:00:12.760 INFO  manager.MyListener - WebDriver found element by locator -->>>By.xpath: //button[@type='submit']
20:00:13.273 INFO  manager.MyListener - WebDriver start find element -->>>By.xpath: //button[@type='submit']
20:00:13.282 INFO  manager.MyListener - WebDriver found element by locator -->>>By.xpath: //button[@type='submit']
20:00:13.297 INFO  manager.MyListener - WebDriver start find element -->>>By.xpath: //button[text()='Search cars']
20:00:23.340 INFO  manager.MyListener - The name of method with error -->>>findElement
20:00:23.340 INFO  manager.MyListener - We have a problem ----->>>>>org.openqa.selenium.NoSuchElementException: no such element: Unable to locate element: {"method":"xpath","selector":"//button[text()='Search cars']"}
  (Session info: chrome=103.0.5060.134)
For documentation on this error, please visit: https://selenium.dev/exceptions/#no_such_element
Build info: version: '4.2.2', revision: '683ccb65d6'
System info: host: 'VIKTOR', ip: '192.168.52.192', os.name: 'Windows 11', os.arch: 'amd64', os.version: '10.0', java.version: '11.0.15.1'
Driver info: org.openqa.selenium.chrome.ChromeDriver
Command: [81dc3c9bb7d7db520d13716eca5039bf, findElement {using=xpath, value=//button[text()='Search cars']}]
Capabilities {acceptInsecureCerts: false, browserName: chrome, browserVersion: 103.0.5060.134, chrome: {chromedriverVersion: 102.0.5005.61 (0e59bcc00cc4..., userDataDir: C:\Users\Viktor\AppData\Loc...}, goog:chromeOptions: {debuggerAddress: localhost:49746}, networkConnectionEnabled: false, pageLoadStrategy: normal, platformName: WINDOWS, proxy: Proxy(), se:cdp: ws://localhost:49746/devtoo..., se:cdpVersion: 103.0.5060.134, setWindowRect: true, strictFileInteractability: false, timeouts: {implicit: 0, pageLoad: 300000, script: 30000}, unhandledPromptBehavior: dismiss and notify, webauthn:extension:credBlob: true, webauthn:extension:largeBlob: true, webauthn:virtualAuthenticators: true}
Session ID: 81dc3c9bb7d7db520d13716eca5039bf
