00:19:19.062 INFO  manager.ApplicationManager - All tests run in Chrome browser.
00:19:33.545 INFO  manager.ApplicationManager - Current Url-->>>https://ilcarro-1578153671498.web.app/search
00:19:33.576 INFO  tests.TestBase - Start test with name -->>>searchPeriodPast
00:19:33.578 INFO  manager.MyListener - WebDriver start find element -->>>By.id: city
00:19:33.598 INFO  manager.MyListener - WebDriver found element by locator -->>>By.id: city
00:19:34.183 INFO  manager.MyListener - WebDriver start find element -->>>By.cssSelector: .pac-item
00:19:34.201 INFO  manager.MyListener - WebDriver found element by locator -->>>By.cssSelector: .pac-item
00:19:34.227 INFO  manager.MyListener - WebDriver start find element -->>>By.xpath: //*[@id='dates']
00:19:34.245 INFO  manager.MyListener - WebDriver found element by locator -->>>By.xpath: //*[@id='dates']
00:19:34.811 INFO  manager.MyListener - WebDriver start find element -->>>By.xpath: //*[@class='cdk-overlay-backdrop mat-overlay-transparent-backdrop cdk-overlay-backdrop-showing']
00:19:34.830 INFO  manager.MyListener - WebDriver found element by locator -->>>By.xpath: //*[@class='cdk-overlay-backdrop mat-overlay-transparent-backdrop cdk-overlay-backdrop-showing']
00:19:34.857 INFO  manager.MyListener - WebDriver start find element -->>>By.xpath: //*[@id='dates']
00:19:34.872 INFO  manager.MyListener - WebDriver found element by locator -->>>By.xpath: //*[@id='dates']
00:19:35.113 INFO  manager.MyListener - WebDriver start find element -->>>By.cssSelector: .logo
00:19:35.128 INFO  manager.MyListener - WebDriver found element by locator -->>>By.cssSelector: .logo
00:19:36.215 INFO  manager.MyListener - The name of method with error -->>>click
00:19:36.218 INFO  manager.MyListener - We have a problem ----->>>>>org.openqa.selenium.ElementClickInterceptedException: element click intercepted: Element <a _ngcontent-vqj-c25="" href="/" class="logo">...</a> is not clickable at point (262, 34). Other element would receive the click: <div class="cdk-overlay-backdrop mat-overlay-transparent-backdrop cdk-overlay-backdrop-showing"></div>
  (Session info: chrome=103.0.5060.134)
Build info: version: '4.2.2', revision: '683ccb65d6'
System info: host: 'VIKTOR', ip: '192.168.99.192', os.name: 'Windows 11', os.arch: 'amd64', os.version: '10.0', java.version: '11.0.15.1'
Driver info: org.openqa.selenium.chrome.ChromeDriver
Command: [c7da18afc10a47a558eb333e4d304714, clickElement {id=93bf7289-23b1-4f8e-9bf0-5ab8a7cfed4b}]
Capabilities {acceptInsecureCerts: false, browserName: chrome, browserVersion: 103.0.5060.134, chrome: {chromedriverVersion: 102.0.5005.61 (0e59bcc00cc4..., userDataDir: C:\Users\Viktor\AppData\Loc...}, goog:chromeOptions: {debuggerAddress: localhost:52052}, networkConnectionEnabled: false, pageLoadStrategy: normal, platformName: WINDOWS, proxy: Proxy(), se:cdp: ws://localhost:52052/devtoo..., se:cdpVersion: 103.0.5060.134, setWindowRect: true, strictFileInteractability: false, timeouts: {implicit: 0, pageLoad: 300000, script: 30000}, unhandledPromptBehavior: dismiss and notify, webauthn:extension:credBlob: true, webauthn:extension:largeBlob: true, webauthn:virtualAuthenticators: true}
Element: [[ChromeDriver: chrome on WINDOWS (c7da18afc10a47a558eb333e4d304714)] -> css selector: .logo]
Session ID: c7da18afc10a47a558eb333e4d304714
