22:22:05.180 INFO  manager.ApplicationManager - All tests run in Chrome browser.
22:22:08.314 INFO  manager.ApplicationManager - Current Url-->>>https://ilcarro-1578153671498.web.app/search
22:22:08.339 INFO  tests.TestBase - Start test with name -->>>addNewCarSuccess
22:22:18.398 INFO  manager.MyListener - WebDriver start find element -->>>By.xpath: //*[@href='/login?url=%2Fsearch']
22:22:18.415 INFO  manager.MyListener - WebDriver found element by locator -->>>By.xpath: //*[@href='/login?url=%2Fsearch']
22:22:18.453 INFO  manager.MyListener - WebDriver start find element -->>>By.id: email
22:22:18.472 INFO  manager.MyListener - WebDriver found element by locator -->>>By.id: email
22:22:18.548 INFO  manager.MyListener - WebDriver start find element -->>>By.id: password
22:22:18.565 INFO  manager.MyListener - WebDriver found element by locator -->>>By.id: password
22:22:18.642 INFO  manager.MyListener - WebDriver start find element -->>>By.xpath: //button[@type='submit']
22:22:18.659 INFO  manager.MyListener - WebDriver found element by locator -->>>By.xpath: //button[@type='submit']
22:22:18.687 INFO  manager.MyListener - WebDriver start find element -->>>By.xpath: //button[@type='submit']
22:22:18.701 INFO  manager.MyListener - WebDriver found element by locator -->>>By.xpath: //button[@type='submit']
22:22:19.365 INFO  manager.MyListener - WebDriver start find element -->>>By.xpath: //button[text()='Ok']
22:22:19.380 INFO  manager.MyListener - WebDriver found element by locator -->>>By.xpath: //button[text()='Ok']
22:22:20.421 INFO  manager.MyListener - WebDriver start find element -->>>By.id: 1
22:22:20.437 INFO  manager.MyListener - WebDriver found element by locator -->>>By.id: 1
22:22:20.482 INFO  manager.MyListener - WebDriver start find element -->>>By.id: pickUpPlace
22:22:20.497 INFO  manager.MyListener - WebDriver found element by locator -->>>By.id: pickUpPlace
22:22:20.575 INFO  manager.MyListener - WebDriver start find element -->>>By.cssSelector: div.pac-item
22:22:21.086 INFO  manager.MyListener - WebDriver found element by locator -->>>By.cssSelector: div.pac-item
22:22:21.616 INFO  manager.MyListener - WebDriver start find element -->>>By.id: make
22:22:21.631 INFO  manager.MyListener - WebDriver found element by locator -->>>By.id: make
22:22:21.693 INFO  manager.MyListener - WebDriver start find element -->>>By.id: model
22:22:21.705 INFO  manager.MyListener - WebDriver found element by locator -->>>By.id: model
22:22:21.771 INFO  manager.MyListener - WebDriver start find element -->>>By.id: year
22:22:21.787 INFO  manager.MyListener - WebDriver found element by locator -->>>By.id: year
22:22:21.864 INFO  manager.MyListener - WebDriver start find element -->>>By.id: engine
22:22:21.877 INFO  manager.MyListener - WebDriver found element by locator -->>>By.id: engine
22:22:21.948 INFO  manager.MyListener - WebDriver start find element -->>>By.id: fuel
22:22:21.963 INFO  manager.MyListener - WebDriver found element by locator -->>>By.id: fuel
22:22:22.015 INFO  manager.MyListener - WebDriver start find element -->>>By.id: gear
22:22:22.029 INFO  manager.MyListener - WebDriver found element by locator -->>>By.id: gear
22:22:22.072 INFO  manager.MyListener - WebDriver start find element -->>>By.id: wheelsDrive
22:22:22.085 INFO  manager.MyListener - WebDriver found element by locator -->>>By.id: wheelsDrive
22:22:22.131 INFO  manager.MyListener - WebDriver start find element -->>>By.id: doors
22:22:22.149 INFO  manager.MyListener - WebDriver found element by locator -->>>By.id: doors
22:22:22.232 INFO  manager.MyListener - WebDriver start find element -->>>By.id: seats
22:22:22.247 INFO  manager.MyListener - WebDriver found element by locator -->>>By.id: seats
22:22:22.325 INFO  manager.MyListener - WebDriver start find element -->>>By.id: class
22:22:22.341 INFO  manager.MyListener - WebDriver found element by locator -->>>By.id: class
22:22:22.413 INFO  manager.MyListener - WebDriver start find element -->>>By.id: fuelConsumption
22:22:22.429 INFO  manager.MyListener - WebDriver found element by locator -->>>By.id: fuelConsumption
22:22:22.512 INFO  manager.MyListener - WebDriver start find element -->>>By.id: serialNumber
22:22:22.525 INFO  manager.MyListener - WebDriver found element by locator -->>>By.id: serialNumber
22:22:22.601 INFO  manager.MyListener - WebDriver start find element -->>>By.id: price
22:22:22.617 INFO  manager.MyListener - WebDriver found element by locator -->>>By.id: price
22:22:22.701 INFO  manager.MyListener - WebDriver start find element -->>>By.id: distance
22:22:22.717 INFO  manager.MyListener - WebDriver found element by locator -->>>By.id: distance
22:22:22.800 INFO  manager.MyListener - WebDriver start find element -->>>By.cssSelector: input[placeholder='Type feature']
22:22:22.815 INFO  manager.MyListener - WebDriver found element by locator -->>>By.cssSelector: input[placeholder='Type feature']
22:22:22.895 INFO  manager.MyListener - WebDriver start find element -->>>By.id: about
22:22:22.910 INFO  manager.MyListener - WebDriver found element by locator -->>>By.id: about
22:22:22.985 INFO  manager.MyListener - WebDriver start find element -->>>By.id: photos
22:22:23.002 INFO  manager.MyListener - WebDriver found element by locator -->>>By.id: photos
22:22:23.036 INFO  manager.MyListener - WebDriver start find element -->>>By.xpath: //button[@type='submit']
22:22:23.051 INFO  manager.MyListener - WebDriver found element by locator -->>>By.xpath: //button[@type='submit']
22:22:23.576 INFO  manager.MyListener - WebDriver start find element -->>>By.xpath: //button[@type='submit']
22:22:23.585 INFO  manager.MyListener - WebDriver found element by locator -->>>By.xpath: //button[@type='submit']
22:22:24.100 INFO  manager.MyListener - WebDriver start find element -->>>By.xpath: //button[@type='submit']
22:22:24.109 INFO  manager.MyListener - WebDriver found element by locator -->>>By.xpath: //button[@type='submit']
22:22:24.627 INFO  manager.MyListener - WebDriver start find element -->>>By.xpath: //button[@type='submit']
22:22:24.645 INFO  manager.MyListener - WebDriver found element by locator -->>>By.xpath: //button[@type='submit']
22:22:24.658 INFO  manager.MyListener - WebDriver start find element -->>>By.xpath: //button[@type='submit']
22:22:24.668 INFO  manager.MyListener - WebDriver found element by locator -->>>By.xpath: //button[@type='submit']
22:22:26.698 INFO  manager.MyListener - WebDriver start find element -->>>By.cssSelector: div.dialog-container
22:22:26.711 INFO  manager.MyListener - WebDriver found element by locator -->>>By.cssSelector: div.dialog-container
22:22:26.721 INFO  manager.MyListener - WebDriver start find element -->>>By.cssSelector: div.dialog-container h1
22:22:26.732 INFO  manager.MyListener - WebDriver found element by locator -->>>By.cssSelector: div.dialog-container h1
22:22:26.743 INFO  manager.MyListener - WebDriver start find element -->>>By.xpath: //button[text()='Search cars']
22:22:26.755 INFO  manager.MyListener - WebDriver found element by locator -->>>By.xpath: //button[text()='Search cars']
22:22:26.777 INFO  manager.MyListener - WebDriver start find element -->>>By.xpath: //button[text()='Ok']
22:22:36.834 INFO  manager.MyListener - The name of method with error -->>>findElement
22:22:36.836 INFO  manager.MyListener - We have a problem ----->>>>>org.openqa.selenium.NoSuchElementException: no such element: Unable to locate element: {"method":"xpath","selector":"//button[text()='Ok']"}
  (Session info: chrome=103.0.5060.134)
For documentation on this error, please visit: https://selenium.dev/exceptions/#no_such_element
Build info: version: '4.2.2', revision: '683ccb65d6'
System info: host: 'VIKTOR', ip: '192.168.52.192', os.name: 'Windows 11', os.arch: 'amd64', os.version: '10.0', java.version: '11.0.15.1'
Driver info: org.openqa.selenium.chrome.ChromeDriver
Command: [d306c13dc5484950f935e8fa304f8200, findElement {using=xpath, value=//button[text()='Ok']}]
Capabilities {acceptInsecureCerts: false, browserName: chrome, browserVersion: 103.0.5060.134, chrome: {chromedriverVersion: 102.0.5005.61 (0e59bcc00cc4..., userDataDir: C:\Users\Viktor\AppData\Loc...}, goog:chromeOptions: {debuggerAddress: localhost:60081}, networkConnectionEnabled: false, pageLoadStrategy: normal, platformName: WINDOWS, proxy: Proxy(), se:cdp: ws://localhost:60081/devtoo..., se:cdpVersion: 103.0.5060.134, setWindowRect: true, strictFileInteractability: false, timeouts: {implicit: 0, pageLoad: 300000, script: 30000}, unhandledPromptBehavior: dismiss and notify, webauthn:extension:credBlob: true, webauthn:extension:largeBlob: true, webauthn:virtualAuthenticators: true}
Session ID: d306c13dc5484950f935e8fa304f8200
22:22:36.840 INFO  tests.TestBase - Start test with name -->>>loginNegativeTestsWrongEmail
22:22:46.873 INFO  manager.MyListener - WebDriver start find element -->>>By.xpath: //*[@href='/login?url=%2Fsearch']
22:22:56.919 INFO  manager.MyListener - The name of method with error -->>>findElement
22:22:56.920 INFO  manager.MyListener - We have a problem ----->>>>>org.openqa.selenium.NoSuchElementException: no such element: Unable to locate element: {"method":"xpath","selector":"//*[@href='/login?url=%2Fsearch']"}
  (Session info: chrome=103.0.5060.134)
For documentation on this error, please visit: https://selenium.dev/exceptions/#no_such_element
Build info: version: '4.2.2', revision: '683ccb65d6'
System info: host: 'VIKTOR', ip: '192.168.52.192', os.name: 'Windows 11', os.arch: 'amd64', os.version: '10.0', java.version: '11.0.15.1'
Driver info: org.openqa.selenium.chrome.ChromeDriver
Command: [d306c13dc5484950f935e8fa304f8200, findElement {using=xpath, value=//*[@href='/login?url=%2Fsearch']}]
Capabilities {acceptInsecureCerts: false, browserName: chrome, browserVersion: 103.0.5060.134, chrome: {chromedriverVersion: 102.0.5005.61 (0e59bcc00cc4..., userDataDir: C:\Users\Viktor\AppData\Loc...}, goog:chromeOptions: {debuggerAddress: localhost:60081}, networkConnectionEnabled: false, pageLoadStrategy: normal, platformName: WINDOWS, proxy: Proxy(), se:cdp: ws://localhost:60081/devtoo..., se:cdpVersion: 103.0.5060.134, setWindowRect: true, strictFileInteractability: false, timeouts: {implicit: 0, pageLoad: 300000, script: 30000}, unhandledPromptBehavior: dismiss and notify, webauthn:extension:credBlob: true, webauthn:extension:largeBlob: true, webauthn:virtualAuthenticators: true}
Session ID: d306c13dc5484950f935e8fa304f8200
22:23:06.964 INFO  tests.TestBase - Start test with name -->>>successLoginDP
22:23:16.991 INFO  tests.TestBase - Test start with email: viktor@gmail.com& password: Vviktor12345$
22:23:16.991 INFO  manager.MyListener - WebDriver start find element -->>>By.xpath: //*[@href='/login?url=%2Fsearch']
